

================================================================
== Vitis HLS Report for 'code_generator_array_dyn_new'
================================================================
* Date:           Tue Oct  8 21:19:29 2024

* Version:        2022.2 (Build 4023990 on Oct 11 2023)
* Project:        DecompressorProject
* Solution:       solution1 (Vivado IP Flow Target)
* Product family: virtexuplus
* Target device:  xcvu11p-flga2577-1-e


================================================================
== Performance Estimates
================================================================
+ Timing: 
    * Summary: 
    +--------+----------+----------+------------+
    |  Clock |  Target  | Estimated| Uncertainty|
    +--------+----------+----------+------------+
    |ap_clk  |  10.00 ns|  2.889 ns|     2.70 ns|
    +--------+----------+----------+------------+

+ Latency: 
    * Summary: 
    +---------+---------+----------+-----------+-----+------+---------+
    |  Latency (cycles) |  Latency (absolute)  |  Interval  | Pipeline|
    |   min   |   max   |    min   |    max    | min |  max |   Type  |
    +---------+---------+----------+-----------+-----+------+---------+
    |       26|     1048|  0.260 us|  10.480 us|   26|  1048|       no|
    +---------+---------+----------+-----------+-----+------+---------+

    + Detail: 
        * Instance: 
        +------------------------------------------------------------+-------------------------------------------------+---------+---------+-----------+----------+-----+-----+---------+
        |                                                            |                                                 |  Latency (cycles) |  Latency (absolute)  |  Interval | Pipeline|
        |                          Instance                          |                      Module                     |   min   |   max   |    min    |    max   | min | max |   Type  |
        +------------------------------------------------------------+-------------------------------------------------+---------+---------+-----------+----------+-----+-----+---------+
        |grp_code_generator_array_dyn_new_Pipeline_cnt_lens_fu_184   |code_generator_array_dyn_new_Pipeline_cnt_lens   |        2|      513|  20.000 ns|  5.130 us|    2|  513|       no|
        |grp_code_generator_array_dyn_new_Pipeline_firstCode_fu_208  |code_generator_array_dyn_new_Pipeline_firstCode  |       17|       17|   0.170 us|  0.170 us|   17|   17|       no|
        |grp_code_generator_array_dyn_new_Pipeline_CodeGen_fu_243    |code_generator_array_dyn_new_Pipeline_CodeGen    |        2|      513|  20.000 ns|  5.130 us|    2|  513|       no|
        +------------------------------------------------------------+-------------------------------------------------+---------+---------+-----------+----------+-----+-----+---------+

        * Loop: 
        N/A

============================================================
+ Verbose Summary: Synthesis Manager
============================================================
InlineROM: 1
ExposeGlobal: 0
============================================================
+ Verbose Summary: CDFG Model
============================================================
IsTopModel: 0
ResetActiveHigh: 1
IsCombinational: 0
IsDatapathOnly: 0
HasWiredReturn: 1
HasMFsm: 0
HasVarLatency: 1
IsPipeline: 0
IsRtlPipelined: 0
IsInstanceOverlapped: 0
IsDontTouch: 0
HasImplIP: 0
IsGatedGlobalClock: 0


============================================================
+ Verbose Summary: Schedule
============================================================
* Number of FSM states : 6
* Pipeline : 0
* Dataflow Pipeline: 0

* FSM state transitions: 
1 --> 2 
2 --> 3 
3 --> 4 
4 --> 5 
5 --> 6 
6 --> 

* FSM state operations: 

State 1 <SV = 0> <Delay = 1.63>
ST_1 : Operation 7 [1/1] (0.00ns)   --->   "%idx_read = read i9 @_ssdm_op_Read.ap_auto.i9, i9 %idx"   --->   Operation 7 'read' 'idx_read' <Predicate = true> <Delay = 0.00>
ST_1 : Operation 8 [1/1] (0.00ns)   --->   "%codes_val_read = read i9 @_ssdm_op_Read.ap_auto.i9, i9 %codes_val"   --->   Operation 8 'read' 'codes_val_read' <Predicate = true> <Delay = 0.00>
ST_1 : Operation 9 [1/1] (0.00ns)   --->   "%firstCode_loc = alloca i64 1"   --->   Operation 9 'alloca' 'firstCode_loc' <Predicate = true> <Delay = 0.00>
ST_1 : Operation 10 [1/1] (0.00ns)   --->   "%firstCode_1_loc = alloca i64 1"   --->   Operation 10 'alloca' 'firstCode_1_loc' <Predicate = true> <Delay = 0.00>
ST_1 : Operation 11 [1/1] (0.00ns)   --->   "%firstCode_2_loc = alloca i64 1"   --->   Operation 11 'alloca' 'firstCode_2_loc' <Predicate = true> <Delay = 0.00>
ST_1 : Operation 12 [1/1] (0.00ns)   --->   "%firstCode_3_loc = alloca i64 1"   --->   Operation 12 'alloca' 'firstCode_3_loc' <Predicate = true> <Delay = 0.00>
ST_1 : Operation 13 [1/1] (0.00ns)   --->   "%firstCode_4_loc = alloca i64 1"   --->   Operation 13 'alloca' 'firstCode_4_loc' <Predicate = true> <Delay = 0.00>
ST_1 : Operation 14 [1/1] (0.00ns)   --->   "%firstCode_5_loc = alloca i64 1"   --->   Operation 14 'alloca' 'firstCode_5_loc' <Predicate = true> <Delay = 0.00>
ST_1 : Operation 15 [1/1] (0.00ns)   --->   "%firstCode_6_loc = alloca i64 1"   --->   Operation 15 'alloca' 'firstCode_6_loc' <Predicate = true> <Delay = 0.00>
ST_1 : Operation 16 [1/1] (0.00ns)   --->   "%firstCode_7_loc = alloca i64 1"   --->   Operation 16 'alloca' 'firstCode_7_loc' <Predicate = true> <Delay = 0.00>
ST_1 : Operation 17 [1/1] (0.00ns)   --->   "%firstCode_8_loc = alloca i64 1"   --->   Operation 17 'alloca' 'firstCode_8_loc' <Predicate = true> <Delay = 0.00>
ST_1 : Operation 18 [1/1] (0.00ns)   --->   "%firstCode_9_loc = alloca i64 1"   --->   Operation 18 'alloca' 'firstCode_9_loc' <Predicate = true> <Delay = 0.00>
ST_1 : Operation 19 [1/1] (0.00ns)   --->   "%firstCode_10_loc = alloca i64 1"   --->   Operation 19 'alloca' 'firstCode_10_loc' <Predicate = true> <Delay = 0.00>
ST_1 : Operation 20 [1/1] (0.00ns)   --->   "%firstCode_11_loc = alloca i64 1"   --->   Operation 20 'alloca' 'firstCode_11_loc' <Predicate = true> <Delay = 0.00>
ST_1 : Operation 21 [1/1] (0.00ns)   --->   "%firstCode_12_loc = alloca i64 1"   --->   Operation 21 'alloca' 'firstCode_12_loc' <Predicate = true> <Delay = 0.00>
ST_1 : Operation 22 [1/1] (0.00ns)   --->   "%firstCode_13_loc = alloca i64 1"   --->   Operation 22 'alloca' 'firstCode_13_loc' <Predicate = true> <Delay = 0.00>
ST_1 : Operation 23 [1/1] (0.00ns)   --->   "%firstCode_14_loc = alloca i64 1"   --->   Operation 23 'alloca' 'firstCode_14_loc' <Predicate = true> <Delay = 0.00>
ST_1 : Operation 24 [1/1] (0.00ns)   --->   "%count_13_loc = alloca i64 1"   --->   Operation 24 'alloca' 'count_13_loc' <Predicate = true> <Delay = 0.00>
ST_1 : Operation 25 [1/1] (0.00ns)   --->   "%count_12_loc = alloca i64 1"   --->   Operation 25 'alloca' 'count_12_loc' <Predicate = true> <Delay = 0.00>
ST_1 : Operation 26 [1/1] (0.00ns)   --->   "%count_11_loc = alloca i64 1"   --->   Operation 26 'alloca' 'count_11_loc' <Predicate = true> <Delay = 0.00>
ST_1 : Operation 27 [1/1] (0.00ns)   --->   "%count_10_loc = alloca i64 1"   --->   Operation 27 'alloca' 'count_10_loc' <Predicate = true> <Delay = 0.00>
ST_1 : Operation 28 [1/1] (0.00ns)   --->   "%count_9_loc = alloca i64 1"   --->   Operation 28 'alloca' 'count_9_loc' <Predicate = true> <Delay = 0.00>
ST_1 : Operation 29 [1/1] (0.00ns)   --->   "%count_8_loc = alloca i64 1"   --->   Operation 29 'alloca' 'count_8_loc' <Predicate = true> <Delay = 0.00>
ST_1 : Operation 30 [1/1] (0.00ns)   --->   "%count_7_loc = alloca i64 1"   --->   Operation 30 'alloca' 'count_7_loc' <Predicate = true> <Delay = 0.00>
ST_1 : Operation 31 [1/1] (0.00ns)   --->   "%count_6_loc = alloca i64 1"   --->   Operation 31 'alloca' 'count_6_loc' <Predicate = true> <Delay = 0.00>
ST_1 : Operation 32 [1/1] (0.00ns)   --->   "%count_5_loc = alloca i64 1"   --->   Operation 32 'alloca' 'count_5_loc' <Predicate = true> <Delay = 0.00>
ST_1 : Operation 33 [1/1] (0.00ns)   --->   "%count_4_loc = alloca i64 1"   --->   Operation 33 'alloca' 'count_4_loc' <Predicate = true> <Delay = 0.00>
ST_1 : Operation 34 [1/1] (0.00ns)   --->   "%count_3_loc = alloca i64 1"   --->   Operation 34 'alloca' 'count_3_loc' <Predicate = true> <Delay = 0.00>
ST_1 : Operation 35 [1/1] (0.00ns)   --->   "%count_2_loc = alloca i64 1"   --->   Operation 35 'alloca' 'count_2_loc' <Predicate = true> <Delay = 0.00>
ST_1 : Operation 36 [1/1] (0.00ns)   --->   "%count_1_loc = alloca i64 1"   --->   Operation 36 'alloca' 'count_1_loc' <Predicate = true> <Delay = 0.00>
ST_1 : Operation 37 [1/1] (0.00ns)   --->   "%count_loc = alloca i64 1"   --->   Operation 37 'alloca' 'count_loc' <Predicate = true> <Delay = 0.00>
ST_1 : Operation 38 [2/2] (1.63ns)   --->   "%call_ln0 = call void @code_generator_array_dyn_new_Pipeline_cnt_lens, i9 %codes_val_read, i9 %idx_read, i5 %lens, i9 %count_loc, i9 %count_1_loc, i9 %count_2_loc, i9 %count_3_loc, i9 %count_4_loc, i9 %count_5_loc, i9 %count_6_loc, i9 %count_7_loc, i9 %count_8_loc, i9 %count_9_loc, i9 %count_10_loc, i9 %count_11_loc, i9 %count_12_loc, i9 %count_13_loc"   --->   Operation 38 'call' 'call_ln0' <Predicate = true> <Delay = 1.63> <CoreType = "Generic">   --->   Core 0 '' <Latency = 0> <II = 1> <Delay = 1.00> <Generic> <Opcode : >

State 2 <SV = 1> <Delay = 1.36>
ST_2 : Operation 39 [1/2] (1.36ns)   --->   "%call_ln0 = call void @code_generator_array_dyn_new_Pipeline_cnt_lens, i9 %codes_val_read, i9 %idx_read, i5 %lens, i9 %count_loc, i9 %count_1_loc, i9 %count_2_loc, i9 %count_3_loc, i9 %count_4_loc, i9 %count_5_loc, i9 %count_6_loc, i9 %count_7_loc, i9 %count_8_loc, i9 %count_9_loc, i9 %count_10_loc, i9 %count_11_loc, i9 %count_12_loc, i9 %count_13_loc"   --->   Operation 39 'call' 'call_ln0' <Predicate = true> <Delay = 1.36> <CoreType = "Generic">   --->   Core 0 '' <Latency = 0> <II = 1> <Delay = 1.00> <Generic> <Opcode : >

State 3 <SV = 2> <Delay = 2.42>
ST_3 : Operation 40 [1/1] (0.00ns)   --->   "%count_loc_load = load i9 %count_loc"   --->   Operation 40 'load' 'count_loc_load' <Predicate = true> <Delay = 0.00>
ST_3 : Operation 41 [1/1] (0.00ns)   --->   "%count_1_loc_load = load i9 %count_1_loc"   --->   Operation 41 'load' 'count_1_loc_load' <Predicate = true> <Delay = 0.00>
ST_3 : Operation 42 [1/1] (0.00ns)   --->   "%count_2_loc_load = load i9 %count_2_loc"   --->   Operation 42 'load' 'count_2_loc_load' <Predicate = true> <Delay = 0.00>
ST_3 : Operation 43 [1/1] (0.00ns)   --->   "%count_3_loc_load = load i9 %count_3_loc"   --->   Operation 43 'load' 'count_3_loc_load' <Predicate = true> <Delay = 0.00>
ST_3 : Operation 44 [1/1] (0.00ns)   --->   "%count_4_loc_load = load i9 %count_4_loc"   --->   Operation 44 'load' 'count_4_loc_load' <Predicate = true> <Delay = 0.00>
ST_3 : Operation 45 [1/1] (0.00ns)   --->   "%count_5_loc_load = load i9 %count_5_loc"   --->   Operation 45 'load' 'count_5_loc_load' <Predicate = true> <Delay = 0.00>
ST_3 : Operation 46 [1/1] (0.00ns)   --->   "%count_6_loc_load = load i9 %count_6_loc"   --->   Operation 46 'load' 'count_6_loc_load' <Predicate = true> <Delay = 0.00>
ST_3 : Operation 47 [1/1] (0.00ns)   --->   "%count_7_loc_load = load i9 %count_7_loc"   --->   Operation 47 'load' 'count_7_loc_load' <Predicate = true> <Delay = 0.00>
ST_3 : Operation 48 [1/1] (0.00ns)   --->   "%count_8_loc_load = load i9 %count_8_loc"   --->   Operation 48 'load' 'count_8_loc_load' <Predicate = true> <Delay = 0.00>
ST_3 : Operation 49 [1/1] (0.00ns)   --->   "%count_9_loc_load = load i9 %count_9_loc"   --->   Operation 49 'load' 'count_9_loc_load' <Predicate = true> <Delay = 0.00>
ST_3 : Operation 50 [1/1] (0.00ns)   --->   "%count_10_loc_load = load i9 %count_10_loc"   --->   Operation 50 'load' 'count_10_loc_load' <Predicate = true> <Delay = 0.00>
ST_3 : Operation 51 [1/1] (0.00ns)   --->   "%count_11_loc_load = load i9 %count_11_loc"   --->   Operation 51 'load' 'count_11_loc_load' <Predicate = true> <Delay = 0.00>
ST_3 : Operation 52 [1/1] (0.00ns)   --->   "%count_12_loc_load = load i9 %count_12_loc"   --->   Operation 52 'load' 'count_12_loc_load' <Predicate = true> <Delay = 0.00>
ST_3 : Operation 53 [1/1] (0.00ns)   --->   "%count_13_loc_load = load i9 %count_13_loc"   --->   Operation 53 'load' 'count_13_loc_load' <Predicate = true> <Delay = 0.00>
ST_3 : Operation 54 [2/2] (2.42ns)   --->   "%call_ln0 = call void @code_generator_array_dyn_new_Pipeline_firstCode, i16 %codeOffsets, i9 %count_13_loc_load, i9 %count_12_loc_load, i9 %count_11_loc_load, i9 %count_10_loc_load, i9 %count_9_loc_load, i9 %count_8_loc_load, i9 %count_7_loc_load, i9 %count_6_loc_load, i9 %count_5_loc_load, i9 %count_4_loc_load, i9 %count_3_loc_load, i9 %count_2_loc_load, i9 %count_1_loc_load, i9 %count_loc_load, i15 %firstCode_14_loc, i15 %firstCode_13_loc, i15 %firstCode_12_loc, i15 %firstCode_11_loc, i15 %firstCode_10_loc, i15 %firstCode_9_loc, i15 %firstCode_8_loc, i15 %firstCode_7_loc, i15 %firstCode_6_loc, i15 %firstCode_5_loc, i15 %firstCode_4_loc, i15 %firstCode_3_loc, i15 %firstCode_2_loc, i15 %firstCode_1_loc, i15 %firstCode_loc"   --->   Operation 54 'call' 'call_ln0' <Predicate = true> <Delay = 2.42> <CoreType = "Generic">   --->   Core 0 '' <Latency = 0> <II = 1> <Delay = 1.00> <Generic> <Opcode : >

State 4 <SV = 3> <Delay = 1.28>
ST_4 : Operation 55 [1/2] (1.28ns)   --->   "%call_ln0 = call void @code_generator_array_dyn_new_Pipeline_firstCode, i16 %codeOffsets, i9 %count_13_loc_load, i9 %count_12_loc_load, i9 %count_11_loc_load, i9 %count_10_loc_load, i9 %count_9_loc_load, i9 %count_8_loc_load, i9 %count_7_loc_load, i9 %count_6_loc_load, i9 %count_5_loc_load, i9 %count_4_loc_load, i9 %count_3_loc_load, i9 %count_2_loc_load, i9 %count_1_loc_load, i9 %count_loc_load, i15 %firstCode_14_loc, i15 %firstCode_13_loc, i15 %firstCode_12_loc, i15 %firstCode_11_loc, i15 %firstCode_10_loc, i15 %firstCode_9_loc, i15 %firstCode_8_loc, i15 %firstCode_7_loc, i15 %firstCode_6_loc, i15 %firstCode_5_loc, i15 %firstCode_4_loc, i15 %firstCode_3_loc, i15 %firstCode_2_loc, i15 %firstCode_1_loc, i15 %firstCode_loc"   --->   Operation 55 'call' 'call_ln0' <Predicate = true> <Delay = 1.28> <CoreType = "Generic">   --->   Core 0 '' <Latency = 0> <II = 1> <Delay = 1.00> <Generic> <Opcode : >

State 5 <SV = 4> <Delay = 1.63>
ST_5 : Operation 56 [1/1] (0.00ns)   --->   "%firstCode_14_loc_load = load i15 %firstCode_14_loc"   --->   Operation 56 'load' 'firstCode_14_loc_load' <Predicate = true> <Delay = 0.00>
ST_5 : Operation 57 [1/1] (0.00ns)   --->   "%firstCode_13_loc_load = load i15 %firstCode_13_loc"   --->   Operation 57 'load' 'firstCode_13_loc_load' <Predicate = true> <Delay = 0.00>
ST_5 : Operation 58 [1/1] (0.00ns)   --->   "%firstCode_12_loc_load = load i15 %firstCode_12_loc"   --->   Operation 58 'load' 'firstCode_12_loc_load' <Predicate = true> <Delay = 0.00>
ST_5 : Operation 59 [1/1] (0.00ns)   --->   "%firstCode_11_loc_load = load i15 %firstCode_11_loc"   --->   Operation 59 'load' 'firstCode_11_loc_load' <Predicate = true> <Delay = 0.00>
ST_5 : Operation 60 [1/1] (0.00ns)   --->   "%firstCode_10_loc_load = load i15 %firstCode_10_loc"   --->   Operation 60 'load' 'firstCode_10_loc_load' <Predicate = true> <Delay = 0.00>
ST_5 : Operation 61 [1/1] (0.00ns)   --->   "%firstCode_9_loc_load = load i15 %firstCode_9_loc"   --->   Operation 61 'load' 'firstCode_9_loc_load' <Predicate = true> <Delay = 0.00>
ST_5 : Operation 62 [1/1] (0.00ns)   --->   "%firstCode_8_loc_load = load i15 %firstCode_8_loc"   --->   Operation 62 'load' 'firstCode_8_loc_load' <Predicate = true> <Delay = 0.00>
ST_5 : Operation 63 [1/1] (0.00ns)   --->   "%firstCode_7_loc_load = load i15 %firstCode_7_loc"   --->   Operation 63 'load' 'firstCode_7_loc_load' <Predicate = true> <Delay = 0.00>
ST_5 : Operation 64 [1/1] (0.00ns)   --->   "%firstCode_6_loc_load = load i15 %firstCode_6_loc"   --->   Operation 64 'load' 'firstCode_6_loc_load' <Predicate = true> <Delay = 0.00>
ST_5 : Operation 65 [1/1] (0.00ns)   --->   "%firstCode_5_loc_load = load i15 %firstCode_5_loc"   --->   Operation 65 'load' 'firstCode_5_loc_load' <Predicate = true> <Delay = 0.00>
ST_5 : Operation 66 [1/1] (0.00ns)   --->   "%firstCode_4_loc_load = load i15 %firstCode_4_loc"   --->   Operation 66 'load' 'firstCode_4_loc_load' <Predicate = true> <Delay = 0.00>
ST_5 : Operation 67 [1/1] (0.00ns)   --->   "%firstCode_3_loc_load = load i15 %firstCode_3_loc"   --->   Operation 67 'load' 'firstCode_3_loc_load' <Predicate = true> <Delay = 0.00>
ST_5 : Operation 68 [1/1] (0.00ns)   --->   "%firstCode_2_loc_load = load i15 %firstCode_2_loc"   --->   Operation 68 'load' 'firstCode_2_loc_load' <Predicate = true> <Delay = 0.00>
ST_5 : Operation 69 [1/1] (0.00ns)   --->   "%firstCode_1_loc_load = load i15 %firstCode_1_loc"   --->   Operation 69 'load' 'firstCode_1_loc_load' <Predicate = true> <Delay = 0.00>
ST_5 : Operation 70 [1/1] (0.00ns)   --->   "%firstCode_loc_load = load i15 %firstCode_loc"   --->   Operation 70 'load' 'firstCode_loc_load' <Predicate = true> <Delay = 0.00>
ST_5 : Operation 71 [2/2] (1.63ns)   --->   "%call_ln0 = call void @code_generator_array_dyn_new_Pipeline_CodeGen, i15 %firstCode_14_loc_load, i15 %firstCode_13_loc_load, i15 %firstCode_12_loc_load, i15 %firstCode_11_loc_load, i15 %firstCode_10_loc_load, i15 %firstCode_9_loc_load, i15 %firstCode_8_loc_load, i15 %firstCode_7_loc_load, i15 %firstCode_6_loc_load, i15 %firstCode_5_loc_load, i15 %firstCode_4_loc_load, i15 %firstCode_3_loc_load, i15 %firstCode_2_loc_load, i15 %firstCode_1_loc_load, i15 %firstCode_loc_load, i9 %codes_val_read, i9 %bl1Codes, i9 %bl2Codes, i9 %bl3Codes, i9 %bl4Codes, i9 %bl5Codes, i9 %bl6Codes, i9 %bl7Codes, i9 %bl8Codes, i9 %bl9Codes, i9 %bl10Codes, i9 %bl11Codes, i9 %bl12Codes, i9 %bl13Codes, i9 %bl14Codes, i9 %bl15Codes, i9 %idx_read, i5 %lens"   --->   Operation 71 'call' 'call_ln0' <Predicate = true> <Delay = 1.63> <CoreType = "Generic">   --->   Core 0 '' <Latency = 0> <II = 1> <Delay = 1.00> <Generic> <Opcode : >

State 6 <SV = 5> <Delay = 0.00>
ST_6 : Operation 72 [1/1] (0.00ns)   --->   "%specmemcore_ln0 = specmemcore void @_ssdm_op_SpecMemCore, i9 %bl15Codes, i64 666, i64 19, i64 18446744073709551615"   --->   Operation 72 'specmemcore' 'specmemcore_ln0' <Predicate = true> <Delay = 0.00>
ST_6 : Operation 73 [1/1] (0.00ns)   --->   "%specmemcore_ln0 = specmemcore void @_ssdm_op_SpecMemCore, i9 %bl14Codes, i64 666, i64 19, i64 18446744073709551615"   --->   Operation 73 'specmemcore' 'specmemcore_ln0' <Predicate = true> <Delay = 0.00>
ST_6 : Operation 74 [1/1] (0.00ns)   --->   "%specmemcore_ln0 = specmemcore void @_ssdm_op_SpecMemCore, i9 %bl13Codes, i64 666, i64 19, i64 18446744073709551615"   --->   Operation 74 'specmemcore' 'specmemcore_ln0' <Predicate = true> <Delay = 0.00>
ST_6 : Operation 75 [1/1] (0.00ns)   --->   "%specmemcore_ln0 = specmemcore void @_ssdm_op_SpecMemCore, i9 %bl12Codes, i64 666, i64 19, i64 18446744073709551615"   --->   Operation 75 'specmemcore' 'specmemcore_ln0' <Predicate = true> <Delay = 0.00>
ST_6 : Operation 76 [1/1] (0.00ns)   --->   "%specmemcore_ln0 = specmemcore void @_ssdm_op_SpecMemCore, i9 %bl11Codes, i64 666, i64 19, i64 18446744073709551615"   --->   Operation 76 'specmemcore' 'specmemcore_ln0' <Predicate = true> <Delay = 0.00>
ST_6 : Operation 77 [1/1] (0.00ns)   --->   "%specmemcore_ln0 = specmemcore void @_ssdm_op_SpecMemCore, i9 %bl10Codes, i64 666, i64 19, i64 18446744073709551615"   --->   Operation 77 'specmemcore' 'specmemcore_ln0' <Predicate = true> <Delay = 0.00>
ST_6 : Operation 78 [1/1] (0.00ns)   --->   "%specmemcore_ln0 = specmemcore void @_ssdm_op_SpecMemCore, i9 %bl9Codes, i64 666, i64 19, i64 18446744073709551615"   --->   Operation 78 'specmemcore' 'specmemcore_ln0' <Predicate = true> <Delay = 0.00>
ST_6 : Operation 79 [1/1] (0.00ns)   --->   "%specmemcore_ln0 = specmemcore void @_ssdm_op_SpecMemCore, i9 %bl8Codes, i64 666, i64 19, i64 18446744073709551615"   --->   Operation 79 'specmemcore' 'specmemcore_ln0' <Predicate = true> <Delay = 0.00>
ST_6 : Operation 80 [1/1] (0.00ns)   --->   "%specmemcore_ln0 = specmemcore void @_ssdm_op_SpecMemCore, i9 %bl7Codes, i64 666, i64 19, i64 18446744073709551615"   --->   Operation 80 'specmemcore' 'specmemcore_ln0' <Predicate = true> <Delay = 0.00>
ST_6 : Operation 81 [1/1] (0.00ns)   --->   "%specmemcore_ln0 = specmemcore void @_ssdm_op_SpecMemCore, i9 %bl6Codes, i64 666, i64 19, i64 18446744073709551615"   --->   Operation 81 'specmemcore' 'specmemcore_ln0' <Predicate = true> <Delay = 0.00>
ST_6 : Operation 82 [1/1] (0.00ns)   --->   "%specmemcore_ln0 = specmemcore void @_ssdm_op_SpecMemCore, i9 %bl5Codes, i64 666, i64 19, i64 18446744073709551615"   --->   Operation 82 'specmemcore' 'specmemcore_ln0' <Predicate = true> <Delay = 0.00>
ST_6 : Operation 83 [1/1] (0.00ns)   --->   "%specmemcore_ln0 = specmemcore void @_ssdm_op_SpecMemCore, i9 %bl4Codes, i64 666, i64 19, i64 18446744073709551615"   --->   Operation 83 'specmemcore' 'specmemcore_ln0' <Predicate = true> <Delay = 0.00>
ST_6 : Operation 84 [1/1] (0.00ns)   --->   "%specmemcore_ln0 = specmemcore void @_ssdm_op_SpecMemCore, i9 %bl3Codes, i64 666, i64 19, i64 18446744073709551615"   --->   Operation 84 'specmemcore' 'specmemcore_ln0' <Predicate = true> <Delay = 0.00>
ST_6 : Operation 85 [1/1] (0.00ns)   --->   "%specmemcore_ln0 = specmemcore void @_ssdm_op_SpecMemCore, i9 %bl2Codes, i64 666, i64 19, i64 18446744073709551615"   --->   Operation 85 'specmemcore' 'specmemcore_ln0' <Predicate = true> <Delay = 0.00>
ST_6 : Operation 86 [1/1] (0.00ns)   --->   "%specmemcore_ln0 = specmemcore void @_ssdm_op_SpecMemCore, i9 %bl1Codes, i64 666, i64 19, i64 18446744073709551615"   --->   Operation 86 'specmemcore' 'specmemcore_ln0' <Predicate = true> <Delay = 0.00>
ST_6 : Operation 87 [1/1] (0.00ns)   --->   "%specmemcore_ln0 = specmemcore void @_ssdm_op_SpecMemCore, i5 %lens, i64 666, i64 19, i64 18446744073709551615"   --->   Operation 87 'specmemcore' 'specmemcore_ln0' <Predicate = true> <Delay = 0.00>
ST_6 : Operation 88 [1/2] (0.00ns)   --->   "%call_ln0 = call void @code_generator_array_dyn_new_Pipeline_CodeGen, i15 %firstCode_14_loc_load, i15 %firstCode_13_loc_load, i15 %firstCode_12_loc_load, i15 %firstCode_11_loc_load, i15 %firstCode_10_loc_load, i15 %firstCode_9_loc_load, i15 %firstCode_8_loc_load, i15 %firstCode_7_loc_load, i15 %firstCode_6_loc_load, i15 %firstCode_5_loc_load, i15 %firstCode_4_loc_load, i15 %firstCode_3_loc_load, i15 %firstCode_2_loc_load, i15 %firstCode_1_loc_load, i15 %firstCode_loc_load, i9 %codes_val_read, i9 %bl1Codes, i9 %bl2Codes, i9 %bl3Codes, i9 %bl4Codes, i9 %bl5Codes, i9 %bl6Codes, i9 %bl7Codes, i9 %bl8Codes, i9 %bl9Codes, i9 %bl10Codes, i9 %bl11Codes, i9 %bl12Codes, i9 %bl13Codes, i9 %bl14Codes, i9 %bl15Codes, i9 %idx_read, i5 %lens"   --->   Operation 88 'call' 'call_ln0' <Predicate = true> <Delay = 0.00> <CoreType = "Generic">   --->   Core 0 '' <Latency = 0> <II = 1> <Delay = 1.00> <Generic> <Opcode : >
ST_6 : Operation 89 [1/1] (0.00ns)   --->   "%ret_ln848 = ret" [/home/giovannic/NN2FPGA-open/work/cc/include/huffman_decoder.hpp:848]   --->   Operation 89 'ret' 'ret_ln848' <Predicate = true> <Delay = 0.00>


============================================================
+ Verbose Summary: Binding
============================================================
STG Binding: 
---------------- STG Properties BEGIN ----------------
- Is combinational: 0
- Is one-state seq: 0
- Is datapath-only: 0
- Is pipelined: 0
- Is top level: 0
Port [ Return ] is wired: 1; IO mode=ap_ctrl_hs:ce=0
Port [ lens]:  wired=1; compound=1; hidden=0; nouse=0; global=0; static=0; extern=0; dir=0; type=1; pingpong=0; private_global=0; MemPort=[1]; IO mode=ap_memory:ce=0
Port [ codes_val]:  wired=1; compound=0; hidden=0; nouse=0; global=0; static=0; extern=0; dir=0; type=0; pingpong=0; private_global=0; IO mode=ap_none:ce=0
Port [ codeOffsets]:  wired=1; compound=1; hidden=0; nouse=0; global=0; static=0; extern=0; dir=1; type=1; pingpong=0; private_global=0; MemPort=[03]; IO mode=ap_memory:ce=0
Port [ bl1Codes]:  wired=1; compound=1; hidden=0; nouse=0; global=0; static=0; extern=0; dir=1; type=1; pingpong=0; private_global=0; MemPort=[0]; IO mode=ap_memory:ce=0
Port [ bl2Codes]:  wired=1; compound=1; hidden=0; nouse=0; global=0; static=0; extern=0; dir=1; type=1; pingpong=0; private_global=0; MemPort=[0]; IO mode=ap_memory:ce=0
Port [ bl3Codes]:  wired=1; compound=1; hidden=0; nouse=0; global=0; static=0; extern=0; dir=1; type=1; pingpong=0; private_global=0; MemPort=[0]; IO mode=ap_memory:ce=0
Port [ bl4Codes]:  wired=1; compound=1; hidden=0; nouse=0; global=0; static=0; extern=0; dir=1; type=1; pingpong=0; private_global=0; MemPort=[0]; IO mode=ap_memory:ce=0
Port [ bl5Codes]:  wired=1; compound=1; hidden=0; nouse=0; global=0; static=0; extern=0; dir=1; type=1; pingpong=0; private_global=0; MemPort=[0]; IO mode=ap_memory:ce=0
Port [ bl6Codes]:  wired=1; compound=1; hidden=0; nouse=0; global=0; static=0; extern=0; dir=1; type=1; pingpong=0; private_global=0; MemPort=[0]; IO mode=ap_memory:ce=0
Port [ bl7Codes]:  wired=1; compound=1; hidden=0; nouse=0; global=0; static=0; extern=0; dir=1; type=1; pingpong=0; private_global=0; MemPort=[0]; IO mode=ap_memory:ce=0
Port [ bl8Codes]:  wired=1; compound=1; hidden=0; nouse=0; global=0; static=0; extern=0; dir=1; type=1; pingpong=0; private_global=0; MemPort=[0]; IO mode=ap_memory:ce=0
Port [ bl9Codes]:  wired=1; compound=1; hidden=0; nouse=0; global=0; static=0; extern=0; dir=1; type=1; pingpong=0; private_global=0; MemPort=[0]; IO mode=ap_memory:ce=0
Port [ bl10Codes]:  wired=1; compound=1; hidden=0; nouse=0; global=0; static=0; extern=0; dir=1; type=1; pingpong=0; private_global=0; MemPort=[0]; IO mode=ap_memory:ce=0
Port [ bl11Codes]:  wired=1; compound=1; hidden=0; nouse=0; global=0; static=0; extern=0; dir=1; type=1; pingpong=0; private_global=0; MemPort=[0]; IO mode=ap_memory:ce=0
Port [ bl12Codes]:  wired=1; compound=1; hidden=0; nouse=0; global=0; static=0; extern=0; dir=1; type=1; pingpong=0; private_global=0; MemPort=[0]; IO mode=ap_memory:ce=0
Port [ bl13Codes]:  wired=1; compound=1; hidden=0; nouse=0; global=0; static=0; extern=0; dir=1; type=1; pingpong=0; private_global=0; MemPort=[0]; IO mode=ap_memory:ce=0
Port [ bl14Codes]:  wired=1; compound=1; hidden=0; nouse=0; global=0; static=0; extern=0; dir=1; type=1; pingpong=0; private_global=0; MemPort=[0]; IO mode=ap_memory:ce=0
Port [ bl15Codes]:  wired=1; compound=1; hidden=0; nouse=0; global=0; static=0; extern=0; dir=1; type=1; pingpong=0; private_global=0; MemPort=[0]; IO mode=ap_memory:ce=0
Port [ idx]:  wired=1; compound=0; hidden=0; nouse=0; global=0; static=0; extern=0; dir=0; type=0; pingpong=0; private_global=0; IO mode=ap_none:ce=0
---------------- STG Properties END ------------------

---------------- Datapath Model BEGIN ----------------

<LifeTime>
<method=bitvector/>
idx_read              (read       ) [ 0011111]
codes_val_read        (read       ) [ 0011111]
firstCode_loc         (alloca     ) [ 0011110]
firstCode_1_loc       (alloca     ) [ 0011110]
firstCode_2_loc       (alloca     ) [ 0011110]
firstCode_3_loc       (alloca     ) [ 0011110]
firstCode_4_loc       (alloca     ) [ 0011110]
firstCode_5_loc       (alloca     ) [ 0011110]
firstCode_6_loc       (alloca     ) [ 0011110]
firstCode_7_loc       (alloca     ) [ 0011110]
firstCode_8_loc       (alloca     ) [ 0011110]
firstCode_9_loc       (alloca     ) [ 0011110]
firstCode_10_loc      (alloca     ) [ 0011110]
firstCode_11_loc      (alloca     ) [ 0011110]
firstCode_12_loc      (alloca     ) [ 0011110]
firstCode_13_loc      (alloca     ) [ 0011110]
firstCode_14_loc      (alloca     ) [ 0011110]
count_13_loc          (alloca     ) [ 0111000]
count_12_loc          (alloca     ) [ 0111000]
count_11_loc          (alloca     ) [ 0111000]
count_10_loc          (alloca     ) [ 0111000]
count_9_loc           (alloca     ) [ 0111000]
count_8_loc           (alloca     ) [ 0111000]
count_7_loc           (alloca     ) [ 0111000]
count_6_loc           (alloca     ) [ 0111000]
count_5_loc           (alloca     ) [ 0111000]
count_4_loc           (alloca     ) [ 0111000]
count_3_loc           (alloca     ) [ 0111000]
count_2_loc           (alloca     ) [ 0111000]
count_1_loc           (alloca     ) [ 0111000]
count_loc             (alloca     ) [ 0111000]
call_ln0              (call       ) [ 0000000]
count_loc_load        (load       ) [ 0000100]
count_1_loc_load      (load       ) [ 0000100]
count_2_loc_load      (load       ) [ 0000100]
count_3_loc_load      (load       ) [ 0000100]
count_4_loc_load      (load       ) [ 0000100]
count_5_loc_load      (load       ) [ 0000100]
count_6_loc_load      (load       ) [ 0000100]
count_7_loc_load      (load       ) [ 0000100]
count_8_loc_load      (load       ) [ 0000100]
count_9_loc_load      (load       ) [ 0000100]
count_10_loc_load     (load       ) [ 0000100]
count_11_loc_load     (load       ) [ 0000100]
count_12_loc_load     (load       ) [ 0000100]
count_13_loc_load     (load       ) [ 0000100]
call_ln0              (call       ) [ 0000000]
firstCode_14_loc_load (load       ) [ 0000001]
firstCode_13_loc_load (load       ) [ 0000001]
firstCode_12_loc_load (load       ) [ 0000001]
firstCode_11_loc_load (load       ) [ 0000001]
firstCode_10_loc_load (load       ) [ 0000001]
firstCode_9_loc_load  (load       ) [ 0000001]
firstCode_8_loc_load  (load       ) [ 0000001]
firstCode_7_loc_load  (load       ) [ 0000001]
firstCode_6_loc_load  (load       ) [ 0000001]
firstCode_5_loc_load  (load       ) [ 0000001]
firstCode_4_loc_load  (load       ) [ 0000001]
firstCode_3_loc_load  (load       ) [ 0000001]
firstCode_2_loc_load  (load       ) [ 0000001]
firstCode_1_loc_load  (load       ) [ 0000001]
firstCode_loc_load    (load       ) [ 0000001]
specmemcore_ln0       (specmemcore) [ 0000000]
specmemcore_ln0       (specmemcore) [ 0000000]
specmemcore_ln0       (specmemcore) [ 0000000]
specmemcore_ln0       (specmemcore) [ 0000000]
specmemcore_ln0       (specmemcore) [ 0000000]
specmemcore_ln0       (specmemcore) [ 0000000]
specmemcore_ln0       (specmemcore) [ 0000000]
specmemcore_ln0       (specmemcore) [ 0000000]
specmemcore_ln0       (specmemcore) [ 0000000]
specmemcore_ln0       (specmemcore) [ 0000000]
specmemcore_ln0       (specmemcore) [ 0000000]
specmemcore_ln0       (specmemcore) [ 0000000]
specmemcore_ln0       (specmemcore) [ 0000000]
specmemcore_ln0       (specmemcore) [ 0000000]
specmemcore_ln0       (specmemcore) [ 0000000]
specmemcore_ln0       (specmemcore) [ 0000000]
call_ln0              (call       ) [ 0000000]
ret_ln848             (ret        ) [ 0000000]
</LifeTime>

<model>

<comp_list>
<comp id="0" class="1000" name="lens">
<pin_list>
<pin id="1" dir="1" index="0" bw="1" slack="0"/>
</pin_list>
<bind>
<StgValue><ssdm name="lens"/><MemPortTyVec>1 </MemPortTyVec>
</StgValue>
</bind>
</comp>

<comp id="2" class="1000" name="codes_val">
<pin_list>
<pin id="3" dir="1" index="0" bw="1" slack="0"/>
</pin_list>
<bind>
<StgValue><ssdm name="codes_val"/></StgValue>
</bind>
</comp>

<comp id="4" class="1000" name="codeOffsets">
<pin_list>
<pin id="5" dir="1" index="0" bw="1" slack="0"/>
</pin_list>
<bind>
<StgValue><ssdm name="codeOffsets"/><MemPortTyVec>0 3 </MemPortTyVec>
</StgValue>
</bind>
</comp>

<comp id="6" class="1000" name="bl1Codes">
<pin_list>
<pin id="7" dir="1" index="0" bw="1" slack="0"/>
</pin_list>
<bind>
<StgValue><ssdm name="bl1Codes"/><MemPortTyVec>0 </MemPortTyVec>
</StgValue>
</bind>
</comp>

<comp id="8" class="1000" name="bl2Codes">
<pin_list>
<pin id="9" dir="1" index="0" bw="1" slack="0"/>
</pin_list>
<bind>
<StgValue><ssdm name="bl2Codes"/><MemPortTyVec>0 </MemPortTyVec>
</StgValue>
</bind>
</comp>

<comp id="10" class="1000" name="bl3Codes">
<pin_list>
<pin id="11" dir="1" index="0" bw="1" slack="0"/>
</pin_list>
<bind>
<StgValue><ssdm name="bl3Codes"/><MemPortTyVec>0 </MemPortTyVec>
</StgValue>
</bind>
</comp>

<comp id="12" class="1000" name="bl4Codes">
<pin_list>
<pin id="13" dir="1" index="0" bw="1" slack="0"/>
</pin_list>
<bind>
<StgValue><ssdm name="bl4Codes"/><MemPortTyVec>0 </MemPortTyVec>
</StgValue>
</bind>
</comp>

<comp id="14" class="1000" name="bl5Codes">
<pin_list>
<pin id="15" dir="1" index="0" bw="1" slack="0"/>
</pin_list>
<bind>
<StgValue><ssdm name="bl5Codes"/><MemPortTyVec>0 </MemPortTyVec>
</StgValue>
</bind>
</comp>

<comp id="16" class="1000" name="bl6Codes">
<pin_list>
<pin id="17" dir="1" index="0" bw="1" slack="0"/>
</pin_list>
<bind>
<StgValue><ssdm name="bl6Codes"/><MemPortTyVec>0 </MemPortTyVec>
</StgValue>
</bind>
</comp>

<comp id="18" class="1000" name="bl7Codes">
<pin_list>
<pin id="19" dir="1" index="0" bw="1" slack="0"/>
</pin_list>
<bind>
<StgValue><ssdm name="bl7Codes"/><MemPortTyVec>0 </MemPortTyVec>
</StgValue>
</bind>
</comp>

<comp id="20" class="1000" name="bl8Codes">
<pin_list>
<pin id="21" dir="1" index="0" bw="1" slack="0"/>
</pin_list>
<bind>
<StgValue><ssdm name="bl8Codes"/><MemPortTyVec>0 </MemPortTyVec>
</StgValue>
</bind>
</comp>

<comp id="22" class="1000" name="bl9Codes">
<pin_list>
<pin id="23" dir="1" index="0" bw="1" slack="0"/>
</pin_list>
<bind>
<StgValue><ssdm name="bl9Codes"/><MemPortTyVec>0 </MemPortTyVec>
</StgValue>
</bind>
</comp>

<comp id="24" class="1000" name="bl10Codes">
<pin_list>
<pin id="25" dir="1" index="0" bw="1" slack="0"/>
</pin_list>
<bind>
<StgValue><ssdm name="bl10Codes"/><MemPortTyVec>0 </MemPortTyVec>
</StgValue>
</bind>
</comp>

<comp id="26" class="1000" name="bl11Codes">
<pin_list>
<pin id="27" dir="1" index="0" bw="1" slack="0"/>
</pin_list>
<bind>
<StgValue><ssdm name="bl11Codes"/><MemPortTyVec>0 </MemPortTyVec>
</StgValue>
</bind>
</comp>

<comp id="28" class="1000" name="bl12Codes">
<pin_list>
<pin id="29" dir="1" index="0" bw="1" slack="0"/>
</pin_list>
<bind>
<StgValue><ssdm name="bl12Codes"/><MemPortTyVec>0 </MemPortTyVec>
</StgValue>
</bind>
</comp>

<comp id="30" class="1000" name="bl13Codes">
<pin_list>
<pin id="31" dir="1" index="0" bw="1" slack="0"/>
</pin_list>
<bind>
<StgValue><ssdm name="bl13Codes"/><MemPortTyVec>0 </MemPortTyVec>
</StgValue>
</bind>
</comp>

<comp id="32" class="1000" name="bl14Codes">
<pin_list>
<pin id="33" dir="1" index="0" bw="1" slack="0"/>
</pin_list>
<bind>
<StgValue><ssdm name="bl14Codes"/><MemPortTyVec>0 </MemPortTyVec>
</StgValue>
</bind>
</comp>

<comp id="34" class="1000" name="bl15Codes">
<pin_list>
<pin id="35" dir="1" index="0" bw="1" slack="0"/>
</pin_list>
<bind>
<StgValue><ssdm name="bl15Codes"/><MemPortTyVec>0 </MemPortTyVec>
</StgValue>
</bind>
</comp>

<comp id="36" class="1000" name="idx">
<pin_list>
<pin id="37" dir="1" index="0" bw="1" slack="0"/>
</pin_list>
<bind>
<StgValue><ssdm name="idx"/></StgValue>
</bind>
</comp>

<comp id="38" class="1001" name="const_38">
<pin_list>
<pin id="39" dir="1" index="0" bw="1" slack="0"/>
</pin_list>
<bind>
<StgValue><ssdm name="_ssdm_op_Read.ap_auto.i9"/></StgValue>
</bind>
</comp>

<comp id="40" class="1001" name="const_40">
<pin_list>
<pin id="41" dir="1" index="0" bw="1" slack="0"/>
</pin_list>
<bind>
<StgValue><ssdm name=""/></StgValue>
</bind>
</comp>

<comp id="42" class="1001" name="const_42">
<pin_list>
<pin id="43" dir="1" index="0" bw="1" slack="0"/>
</pin_list>
<bind>
<StgValue><ssdm name="code_generator_array_dyn_new_Pipeline_cnt_lens"/></StgValue>
</bind>
</comp>

<comp id="44" class="1001" name="const_44">
<pin_list>
<pin id="45" dir="1" index="0" bw="1" slack="0"/>
</pin_list>
<bind>
<StgValue><ssdm name="code_generator_array_dyn_new_Pipeline_firstCode"/></StgValue>
</bind>
</comp>

<comp id="46" class="1001" name="const_46">
<pin_list>
<pin id="47" dir="1" index="0" bw="1" slack="0"/>
</pin_list>
<bind>
<StgValue><ssdm name="code_generator_array_dyn_new_Pipeline_CodeGen"/></StgValue>
</bind>
</comp>

<comp id="48" class="1001" name="const_48">
<pin_list>
<pin id="49" dir="1" index="0" bw="1" slack="2147483647"/>
</pin_list>
<bind>
<StgValue><ssdm name="_ssdm_op_SpecMemCore"/></StgValue>
</bind>
</comp>

<comp id="50" class="1001" name="const_50">
<pin_list>
<pin id="51" dir="1" index="0" bw="1" slack="2147483647"/>
</pin_list>
<bind>
<StgValue><ssdm name=""/></StgValue>
</bind>
</comp>

<comp id="52" class="1001" name="const_52">
<pin_list>
<pin id="53" dir="1" index="0" bw="1" slack="2147483647"/>
</pin_list>
<bind>
<StgValue><ssdm name=""/></StgValue>
</bind>
</comp>

<comp id="54" class="1001" name="const_54">
<pin_list>
<pin id="55" dir="1" index="0" bw="1" slack="2147483647"/>
</pin_list>
<bind>
<StgValue><ssdm name=""/></StgValue>
</bind>
</comp>

<comp id="56" class="1004" name="firstCode_loc_fu_56">
<pin_list>
<pin id="57" dir="0" index="0" bw="1" slack="0"/>
<pin id="58" dir="1" index="1" bw="15" slack="2"/>
</pin_list>
<bind>
<opcode="alloca(26) " fcode="alloca"/>
<opset="firstCode_loc/1 "/>
</bind>
</comp>

<comp id="60" class="1004" name="firstCode_1_loc_fu_60">
<pin_list>
<pin id="61" dir="0" index="0" bw="1" slack="0"/>
<pin id="62" dir="1" index="1" bw="15" slack="2"/>
</pin_list>
<bind>
<opcode="alloca(26) " fcode="alloca"/>
<opset="firstCode_1_loc/1 "/>
</bind>
</comp>

<comp id="64" class="1004" name="firstCode_2_loc_fu_64">
<pin_list>
<pin id="65" dir="0" index="0" bw="1" slack="0"/>
<pin id="66" dir="1" index="1" bw="15" slack="2"/>
</pin_list>
<bind>
<opcode="alloca(26) " fcode="alloca"/>
<opset="firstCode_2_loc/1 "/>
</bind>
</comp>

<comp id="68" class="1004" name="firstCode_3_loc_fu_68">
<pin_list>
<pin id="69" dir="0" index="0" bw="1" slack="0"/>
<pin id="70" dir="1" index="1" bw="15" slack="2"/>
</pin_list>
<bind>
<opcode="alloca(26) " fcode="alloca"/>
<opset="firstCode_3_loc/1 "/>
</bind>
</comp>

<comp id="72" class="1004" name="firstCode_4_loc_fu_72">
<pin_list>
<pin id="73" dir="0" index="0" bw="1" slack="0"/>
<pin id="74" dir="1" index="1" bw="15" slack="2"/>
</pin_list>
<bind>
<opcode="alloca(26) " fcode="alloca"/>
<opset="firstCode_4_loc/1 "/>
</bind>
</comp>

<comp id="76" class="1004" name="firstCode_5_loc_fu_76">
<pin_list>
<pin id="77" dir="0" index="0" bw="1" slack="0"/>
<pin id="78" dir="1" index="1" bw="15" slack="2"/>
</pin_list>
<bind>
<opcode="alloca(26) " fcode="alloca"/>
<opset="firstCode_5_loc/1 "/>
</bind>
</comp>

<comp id="80" class="1004" name="firstCode_6_loc_fu_80">
<pin_list>
<pin id="81" dir="0" index="0" bw="1" slack="0"/>
<pin id="82" dir="1" index="1" bw="15" slack="2"/>
</pin_list>
<bind>
<opcode="alloca(26) " fcode="alloca"/>
<opset="firstCode_6_loc/1 "/>
</bind>
</comp>

<comp id="84" class="1004" name="firstCode_7_loc_fu_84">
<pin_list>
<pin id="85" dir="0" index="0" bw="1" slack="0"/>
<pin id="86" dir="1" index="1" bw="15" slack="2"/>
</pin_list>
<bind>
<opcode="alloca(26) " fcode="alloca"/>
<opset="firstCode_7_loc/1 "/>
</bind>
</comp>

<comp id="88" class="1004" name="firstCode_8_loc_fu_88">
<pin_list>
<pin id="89" dir="0" index="0" bw="1" slack="0"/>
<pin id="90" dir="1" index="1" bw="15" slack="2"/>
</pin_list>
<bind>
<opcode="alloca(26) " fcode="alloca"/>
<opset="firstCode_8_loc/1 "/>
</bind>
</comp>

<comp id="92" class="1004" name="firstCode_9_loc_fu_92">
<pin_list>
<pin id="93" dir="0" index="0" bw="1" slack="0"/>
<pin id="94" dir="1" index="1" bw="15" slack="2"/>
</pin_list>
<bind>
<opcode="alloca(26) " fcode="alloca"/>
<opset="firstCode_9_loc/1 "/>
</bind>
</comp>

<comp id="96" class="1004" name="firstCode_10_loc_fu_96">
<pin_list>
<pin id="97" dir="0" index="0" bw="1" slack="0"/>
<pin id="98" dir="1" index="1" bw="15" slack="2"/>
</pin_list>
<bind>
<opcode="alloca(26) " fcode="alloca"/>
<opset="firstCode_10_loc/1 "/>
</bind>
</comp>

<comp id="100" class="1004" name="firstCode_11_loc_fu_100">
<pin_list>
<pin id="101" dir="0" index="0" bw="1" slack="0"/>
<pin id="102" dir="1" index="1" bw="15" slack="2"/>
</pin_list>
<bind>
<opcode="alloca(26) " fcode="alloca"/>
<opset="firstCode_11_loc/1 "/>
</bind>
</comp>

<comp id="104" class="1004" name="firstCode_12_loc_fu_104">
<pin_list>
<pin id="105" dir="0" index="0" bw="1" slack="0"/>
<pin id="106" dir="1" index="1" bw="15" slack="2"/>
</pin_list>
<bind>
<opcode="alloca(26) " fcode="alloca"/>
<opset="firstCode_12_loc/1 "/>
</bind>
</comp>

<comp id="108" class="1004" name="firstCode_13_loc_fu_108">
<pin_list>
<pin id="109" dir="0" index="0" bw="1" slack="0"/>
<pin id="110" dir="1" index="1" bw="15" slack="2"/>
</pin_list>
<bind>
<opcode="alloca(26) " fcode="alloca"/>
<opset="firstCode_13_loc/1 "/>
</bind>
</comp>

<comp id="112" class="1004" name="firstCode_14_loc_fu_112">
<pin_list>
<pin id="113" dir="0" index="0" bw="1" slack="0"/>
<pin id="114" dir="1" index="1" bw="15" slack="2"/>
</pin_list>
<bind>
<opcode="alloca(26) " fcode="alloca"/>
<opset="firstCode_14_loc/1 "/>
</bind>
</comp>

<comp id="116" class="1004" name="count_13_loc_fu_116">
<pin_list>
<pin id="117" dir="0" index="0" bw="1" slack="0"/>
<pin id="118" dir="1" index="1" bw="9" slack="0"/>
</pin_list>
<bind>
<opcode="alloca(26) " fcode="alloca"/>
<opset="count_13_loc/1 "/>
</bind>
</comp>

<comp id="120" class="1004" name="count_12_loc_fu_120">
<pin_list>
<pin id="121" dir="0" index="0" bw="1" slack="0"/>
<pin id="122" dir="1" index="1" bw="9" slack="0"/>
</pin_list>
<bind>
<opcode="alloca(26) " fcode="alloca"/>
<opset="count_12_loc/1 "/>
</bind>
</comp>

<comp id="124" class="1004" name="count_11_loc_fu_124">
<pin_list>
<pin id="125" dir="0" index="0" bw="1" slack="0"/>
<pin id="126" dir="1" index="1" bw="9" slack="0"/>
</pin_list>
<bind>
<opcode="alloca(26) " fcode="alloca"/>
<opset="count_11_loc/1 "/>
</bind>
</comp>

<comp id="128" class="1004" name="count_10_loc_fu_128">
<pin_list>
<pin id="129" dir="0" index="0" bw="1" slack="0"/>
<pin id="130" dir="1" index="1" bw="9" slack="0"/>
</pin_list>
<bind>
<opcode="alloca(26) " fcode="alloca"/>
<opset="count_10_loc/1 "/>
</bind>
</comp>

<comp id="132" class="1004" name="count_9_loc_fu_132">
<pin_list>
<pin id="133" dir="0" index="0" bw="1" slack="0"/>
<pin id="134" dir="1" index="1" bw="9" slack="0"/>
</pin_list>
<bind>
<opcode="alloca(26) " fcode="alloca"/>
<opset="count_9_loc/1 "/>
</bind>
</comp>

<comp id="136" class="1004" name="count_8_loc_fu_136">
<pin_list>
<pin id="137" dir="0" index="0" bw="1" slack="0"/>
<pin id="138" dir="1" index="1" bw="9" slack="0"/>
</pin_list>
<bind>
<opcode="alloca(26) " fcode="alloca"/>
<opset="count_8_loc/1 "/>
</bind>
</comp>

<comp id="140" class="1004" name="count_7_loc_fu_140">
<pin_list>
<pin id="141" dir="0" index="0" bw="1" slack="0"/>
<pin id="142" dir="1" index="1" bw="9" slack="0"/>
</pin_list>
<bind>
<opcode="alloca(26) " fcode="alloca"/>
<opset="count_7_loc/1 "/>
</bind>
</comp>

<comp id="144" class="1004" name="count_6_loc_fu_144">
<pin_list>
<pin id="145" dir="0" index="0" bw="1" slack="0"/>
<pin id="146" dir="1" index="1" bw="9" slack="0"/>
</pin_list>
<bind>
<opcode="alloca(26) " fcode="alloca"/>
<opset="count_6_loc/1 "/>
</bind>
</comp>

<comp id="148" class="1004" name="count_5_loc_fu_148">
<pin_list>
<pin id="149" dir="0" index="0" bw="1" slack="0"/>
<pin id="150" dir="1" index="1" bw="9" slack="0"/>
</pin_list>
<bind>
<opcode="alloca(26) " fcode="alloca"/>
<opset="count_5_loc/1 "/>
</bind>
</comp>

<comp id="152" class="1004" name="count_4_loc_fu_152">
<pin_list>
<pin id="153" dir="0" index="0" bw="1" slack="0"/>
<pin id="154" dir="1" index="1" bw="9" slack="0"/>
</pin_list>
<bind>
<opcode="alloca(26) " fcode="alloca"/>
<opset="count_4_loc/1 "/>
</bind>
</comp>

<comp id="156" class="1004" name="count_3_loc_fu_156">
<pin_list>
<pin id="157" dir="0" index="0" bw="1" slack="0"/>
<pin id="158" dir="1" index="1" bw="9" slack="0"/>
</pin_list>
<bind>
<opcode="alloca(26) " fcode="alloca"/>
<opset="count_3_loc/1 "/>
</bind>
</comp>

<comp id="160" class="1004" name="count_2_loc_fu_160">
<pin_list>
<pin id="161" dir="0" index="0" bw="1" slack="0"/>
<pin id="162" dir="1" index="1" bw="9" slack="0"/>
</pin_list>
<bind>
<opcode="alloca(26) " fcode="alloca"/>
<opset="count_2_loc/1 "/>
</bind>
</comp>

<comp id="164" class="1004" name="count_1_loc_fu_164">
<pin_list>
<pin id="165" dir="0" index="0" bw="1" slack="0"/>
<pin id="166" dir="1" index="1" bw="9" slack="0"/>
</pin_list>
<bind>
<opcode="alloca(26) " fcode="alloca"/>
<opset="count_1_loc/1 "/>
</bind>
</comp>

<comp id="168" class="1004" name="count_loc_fu_168">
<pin_list>
<pin id="169" dir="0" index="0" bw="1" slack="0"/>
<pin id="170" dir="1" index="1" bw="9" slack="0"/>
</pin_list>
<bind>
<opcode="alloca(26) " fcode="alloca"/>
<opset="count_loc/1 "/>
</bind>
</comp>

<comp id="172" class="1004" name="idx_read_read_fu_172">
<pin_list>
<pin id="173" dir="0" index="0" bw="9" slack="0"/>
<pin id="174" dir="0" index="1" bw="9" slack="0"/>
<pin id="175" dir="1" index="2" bw="9" slack="0"/>
</pin_list>
<bind>
<opcode="read(1150) " fcode="read"/>
<opset="idx_read/1 "/>
</bind>
</comp>

<comp id="178" class="1004" name="codes_val_read_read_fu_178">
<pin_list>
<pin id="179" dir="0" index="0" bw="9" slack="0"/>
<pin id="180" dir="0" index="1" bw="9" slack="0"/>
<pin id="181" dir="1" index="2" bw="9" slack="0"/>
</pin_list>
<bind>
<opcode="read(1150) " fcode="read"/>
<opset="codes_val_read/1 "/>
</bind>
</comp>

<comp id="184" class="1004" name="grp_code_generator_array_dyn_new_Pipeline_cnt_lens_fu_184">
<pin_list>
<pin id="185" dir="0" index="0" bw="0" slack="0"/>
<pin id="186" dir="0" index="1" bw="9" slack="0"/>
<pin id="187" dir="0" index="2" bw="9" slack="0"/>
<pin id="188" dir="0" index="3" bw="5" slack="0"/>
<pin id="189" dir="0" index="4" bw="9" slack="0"/>
<pin id="190" dir="0" index="5" bw="9" slack="0"/>
<pin id="191" dir="0" index="6" bw="9" slack="0"/>
<pin id="192" dir="0" index="7" bw="9" slack="0"/>
<pin id="193" dir="0" index="8" bw="9" slack="0"/>
<pin id="194" dir="0" index="9" bw="9" slack="0"/>
<pin id="195" dir="0" index="10" bw="9" slack="0"/>
<pin id="196" dir="0" index="11" bw="9" slack="0"/>
<pin id="197" dir="0" index="12" bw="9" slack="0"/>
<pin id="198" dir="0" index="13" bw="9" slack="0"/>
<pin id="199" dir="0" index="14" bw="9" slack="0"/>
<pin id="200" dir="0" index="15" bw="9" slack="0"/>
<pin id="201" dir="0" index="16" bw="9" slack="0"/>
<pin id="202" dir="0" index="17" bw="9" slack="0"/>
<pin id="203" dir="1" index="18" bw="0" slack="2147483647"/>
</pin_list>
<bind>
<opcode="call(48) " fcode="call"/>
<opset="call_ln0/1 "/>
</bind>
</comp>

<comp id="208" class="1004" name="grp_code_generator_array_dyn_new_Pipeline_firstCode_fu_208">
<pin_list>
<pin id="209" dir="0" index="0" bw="0" slack="0"/>
<pin id="210" dir="0" index="1" bw="16" slack="0"/>
<pin id="211" dir="0" index="2" bw="9" slack="0"/>
<pin id="212" dir="0" index="3" bw="9" slack="0"/>
<pin id="213" dir="0" index="4" bw="9" slack="0"/>
<pin id="214" dir="0" index="5" bw="9" slack="0"/>
<pin id="215" dir="0" index="6" bw="9" slack="0"/>
<pin id="216" dir="0" index="7" bw="9" slack="0"/>
<pin id="217" dir="0" index="8" bw="9" slack="0"/>
<pin id="218" dir="0" index="9" bw="9" slack="0"/>
<pin id="219" dir="0" index="10" bw="9" slack="0"/>
<pin id="220" dir="0" index="11" bw="9" slack="0"/>
<pin id="221" dir="0" index="12" bw="9" slack="0"/>
<pin id="222" dir="0" index="13" bw="9" slack="0"/>
<pin id="223" dir="0" index="14" bw="9" slack="0"/>
<pin id="224" dir="0" index="15" bw="9" slack="0"/>
<pin id="225" dir="0" index="16" bw="15" slack="2"/>
<pin id="226" dir="0" index="17" bw="15" slack="2"/>
<pin id="227" dir="0" index="18" bw="15" slack="2"/>
<pin id="228" dir="0" index="19" bw="15" slack="2"/>
<pin id="229" dir="0" index="20" bw="15" slack="2"/>
<pin id="230" dir="0" index="21" bw="15" slack="2"/>
<pin id="231" dir="0" index="22" bw="15" slack="2"/>
<pin id="232" dir="0" index="23" bw="15" slack="2"/>
<pin id="233" dir="0" index="24" bw="15" slack="2"/>
<pin id="234" dir="0" index="25" bw="15" slack="2"/>
<pin id="235" dir="0" index="26" bw="15" slack="2"/>
<pin id="236" dir="0" index="27" bw="15" slack="2"/>
<pin id="237" dir="0" index="28" bw="15" slack="2"/>
<pin id="238" dir="0" index="29" bw="15" slack="2"/>
<pin id="239" dir="0" index="30" bw="15" slack="2"/>
<pin id="240" dir="1" index="31" bw="0" slack="2147483647"/>
</pin_list>
<bind>
<opcode="call(48) " fcode="call"/>
<opset="call_ln0/3 "/>
</bind>
</comp>

<comp id="243" class="1004" name="grp_code_generator_array_dyn_new_Pipeline_CodeGen_fu_243">
<pin_list>
<pin id="244" dir="0" index="0" bw="0" slack="0"/>
<pin id="245" dir="0" index="1" bw="15" slack="0"/>
<pin id="246" dir="0" index="2" bw="15" slack="0"/>
<pin id="247" dir="0" index="3" bw="15" slack="0"/>
<pin id="248" dir="0" index="4" bw="15" slack="0"/>
<pin id="249" dir="0" index="5" bw="15" slack="0"/>
<pin id="250" dir="0" index="6" bw="15" slack="0"/>
<pin id="251" dir="0" index="7" bw="15" slack="0"/>
<pin id="252" dir="0" index="8" bw="15" slack="0"/>
<pin id="253" dir="0" index="9" bw="15" slack="0"/>
<pin id="254" dir="0" index="10" bw="15" slack="0"/>
<pin id="255" dir="0" index="11" bw="15" slack="0"/>
<pin id="256" dir="0" index="12" bw="15" slack="0"/>
<pin id="257" dir="0" index="13" bw="15" slack="0"/>
<pin id="258" dir="0" index="14" bw="15" slack="0"/>
<pin id="259" dir="0" index="15" bw="15" slack="0"/>
<pin id="260" dir="0" index="16" bw="9" slack="4"/>
<pin id="261" dir="0" index="17" bw="9" slack="0"/>
<pin id="262" dir="0" index="18" bw="9" slack="0"/>
<pin id="263" dir="0" index="19" bw="9" slack="0"/>
<pin id="264" dir="0" index="20" bw="9" slack="0"/>
<pin id="265" dir="0" index="21" bw="9" slack="0"/>
<pin id="266" dir="0" index="22" bw="9" slack="0"/>
<pin id="267" dir="0" index="23" bw="9" slack="0"/>
<pin id="268" dir="0" index="24" bw="9" slack="0"/>
<pin id="269" dir="0" index="25" bw="9" slack="0"/>
<pin id="270" dir="0" index="26" bw="9" slack="0"/>
<pin id="271" dir="0" index="27" bw="9" slack="0"/>
<pin id="272" dir="0" index="28" bw="9" slack="0"/>
<pin id="273" dir="0" index="29" bw="9" slack="0"/>
<pin id="274" dir="0" index="30" bw="9" slack="0"/>
<pin id="275" dir="0" index="31" bw="9" slack="0"/>
<pin id="276" dir="0" index="32" bw="9" slack="4"/>
<pin id="277" dir="0" index="33" bw="5" slack="0"/>
<pin id="278" dir="1" index="34" bw="0" slack="2147483647"/>
</pin_list>
<bind>
<opcode="call(48) " fcode="call"/>
<opset="call_ln0/5 "/>
</bind>
</comp>

<comp id="296" class="1004" name="count_loc_load_load_fu_296">
<pin_list>
<pin id="297" dir="0" index="0" bw="9" slack="2"/>
<pin id="298" dir="1" index="1" bw="9" slack="0"/>
</pin_list>
<bind>
<opcode="load(27) " fcode="load"/>
<opset="count_loc_load/3 "/>
</bind>
</comp>

<comp id="300" class="1004" name="count_1_loc_load_load_fu_300">
<pin_list>
<pin id="301" dir="0" index="0" bw="9" slack="2"/>
<pin id="302" dir="1" index="1" bw="9" slack="0"/>
</pin_list>
<bind>
<opcode="load(27) " fcode="load"/>
<opset="count_1_loc_load/3 "/>
</bind>
</comp>

<comp id="304" class="1004" name="count_2_loc_load_load_fu_304">
<pin_list>
<pin id="305" dir="0" index="0" bw="9" slack="2"/>
<pin id="306" dir="1" index="1" bw="9" slack="0"/>
</pin_list>
<bind>
<opcode="load(27) " fcode="load"/>
<opset="count_2_loc_load/3 "/>
</bind>
</comp>

<comp id="308" class="1004" name="count_3_loc_load_load_fu_308">
<pin_list>
<pin id="309" dir="0" index="0" bw="9" slack="2"/>
<pin id="310" dir="1" index="1" bw="9" slack="0"/>
</pin_list>
<bind>
<opcode="load(27) " fcode="load"/>
<opset="count_3_loc_load/3 "/>
</bind>
</comp>

<comp id="312" class="1004" name="count_4_loc_load_load_fu_312">
<pin_list>
<pin id="313" dir="0" index="0" bw="9" slack="2"/>
<pin id="314" dir="1" index="1" bw="9" slack="0"/>
</pin_list>
<bind>
<opcode="load(27) " fcode="load"/>
<opset="count_4_loc_load/3 "/>
</bind>
</comp>

<comp id="316" class="1004" name="count_5_loc_load_load_fu_316">
<pin_list>
<pin id="317" dir="0" index="0" bw="9" slack="2"/>
<pin id="318" dir="1" index="1" bw="9" slack="0"/>
</pin_list>
<bind>
<opcode="load(27) " fcode="load"/>
<opset="count_5_loc_load/3 "/>
</bind>
</comp>

<comp id="320" class="1004" name="count_6_loc_load_load_fu_320">
<pin_list>
<pin id="321" dir="0" index="0" bw="9" slack="2"/>
<pin id="322" dir="1" index="1" bw="9" slack="0"/>
</pin_list>
<bind>
<opcode="load(27) " fcode="load"/>
<opset="count_6_loc_load/3 "/>
</bind>
</comp>

<comp id="324" class="1004" name="count_7_loc_load_load_fu_324">
<pin_list>
<pin id="325" dir="0" index="0" bw="9" slack="2"/>
<pin id="326" dir="1" index="1" bw="9" slack="0"/>
</pin_list>
<bind>
<opcode="load(27) " fcode="load"/>
<opset="count_7_loc_load/3 "/>
</bind>
</comp>

<comp id="328" class="1004" name="count_8_loc_load_load_fu_328">
<pin_list>
<pin id="329" dir="0" index="0" bw="9" slack="2"/>
<pin id="330" dir="1" index="1" bw="9" slack="0"/>
</pin_list>
<bind>
<opcode="load(27) " fcode="load"/>
<opset="count_8_loc_load/3 "/>
</bind>
</comp>

<comp id="332" class="1004" name="count_9_loc_load_load_fu_332">
<pin_list>
<pin id="333" dir="0" index="0" bw="9" slack="2"/>
<pin id="334" dir="1" index="1" bw="9" slack="0"/>
</pin_list>
<bind>
<opcode="load(27) " fcode="load"/>
<opset="count_9_loc_load/3 "/>
</bind>
</comp>

<comp id="336" class="1004" name="count_10_loc_load_load_fu_336">
<pin_list>
<pin id="337" dir="0" index="0" bw="9" slack="2"/>
<pin id="338" dir="1" index="1" bw="9" slack="0"/>
</pin_list>
<bind>
<opcode="load(27) " fcode="load"/>
<opset="count_10_loc_load/3 "/>
</bind>
</comp>

<comp id="340" class="1004" name="count_11_loc_load_load_fu_340">
<pin_list>
<pin id="341" dir="0" index="0" bw="9" slack="2"/>
<pin id="342" dir="1" index="1" bw="9" slack="0"/>
</pin_list>
<bind>
<opcode="load(27) " fcode="load"/>
<opset="count_11_loc_load/3 "/>
</bind>
</comp>

<comp id="344" class="1004" name="count_12_loc_load_load_fu_344">
<pin_list>
<pin id="345" dir="0" index="0" bw="9" slack="2"/>
<pin id="346" dir="1" index="1" bw="9" slack="0"/>
</pin_list>
<bind>
<opcode="load(27) " fcode="load"/>
<opset="count_12_loc_load/3 "/>
</bind>
</comp>

<comp id="348" class="1004" name="count_13_loc_load_load_fu_348">
<pin_list>
<pin id="349" dir="0" index="0" bw="9" slack="2"/>
<pin id="350" dir="1" index="1" bw="9" slack="0"/>
</pin_list>
<bind>
<opcode="load(27) " fcode="load"/>
<opset="count_13_loc_load/3 "/>
</bind>
</comp>

<comp id="352" class="1004" name="firstCode_14_loc_load_load_fu_352">
<pin_list>
<pin id="353" dir="0" index="0" bw="15" slack="4"/>
<pin id="354" dir="1" index="1" bw="15" slack="0"/>
</pin_list>
<bind>
<opcode="load(27) " fcode="load"/>
<opset="firstCode_14_loc_load/5 "/>
</bind>
</comp>

<comp id="356" class="1004" name="firstCode_13_loc_load_load_fu_356">
<pin_list>
<pin id="357" dir="0" index="0" bw="15" slack="4"/>
<pin id="358" dir="1" index="1" bw="15" slack="0"/>
</pin_list>
<bind>
<opcode="load(27) " fcode="load"/>
<opset="firstCode_13_loc_load/5 "/>
</bind>
</comp>

<comp id="360" class="1004" name="firstCode_12_loc_load_load_fu_360">
<pin_list>
<pin id="361" dir="0" index="0" bw="15" slack="4"/>
<pin id="362" dir="1" index="1" bw="15" slack="0"/>
</pin_list>
<bind>
<opcode="load(27) " fcode="load"/>
<opset="firstCode_12_loc_load/5 "/>
</bind>
</comp>

<comp id="364" class="1004" name="firstCode_11_loc_load_load_fu_364">
<pin_list>
<pin id="365" dir="0" index="0" bw="15" slack="4"/>
<pin id="366" dir="1" index="1" bw="15" slack="0"/>
</pin_list>
<bind>
<opcode="load(27) " fcode="load"/>
<opset="firstCode_11_loc_load/5 "/>
</bind>
</comp>

<comp id="368" class="1004" name="firstCode_10_loc_load_load_fu_368">
<pin_list>
<pin id="369" dir="0" index="0" bw="15" slack="4"/>
<pin id="370" dir="1" index="1" bw="15" slack="0"/>
</pin_list>
<bind>
<opcode="load(27) " fcode="load"/>
<opset="firstCode_10_loc_load/5 "/>
</bind>
</comp>

<comp id="372" class="1004" name="firstCode_9_loc_load_load_fu_372">
<pin_list>
<pin id="373" dir="0" index="0" bw="15" slack="4"/>
<pin id="374" dir="1" index="1" bw="15" slack="0"/>
</pin_list>
<bind>
<opcode="load(27) " fcode="load"/>
<opset="firstCode_9_loc_load/5 "/>
</bind>
</comp>

<comp id="376" class="1004" name="firstCode_8_loc_load_load_fu_376">
<pin_list>
<pin id="377" dir="0" index="0" bw="15" slack="4"/>
<pin id="378" dir="1" index="1" bw="15" slack="0"/>
</pin_list>
<bind>
<opcode="load(27) " fcode="load"/>
<opset="firstCode_8_loc_load/5 "/>
</bind>
</comp>

<comp id="380" class="1004" name="firstCode_7_loc_load_load_fu_380">
<pin_list>
<pin id="381" dir="0" index="0" bw="15" slack="4"/>
<pin id="382" dir="1" index="1" bw="15" slack="0"/>
</pin_list>
<bind>
<opcode="load(27) " fcode="load"/>
<opset="firstCode_7_loc_load/5 "/>
</bind>
</comp>

<comp id="384" class="1004" name="firstCode_6_loc_load_load_fu_384">
<pin_list>
<pin id="385" dir="0" index="0" bw="15" slack="4"/>
<pin id="386" dir="1" index="1" bw="15" slack="0"/>
</pin_list>
<bind>
<opcode="load(27) " fcode="load"/>
<opset="firstCode_6_loc_load/5 "/>
</bind>
</comp>

<comp id="388" class="1004" name="firstCode_5_loc_load_load_fu_388">
<pin_list>
<pin id="389" dir="0" index="0" bw="15" slack="4"/>
<pin id="390" dir="1" index="1" bw="15" slack="0"/>
</pin_list>
<bind>
<opcode="load(27) " fcode="load"/>
<opset="firstCode_5_loc_load/5 "/>
</bind>
</comp>

<comp id="392" class="1004" name="firstCode_4_loc_load_load_fu_392">
<pin_list>
<pin id="393" dir="0" index="0" bw="15" slack="4"/>
<pin id="394" dir="1" index="1" bw="15" slack="0"/>
</pin_list>
<bind>
<opcode="load(27) " fcode="load"/>
<opset="firstCode_4_loc_load/5 "/>
</bind>
</comp>

<comp id="396" class="1004" name="firstCode_3_loc_load_load_fu_396">
<pin_list>
<pin id="397" dir="0" index="0" bw="15" slack="4"/>
<pin id="398" dir="1" index="1" bw="15" slack="0"/>
</pin_list>
<bind>
<opcode="load(27) " fcode="load"/>
<opset="firstCode_3_loc_load/5 "/>
</bind>
</comp>

<comp id="400" class="1004" name="firstCode_2_loc_load_load_fu_400">
<pin_list>
<pin id="401" dir="0" index="0" bw="15" slack="4"/>
<pin id="402" dir="1" index="1" bw="15" slack="0"/>
</pin_list>
<bind>
<opcode="load(27) " fcode="load"/>
<opset="firstCode_2_loc_load/5 "/>
</bind>
</comp>

<comp id="404" class="1004" name="firstCode_1_loc_load_load_fu_404">
<pin_list>
<pin id="405" dir="0" index="0" bw="15" slack="4"/>
<pin id="406" dir="1" index="1" bw="15" slack="0"/>
</pin_list>
<bind>
<opcode="load(27) " fcode="load"/>
<opset="firstCode_1_loc_load/5 "/>
</bind>
</comp>

<comp id="408" class="1004" name="firstCode_loc_load_load_fu_408">
<pin_list>
<pin id="409" dir="0" index="0" bw="15" slack="4"/>
<pin id="410" dir="1" index="1" bw="15" slack="0"/>
</pin_list>
<bind>
<opcode="load(27) " fcode="load"/>
<opset="firstCode_loc_load/5 "/>
</bind>
</comp>

<comp id="412" class="1005" name="idx_read_reg_412">
<pin_list>
<pin id="413" dir="0" index="0" bw="9" slack="1"/>
<pin id="414" dir="1" index="1" bw="9" slack="1"/>
</pin_list>
<bind>
<opset="idx_read "/>
</bind>
</comp>

<comp id="418" class="1005" name="codes_val_read_reg_418">
<pin_list>
<pin id="419" dir="0" index="0" bw="9" slack="1"/>
<pin id="420" dir="1" index="1" bw="9" slack="1"/>
</pin_list>
<bind>
<opset="codes_val_read "/>
</bind>
</comp>

<comp id="424" class="1005" name="firstCode_loc_reg_424">
<pin_list>
<pin id="425" dir="0" index="0" bw="15" slack="2"/>
<pin id="426" dir="1" index="1" bw="15" slack="2"/>
</pin_list>
<bind>
<opset="firstCode_loc "/>
</bind>
</comp>

<comp id="430" class="1005" name="firstCode_1_loc_reg_430">
<pin_list>
<pin id="431" dir="0" index="0" bw="15" slack="2"/>
<pin id="432" dir="1" index="1" bw="15" slack="2"/>
</pin_list>
<bind>
<opset="firstCode_1_loc "/>
</bind>
</comp>

<comp id="436" class="1005" name="firstCode_2_loc_reg_436">
<pin_list>
<pin id="437" dir="0" index="0" bw="15" slack="2"/>
<pin id="438" dir="1" index="1" bw="15" slack="2"/>
</pin_list>
<bind>
<opset="firstCode_2_loc "/>
</bind>
</comp>

<comp id="442" class="1005" name="firstCode_3_loc_reg_442">
<pin_list>
<pin id="443" dir="0" index="0" bw="15" slack="2"/>
<pin id="444" dir="1" index="1" bw="15" slack="2"/>
</pin_list>
<bind>
<opset="firstCode_3_loc "/>
</bind>
</comp>

<comp id="448" class="1005" name="firstCode_4_loc_reg_448">
<pin_list>
<pin id="449" dir="0" index="0" bw="15" slack="2"/>
<pin id="450" dir="1" index="1" bw="15" slack="2"/>
</pin_list>
<bind>
<opset="firstCode_4_loc "/>
</bind>
</comp>

<comp id="454" class="1005" name="firstCode_5_loc_reg_454">
<pin_list>
<pin id="455" dir="0" index="0" bw="15" slack="2"/>
<pin id="456" dir="1" index="1" bw="15" slack="2"/>
</pin_list>
<bind>
<opset="firstCode_5_loc "/>
</bind>
</comp>

<comp id="460" class="1005" name="firstCode_6_loc_reg_460">
<pin_list>
<pin id="461" dir="0" index="0" bw="15" slack="2"/>
<pin id="462" dir="1" index="1" bw="15" slack="2"/>
</pin_list>
<bind>
<opset="firstCode_6_loc "/>
</bind>
</comp>

<comp id="466" class="1005" name="firstCode_7_loc_reg_466">
<pin_list>
<pin id="467" dir="0" index="0" bw="15" slack="2"/>
<pin id="468" dir="1" index="1" bw="15" slack="2"/>
</pin_list>
<bind>
<opset="firstCode_7_loc "/>
</bind>
</comp>

<comp id="472" class="1005" name="firstCode_8_loc_reg_472">
<pin_list>
<pin id="473" dir="0" index="0" bw="15" slack="2"/>
<pin id="474" dir="1" index="1" bw="15" slack="2"/>
</pin_list>
<bind>
<opset="firstCode_8_loc "/>
</bind>
</comp>

<comp id="478" class="1005" name="firstCode_9_loc_reg_478">
<pin_list>
<pin id="479" dir="0" index="0" bw="15" slack="2"/>
<pin id="480" dir="1" index="1" bw="15" slack="2"/>
</pin_list>
<bind>
<opset="firstCode_9_loc "/>
</bind>
</comp>

<comp id="484" class="1005" name="firstCode_10_loc_reg_484">
<pin_list>
<pin id="485" dir="0" index="0" bw="15" slack="2"/>
<pin id="486" dir="1" index="1" bw="15" slack="2"/>
</pin_list>
<bind>
<opset="firstCode_10_loc "/>
</bind>
</comp>

<comp id="490" class="1005" name="firstCode_11_loc_reg_490">
<pin_list>
<pin id="491" dir="0" index="0" bw="15" slack="2"/>
<pin id="492" dir="1" index="1" bw="15" slack="2"/>
</pin_list>
<bind>
<opset="firstCode_11_loc "/>
</bind>
</comp>

<comp id="496" class="1005" name="firstCode_12_loc_reg_496">
<pin_list>
<pin id="497" dir="0" index="0" bw="15" slack="2"/>
<pin id="498" dir="1" index="1" bw="15" slack="2"/>
</pin_list>
<bind>
<opset="firstCode_12_loc "/>
</bind>
</comp>

<comp id="502" class="1005" name="firstCode_13_loc_reg_502">
<pin_list>
<pin id="503" dir="0" index="0" bw="15" slack="2"/>
<pin id="504" dir="1" index="1" bw="15" slack="2"/>
</pin_list>
<bind>
<opset="firstCode_13_loc "/>
</bind>
</comp>

<comp id="508" class="1005" name="firstCode_14_loc_reg_508">
<pin_list>
<pin id="509" dir="0" index="0" bw="15" slack="2"/>
<pin id="510" dir="1" index="1" bw="15" slack="2"/>
</pin_list>
<bind>
<opset="firstCode_14_loc "/>
</bind>
</comp>

<comp id="514" class="1005" name="count_13_loc_reg_514">
<pin_list>
<pin id="515" dir="0" index="0" bw="9" slack="0"/>
<pin id="516" dir="1" index="1" bw="9" slack="0"/>
</pin_list>
<bind>
<opset="count_13_loc "/>
</bind>
</comp>

<comp id="520" class="1005" name="count_12_loc_reg_520">
<pin_list>
<pin id="521" dir="0" index="0" bw="9" slack="0"/>
<pin id="522" dir="1" index="1" bw="9" slack="0"/>
</pin_list>
<bind>
<opset="count_12_loc "/>
</bind>
</comp>

<comp id="526" class="1005" name="count_11_loc_reg_526">
<pin_list>
<pin id="527" dir="0" index="0" bw="9" slack="0"/>
<pin id="528" dir="1" index="1" bw="9" slack="0"/>
</pin_list>
<bind>
<opset="count_11_loc "/>
</bind>
</comp>

<comp id="532" class="1005" name="count_10_loc_reg_532">
<pin_list>
<pin id="533" dir="0" index="0" bw="9" slack="0"/>
<pin id="534" dir="1" index="1" bw="9" slack="0"/>
</pin_list>
<bind>
<opset="count_10_loc "/>
</bind>
</comp>

<comp id="538" class="1005" name="count_9_loc_reg_538">
<pin_list>
<pin id="539" dir="0" index="0" bw="9" slack="0"/>
<pin id="540" dir="1" index="1" bw="9" slack="0"/>
</pin_list>
<bind>
<opset="count_9_loc "/>
</bind>
</comp>

<comp id="544" class="1005" name="count_8_loc_reg_544">
<pin_list>
<pin id="545" dir="0" index="0" bw="9" slack="0"/>
<pin id="546" dir="1" index="1" bw="9" slack="0"/>
</pin_list>
<bind>
<opset="count_8_loc "/>
</bind>
</comp>

<comp id="550" class="1005" name="count_7_loc_reg_550">
<pin_list>
<pin id="551" dir="0" index="0" bw="9" slack="0"/>
<pin id="552" dir="1" index="1" bw="9" slack="0"/>
</pin_list>
<bind>
<opset="count_7_loc "/>
</bind>
</comp>

<comp id="556" class="1005" name="count_6_loc_reg_556">
<pin_list>
<pin id="557" dir="0" index="0" bw="9" slack="0"/>
<pin id="558" dir="1" index="1" bw="9" slack="0"/>
</pin_list>
<bind>
<opset="count_6_loc "/>
</bind>
</comp>

<comp id="562" class="1005" name="count_5_loc_reg_562">
<pin_list>
<pin id="563" dir="0" index="0" bw="9" slack="0"/>
<pin id="564" dir="1" index="1" bw="9" slack="0"/>
</pin_list>
<bind>
<opset="count_5_loc "/>
</bind>
</comp>

<comp id="568" class="1005" name="count_4_loc_reg_568">
<pin_list>
<pin id="569" dir="0" index="0" bw="9" slack="0"/>
<pin id="570" dir="1" index="1" bw="9" slack="0"/>
</pin_list>
<bind>
<opset="count_4_loc "/>
</bind>
</comp>

<comp id="574" class="1005" name="count_3_loc_reg_574">
<pin_list>
<pin id="575" dir="0" index="0" bw="9" slack="0"/>
<pin id="576" dir="1" index="1" bw="9" slack="0"/>
</pin_list>
<bind>
<opset="count_3_loc "/>
</bind>
</comp>

<comp id="580" class="1005" name="count_2_loc_reg_580">
<pin_list>
<pin id="581" dir="0" index="0" bw="9" slack="0"/>
<pin id="582" dir="1" index="1" bw="9" slack="0"/>
</pin_list>
<bind>
<opset="count_2_loc "/>
</bind>
</comp>

<comp id="586" class="1005" name="count_1_loc_reg_586">
<pin_list>
<pin id="587" dir="0" index="0" bw="9" slack="0"/>
<pin id="588" dir="1" index="1" bw="9" slack="0"/>
</pin_list>
<bind>
<opset="count_1_loc "/>
</bind>
</comp>

<comp id="592" class="1005" name="count_loc_reg_592">
<pin_list>
<pin id="593" dir="0" index="0" bw="9" slack="0"/>
<pin id="594" dir="1" index="1" bw="9" slack="0"/>
</pin_list>
<bind>
<opset="count_loc "/>
</bind>
</comp>

</comp_list>

<net_list>
<net id="59"><net_src comp="40" pin="0"/><net_sink comp="56" pin=0"/></net>

<net id="63"><net_src comp="40" pin="0"/><net_sink comp="60" pin=0"/></net>

<net id="67"><net_src comp="40" pin="0"/><net_sink comp="64" pin=0"/></net>

<net id="71"><net_src comp="40" pin="0"/><net_sink comp="68" pin=0"/></net>

<net id="75"><net_src comp="40" pin="0"/><net_sink comp="72" pin=0"/></net>

<net id="79"><net_src comp="40" pin="0"/><net_sink comp="76" pin=0"/></net>

<net id="83"><net_src comp="40" pin="0"/><net_sink comp="80" pin=0"/></net>

<net id="87"><net_src comp="40" pin="0"/><net_sink comp="84" pin=0"/></net>

<net id="91"><net_src comp="40" pin="0"/><net_sink comp="88" pin=0"/></net>

<net id="95"><net_src comp="40" pin="0"/><net_sink comp="92" pin=0"/></net>

<net id="99"><net_src comp="40" pin="0"/><net_sink comp="96" pin=0"/></net>

<net id="103"><net_src comp="40" pin="0"/><net_sink comp="100" pin=0"/></net>

<net id="107"><net_src comp="40" pin="0"/><net_sink comp="104" pin=0"/></net>

<net id="111"><net_src comp="40" pin="0"/><net_sink comp="108" pin=0"/></net>

<net id="115"><net_src comp="40" pin="0"/><net_sink comp="112" pin=0"/></net>

<net id="119"><net_src comp="40" pin="0"/><net_sink comp="116" pin=0"/></net>

<net id="123"><net_src comp="40" pin="0"/><net_sink comp="120" pin=0"/></net>

<net id="127"><net_src comp="40" pin="0"/><net_sink comp="124" pin=0"/></net>

<net id="131"><net_src comp="40" pin="0"/><net_sink comp="128" pin=0"/></net>

<net id="135"><net_src comp="40" pin="0"/><net_sink comp="132" pin=0"/></net>

<net id="139"><net_src comp="40" pin="0"/><net_sink comp="136" pin=0"/></net>

<net id="143"><net_src comp="40" pin="0"/><net_sink comp="140" pin=0"/></net>

<net id="147"><net_src comp="40" pin="0"/><net_sink comp="144" pin=0"/></net>

<net id="151"><net_src comp="40" pin="0"/><net_sink comp="148" pin=0"/></net>

<net id="155"><net_src comp="40" pin="0"/><net_sink comp="152" pin=0"/></net>

<net id="159"><net_src comp="40" pin="0"/><net_sink comp="156" pin=0"/></net>

<net id="163"><net_src comp="40" pin="0"/><net_sink comp="160" pin=0"/></net>

<net id="167"><net_src comp="40" pin="0"/><net_sink comp="164" pin=0"/></net>

<net id="171"><net_src comp="40" pin="0"/><net_sink comp="168" pin=0"/></net>

<net id="176"><net_src comp="38" pin="0"/><net_sink comp="172" pin=0"/></net>

<net id="177"><net_src comp="36" pin="0"/><net_sink comp="172" pin=1"/></net>

<net id="182"><net_src comp="38" pin="0"/><net_sink comp="178" pin=0"/></net>

<net id="183"><net_src comp="2" pin="0"/><net_sink comp="178" pin=1"/></net>

<net id="204"><net_src comp="42" pin="0"/><net_sink comp="184" pin=0"/></net>

<net id="205"><net_src comp="178" pin="2"/><net_sink comp="184" pin=1"/></net>

<net id="206"><net_src comp="172" pin="2"/><net_sink comp="184" pin=2"/></net>

<net id="207"><net_src comp="0" pin="0"/><net_sink comp="184" pin=3"/></net>

<net id="241"><net_src comp="44" pin="0"/><net_sink comp="208" pin=0"/></net>

<net id="242"><net_src comp="4" pin="0"/><net_sink comp="208" pin=1"/></net>

<net id="279"><net_src comp="46" pin="0"/><net_sink comp="243" pin=0"/></net>

<net id="280"><net_src comp="6" pin="0"/><net_sink comp="243" pin=17"/></net>

<net id="281"><net_src comp="8" pin="0"/><net_sink comp="243" pin=18"/></net>

<net id="282"><net_src comp="10" pin="0"/><net_sink comp="243" pin=19"/></net>

<net id="283"><net_src comp="12" pin="0"/><net_sink comp="243" pin=20"/></net>

<net id="284"><net_src comp="14" pin="0"/><net_sink comp="243" pin=21"/></net>

<net id="285"><net_src comp="16" pin="0"/><net_sink comp="243" pin=22"/></net>

<net id="286"><net_src comp="18" pin="0"/><net_sink comp="243" pin=23"/></net>

<net id="287"><net_src comp="20" pin="0"/><net_sink comp="243" pin=24"/></net>

<net id="288"><net_src comp="22" pin="0"/><net_sink comp="243" pin=25"/></net>

<net id="289"><net_src comp="24" pin="0"/><net_sink comp="243" pin=26"/></net>

<net id="290"><net_src comp="26" pin="0"/><net_sink comp="243" pin=27"/></net>

<net id="291"><net_src comp="28" pin="0"/><net_sink comp="243" pin=28"/></net>

<net id="292"><net_src comp="30" pin="0"/><net_sink comp="243" pin=29"/></net>

<net id="293"><net_src comp="32" pin="0"/><net_sink comp="243" pin=30"/></net>

<net id="294"><net_src comp="34" pin="0"/><net_sink comp="243" pin=31"/></net>

<net id="295"><net_src comp="0" pin="0"/><net_sink comp="243" pin=33"/></net>

<net id="299"><net_src comp="296" pin="1"/><net_sink comp="208" pin=15"/></net>

<net id="303"><net_src comp="300" pin="1"/><net_sink comp="208" pin=14"/></net>

<net id="307"><net_src comp="304" pin="1"/><net_sink comp="208" pin=13"/></net>

<net id="311"><net_src comp="308" pin="1"/><net_sink comp="208" pin=12"/></net>

<net id="315"><net_src comp="312" pin="1"/><net_sink comp="208" pin=11"/></net>

<net id="319"><net_src comp="316" pin="1"/><net_sink comp="208" pin=10"/></net>

<net id="323"><net_src comp="320" pin="1"/><net_sink comp="208" pin=9"/></net>

<net id="327"><net_src comp="324" pin="1"/><net_sink comp="208" pin=8"/></net>

<net id="331"><net_src comp="328" pin="1"/><net_sink comp="208" pin=7"/></net>

<net id="335"><net_src comp="332" pin="1"/><net_sink comp="208" pin=6"/></net>

<net id="339"><net_src comp="336" pin="1"/><net_sink comp="208" pin=5"/></net>

<net id="343"><net_src comp="340" pin="1"/><net_sink comp="208" pin=4"/></net>

<net id="347"><net_src comp="344" pin="1"/><net_sink comp="208" pin=3"/></net>

<net id="351"><net_src comp="348" pin="1"/><net_sink comp="208" pin=2"/></net>

<net id="355"><net_src comp="352" pin="1"/><net_sink comp="243" pin=1"/></net>

<net id="359"><net_src comp="356" pin="1"/><net_sink comp="243" pin=2"/></net>

<net id="363"><net_src comp="360" pin="1"/><net_sink comp="243" pin=3"/></net>

<net id="367"><net_src comp="364" pin="1"/><net_sink comp="243" pin=4"/></net>

<net id="371"><net_src comp="368" pin="1"/><net_sink comp="243" pin=5"/></net>

<net id="375"><net_src comp="372" pin="1"/><net_sink comp="243" pin=6"/></net>

<net id="379"><net_src comp="376" pin="1"/><net_sink comp="243" pin=7"/></net>

<net id="383"><net_src comp="380" pin="1"/><net_sink comp="243" pin=8"/></net>

<net id="387"><net_src comp="384" pin="1"/><net_sink comp="243" pin=9"/></net>

<net id="391"><net_src comp="388" pin="1"/><net_sink comp="243" pin=10"/></net>

<net id="395"><net_src comp="392" pin="1"/><net_sink comp="243" pin=11"/></net>

<net id="399"><net_src comp="396" pin="1"/><net_sink comp="243" pin=12"/></net>

<net id="403"><net_src comp="400" pin="1"/><net_sink comp="243" pin=13"/></net>

<net id="407"><net_src comp="404" pin="1"/><net_sink comp="243" pin=14"/></net>

<net id="411"><net_src comp="408" pin="1"/><net_sink comp="243" pin=15"/></net>

<net id="415"><net_src comp="172" pin="2"/><net_sink comp="412" pin=0"/></net>

<net id="416"><net_src comp="412" pin="1"/><net_sink comp="184" pin=2"/></net>

<net id="417"><net_src comp="412" pin="1"/><net_sink comp="243" pin=32"/></net>

<net id="421"><net_src comp="178" pin="2"/><net_sink comp="418" pin=0"/></net>

<net id="422"><net_src comp="418" pin="1"/><net_sink comp="184" pin=1"/></net>

<net id="423"><net_src comp="418" pin="1"/><net_sink comp="243" pin=16"/></net>

<net id="427"><net_src comp="56" pin="1"/><net_sink comp="424" pin=0"/></net>

<net id="428"><net_src comp="424" pin="1"/><net_sink comp="208" pin=30"/></net>

<net id="429"><net_src comp="424" pin="1"/><net_sink comp="408" pin=0"/></net>

<net id="433"><net_src comp="60" pin="1"/><net_sink comp="430" pin=0"/></net>

<net id="434"><net_src comp="430" pin="1"/><net_sink comp="208" pin=29"/></net>

<net id="435"><net_src comp="430" pin="1"/><net_sink comp="404" pin=0"/></net>

<net id="439"><net_src comp="64" pin="1"/><net_sink comp="436" pin=0"/></net>

<net id="440"><net_src comp="436" pin="1"/><net_sink comp="208" pin=28"/></net>

<net id="441"><net_src comp="436" pin="1"/><net_sink comp="400" pin=0"/></net>

<net id="445"><net_src comp="68" pin="1"/><net_sink comp="442" pin=0"/></net>

<net id="446"><net_src comp="442" pin="1"/><net_sink comp="208" pin=27"/></net>

<net id="447"><net_src comp="442" pin="1"/><net_sink comp="396" pin=0"/></net>

<net id="451"><net_src comp="72" pin="1"/><net_sink comp="448" pin=0"/></net>

<net id="452"><net_src comp="448" pin="1"/><net_sink comp="208" pin=26"/></net>

<net id="453"><net_src comp="448" pin="1"/><net_sink comp="392" pin=0"/></net>

<net id="457"><net_src comp="76" pin="1"/><net_sink comp="454" pin=0"/></net>

<net id="458"><net_src comp="454" pin="1"/><net_sink comp="208" pin=25"/></net>

<net id="459"><net_src comp="454" pin="1"/><net_sink comp="388" pin=0"/></net>

<net id="463"><net_src comp="80" pin="1"/><net_sink comp="460" pin=0"/></net>

<net id="464"><net_src comp="460" pin="1"/><net_sink comp="208" pin=24"/></net>

<net id="465"><net_src comp="460" pin="1"/><net_sink comp="384" pin=0"/></net>

<net id="469"><net_src comp="84" pin="1"/><net_sink comp="466" pin=0"/></net>

<net id="470"><net_src comp="466" pin="1"/><net_sink comp="208" pin=23"/></net>

<net id="471"><net_src comp="466" pin="1"/><net_sink comp="380" pin=0"/></net>

<net id="475"><net_src comp="88" pin="1"/><net_sink comp="472" pin=0"/></net>

<net id="476"><net_src comp="472" pin="1"/><net_sink comp="208" pin=22"/></net>

<net id="477"><net_src comp="472" pin="1"/><net_sink comp="376" pin=0"/></net>

<net id="481"><net_src comp="92" pin="1"/><net_sink comp="478" pin=0"/></net>

<net id="482"><net_src comp="478" pin="1"/><net_sink comp="208" pin=21"/></net>

<net id="483"><net_src comp="478" pin="1"/><net_sink comp="372" pin=0"/></net>

<net id="487"><net_src comp="96" pin="1"/><net_sink comp="484" pin=0"/></net>

<net id="488"><net_src comp="484" pin="1"/><net_sink comp="208" pin=20"/></net>

<net id="489"><net_src comp="484" pin="1"/><net_sink comp="368" pin=0"/></net>

<net id="493"><net_src comp="100" pin="1"/><net_sink comp="490" pin=0"/></net>

<net id="494"><net_src comp="490" pin="1"/><net_sink comp="208" pin=19"/></net>

<net id="495"><net_src comp="490" pin="1"/><net_sink comp="364" pin=0"/></net>

<net id="499"><net_src comp="104" pin="1"/><net_sink comp="496" pin=0"/></net>

<net id="500"><net_src comp="496" pin="1"/><net_sink comp="208" pin=18"/></net>

<net id="501"><net_src comp="496" pin="1"/><net_sink comp="360" pin=0"/></net>

<net id="505"><net_src comp="108" pin="1"/><net_sink comp="502" pin=0"/></net>

<net id="506"><net_src comp="502" pin="1"/><net_sink comp="208" pin=17"/></net>

<net id="507"><net_src comp="502" pin="1"/><net_sink comp="356" pin=0"/></net>

<net id="511"><net_src comp="112" pin="1"/><net_sink comp="508" pin=0"/></net>

<net id="512"><net_src comp="508" pin="1"/><net_sink comp="208" pin=16"/></net>

<net id="513"><net_src comp="508" pin="1"/><net_sink comp="352" pin=0"/></net>

<net id="517"><net_src comp="116" pin="1"/><net_sink comp="514" pin=0"/></net>

<net id="518"><net_src comp="514" pin="1"/><net_sink comp="184" pin=17"/></net>

<net id="519"><net_src comp="514" pin="1"/><net_sink comp="348" pin=0"/></net>

<net id="523"><net_src comp="120" pin="1"/><net_sink comp="520" pin=0"/></net>

<net id="524"><net_src comp="520" pin="1"/><net_sink comp="184" pin=16"/></net>

<net id="525"><net_src comp="520" pin="1"/><net_sink comp="344" pin=0"/></net>

<net id="529"><net_src comp="124" pin="1"/><net_sink comp="526" pin=0"/></net>

<net id="530"><net_src comp="526" pin="1"/><net_sink comp="184" pin=15"/></net>

<net id="531"><net_src comp="526" pin="1"/><net_sink comp="340" pin=0"/></net>

<net id="535"><net_src comp="128" pin="1"/><net_sink comp="532" pin=0"/></net>

<net id="536"><net_src comp="532" pin="1"/><net_sink comp="184" pin=14"/></net>

<net id="537"><net_src comp="532" pin="1"/><net_sink comp="336" pin=0"/></net>

<net id="541"><net_src comp="132" pin="1"/><net_sink comp="538" pin=0"/></net>

<net id="542"><net_src comp="538" pin="1"/><net_sink comp="184" pin=13"/></net>

<net id="543"><net_src comp="538" pin="1"/><net_sink comp="332" pin=0"/></net>

<net id="547"><net_src comp="136" pin="1"/><net_sink comp="544" pin=0"/></net>

<net id="548"><net_src comp="544" pin="1"/><net_sink comp="184" pin=12"/></net>

<net id="549"><net_src comp="544" pin="1"/><net_sink comp="328" pin=0"/></net>

<net id="553"><net_src comp="140" pin="1"/><net_sink comp="550" pin=0"/></net>

<net id="554"><net_src comp="550" pin="1"/><net_sink comp="184" pin=11"/></net>

<net id="555"><net_src comp="550" pin="1"/><net_sink comp="324" pin=0"/></net>

<net id="559"><net_src comp="144" pin="1"/><net_sink comp="556" pin=0"/></net>

<net id="560"><net_src comp="556" pin="1"/><net_sink comp="184" pin=10"/></net>

<net id="561"><net_src comp="556" pin="1"/><net_sink comp="320" pin=0"/></net>

<net id="565"><net_src comp="148" pin="1"/><net_sink comp="562" pin=0"/></net>

<net id="566"><net_src comp="562" pin="1"/><net_sink comp="184" pin=9"/></net>

<net id="567"><net_src comp="562" pin="1"/><net_sink comp="316" pin=0"/></net>

<net id="571"><net_src comp="152" pin="1"/><net_sink comp="568" pin=0"/></net>

<net id="572"><net_src comp="568" pin="1"/><net_sink comp="184" pin=8"/></net>

<net id="573"><net_src comp="568" pin="1"/><net_sink comp="312" pin=0"/></net>

<net id="577"><net_src comp="156" pin="1"/><net_sink comp="574" pin=0"/></net>

<net id="578"><net_src comp="574" pin="1"/><net_sink comp="184" pin=7"/></net>

<net id="579"><net_src comp="574" pin="1"/><net_sink comp="308" pin=0"/></net>

<net id="583"><net_src comp="160" pin="1"/><net_sink comp="580" pin=0"/></net>

<net id="584"><net_src comp="580" pin="1"/><net_sink comp="184" pin=6"/></net>

<net id="585"><net_src comp="580" pin="1"/><net_sink comp="304" pin=0"/></net>

<net id="589"><net_src comp="164" pin="1"/><net_sink comp="586" pin=0"/></net>

<net id="590"><net_src comp="586" pin="1"/><net_sink comp="184" pin=5"/></net>

<net id="591"><net_src comp="586" pin="1"/><net_sink comp="300" pin=0"/></net>

<net id="595"><net_src comp="168" pin="1"/><net_sink comp="592" pin=0"/></net>

<net id="596"><net_src comp="592" pin="1"/><net_sink comp="184" pin=4"/></net>

<net id="597"><net_src comp="592" pin="1"/><net_sink comp="296" pin=0"/></net>

</net_list>

</model> 
---------------- Datapath Model END ------------------

* FSMD analyzer results:
  - Output states:
	Port: codeOffsets | {3 4 }
	Port: bl1Codes | {5 6 }
	Port: bl2Codes | {5 6 }
	Port: bl3Codes | {5 6 }
	Port: bl4Codes | {5 6 }
	Port: bl5Codes | {5 6 }
	Port: bl6Codes | {5 6 }
	Port: bl7Codes | {5 6 }
	Port: bl8Codes | {5 6 }
	Port: bl9Codes | {5 6 }
	Port: bl10Codes | {5 6 }
	Port: bl11Codes | {5 6 }
	Port: bl12Codes | {5 6 }
	Port: bl13Codes | {5 6 }
	Port: bl14Codes | {5 6 }
	Port: bl15Codes | {5 6 }
 - Input state : 
	Port: code_generator_array_dyn_new : lens | {1 2 5 6 }
	Port: code_generator_array_dyn_new : codes_val | {1 }
	Port: code_generator_array_dyn_new : idx | {1 }
  - Chain level:
	State 1
		call_ln0 : 1
	State 2
	State 3
		call_ln0 : 1
	State 4
	State 5
		call_ln0 : 1
	State 6


============================================================
+ Verbose Summary: Datapath Resource usage 
============================================================

* Functional unit list:
|----------|------------------------------------------------------------|---------|---------|---------|
| Operation|                       Functional Unit                      |  Delay  |    FF   |   LUT   |
|----------|------------------------------------------------------------|---------|---------|---------|
|          |  grp_code_generator_array_dyn_new_Pipeline_cnt_lens_fu_184 |   0.46  |   162   |   138   |
|   call   | grp_code_generator_array_dyn_new_Pipeline_firstCode_fu_208 |    0    |   245   |   123   |
|          |  grp_code_generator_array_dyn_new_Pipeline_CodeGen_fu_243  |   0.46  |   252   |   156   |
|----------|------------------------------------------------------------|---------|---------|---------|
|   read   |                    idx_read_read_fu_172                    |    0    |    0    |    0    |
|          |                 codes_val_read_read_fu_178                 |    0    |    0    |    0    |
|----------|------------------------------------------------------------|---------|---------|---------|
|   Total  |                                                            |   0.92  |   659   |   417   |
|----------|------------------------------------------------------------|---------|---------|---------|

Memories:
N/A

* Register list:
+------------------------+--------+
|                        |   FF   |
+------------------------+--------+
| codes_val_read_reg_418 |    9   |
|  count_10_loc_reg_532  |    9   |
|  count_11_loc_reg_526  |    9   |
|  count_12_loc_reg_520  |    9   |
|  count_13_loc_reg_514  |    9   |
|   count_1_loc_reg_586  |    9   |
|   count_2_loc_reg_580  |    9   |
|   count_3_loc_reg_574  |    9   |
|   count_4_loc_reg_568  |    9   |
|   count_5_loc_reg_562  |    9   |
|   count_6_loc_reg_556  |    9   |
|   count_7_loc_reg_550  |    9   |
|   count_8_loc_reg_544  |    9   |
|   count_9_loc_reg_538  |    9   |
|    count_loc_reg_592   |    9   |
|firstCode_10_loc_reg_484|   15   |
|firstCode_11_loc_reg_490|   15   |
|firstCode_12_loc_reg_496|   15   |
|firstCode_13_loc_reg_502|   15   |
|firstCode_14_loc_reg_508|   15   |
| firstCode_1_loc_reg_430|   15   |
| firstCode_2_loc_reg_436|   15   |
| firstCode_3_loc_reg_442|   15   |
| firstCode_4_loc_reg_448|   15   |
| firstCode_5_loc_reg_454|   15   |
| firstCode_6_loc_reg_460|   15   |
| firstCode_7_loc_reg_466|   15   |
| firstCode_8_loc_reg_472|   15   |
| firstCode_9_loc_reg_478|   15   |
|  firstCode_loc_reg_424 |   15   |
|    idx_read_reg_412    |    9   |
+------------------------+--------+
|          Total         |   369  |
+------------------------+--------+

* Multiplexer (MUX) list: 
|-----------------------------------------------------------|------|------|------|--------||---------||---------|
|                            Comp                           |  Pin | Size |  BW  | S x BW ||  Delay  ||   LUT   |
|-----------------------------------------------------------|------|------|------|--------||---------||---------|
| grp_code_generator_array_dyn_new_Pipeline_cnt_lens_fu_184 |  p1  |   2  |   9  |   18   ||    9    |
| grp_code_generator_array_dyn_new_Pipeline_cnt_lens_fu_184 |  p2  |   2  |   9  |   18   ||    9    |
|-----------------------------------------------------------|------|------|------|--------||---------||---------|
|                           Total                           |      |      |      |   36   ||   0.92  ||    18   |
|-----------------------------------------------------------|------|------|------|--------||---------||---------|



* Summary:
+-----------+--------+--------+--------+
|           |  Delay |   FF   |   LUT  |
+-----------+--------+--------+--------+
|  Function |    0   |   659  |   417  |
|   Memory  |    -   |    -   |    -   |
|Multiplexer|    0   |    -   |   18   |
|  Register |    -   |   369  |    -   |
+-----------+--------+--------+--------+
|   Total   |    1   |  1028  |   435  |
+-----------+--------+--------+--------+
