In file included from ../work/cc/src/decompressor_kernel.cc:4:
/tools/Xilinx/Vitis_HLS/2023.2/common/technology/autopilot/hls_vector.h:104:9: warning: HLS pragma dump _XLX_SEP_ PragmaIsValid=1_XLX_SEP_ PragmaType=aggregate_XLX_SEP_ PragmaContext=_XLX_SEP_ PragmaFunction=pragma_XLX_SEP_ PragmaOptions=variable=this_XLX_SEP_ [-Wdump-hls-pragmas]
#pragma HLS AGGREGATE variable=this
        ^
/tools/Xilinx/Vitis_HLS/2023.2/common/technology/autopilot/hls_vector.h:128:9: warning: HLS pragma dump _XLX_SEP_ PragmaIsValid=1_XLX_SEP_ PragmaType=unroll_XLX_SEP_ PragmaContext=_XLX_SEP_ PragmaFunction=vector<T, N>_XLX_SEP_ PragmaOptions=_XLX_SEP_ [-Wdump-hls-pragmas]
#pragma HLS UNROLL
        ^
/tools/Xilinx/Vitis_HLS/2023.2/common/technology/autopilot/hls_vector.h:144:9: warning: HLS pragma dump _XLX_SEP_ PragmaIsValid=1_XLX_SEP_ PragmaType=unroll_XLX_SEP_ PragmaContext=_XLX_SEP_ PragmaFunction=vector<T, N>_XLX_SEP_ PragmaOptions=_XLX_SEP_ [-Wdump-hls-pragmas]
#pragma HLS UNROLL
        ^
/tools/Xilinx/Vitis_HLS/2023.2/common/technology/autopilot/hls_vector.h:169:9: warning: HLS pragma dump _XLX_SEP_ PragmaIsValid=1_XLX_SEP_ PragmaType=unroll_XLX_SEP_ PragmaContext=_XLX_SEP_ PragmaFunction=operator++_XLX_SEP_ PragmaOptions=_XLX_SEP_ [-Wdump-hls-pragmas]
#pragma HLS UNROLL
        ^
/tools/Xilinx/Vitis_HLS/2023.2/common/technology/autopilot/hls_vector.h:170:9: warning: HLS pragma dump _XLX_SEP_ PragmaIsValid=1_XLX_SEP_ PragmaType=unroll_XLX_SEP_ PragmaContext=_XLX_SEP_ PragmaFunction=operator--_XLX_SEP_ PragmaOptions=_XLX_SEP_ [-Wdump-hls-pragmas]
#pragma HLS UNROLL
        ^
/tools/Xilinx/Vitis_HLS/2023.2/common/technology/autopilot/hls_vector.h:198:9: warning: HLS pragma dump _XLX_SEP_ PragmaIsValid=1_XLX_SEP_ PragmaType=unroll_XLX_SEP_ PragmaContext=_XLX_SEP_ PragmaFunction=operator+=_XLX_SEP_ PragmaOptions=_XLX_SEP_ [-Wdump-hls-pragmas]
#pragma HLS UNROLL
        ^
/tools/Xilinx/Vitis_HLS/2023.2/common/technology/autopilot/hls_vector.h:199:9: warning: HLS pragma dump _XLX_SEP_ PragmaIsValid=1_XLX_SEP_ PragmaType=unroll_XLX_SEP_ PragmaContext=_XLX_SEP_ PragmaFunction=operator-=_XLX_SEP_ PragmaOptions=_XLX_SEP_ [-Wdump-hls-pragmas]
#pragma HLS UNROLL
        ^
/tools/Xilinx/Vitis_HLS/2023.2/common/technology/autopilot/hls_vector.h:200:9: warning: HLS pragma dump _XLX_SEP_ PragmaIsValid=1_XLX_SEP_ PragmaType=unroll_XLX_SEP_ PragmaContext=_XLX_SEP_ PragmaFunction=operator*=_XLX_SEP_ PragmaOptions=_XLX_SEP_ [-Wdump-hls-pragmas]
#pragma HLS UNROLL
        ^
/tools/Xilinx/Vitis_HLS/2023.2/common/technology/autopilot/hls_vector.h:201:9: warning: HLS pragma dump _XLX_SEP_ PragmaIsValid=1_XLX_SEP_ PragmaType=unroll_XLX_SEP_ PragmaContext=_XLX_SEP_ PragmaFunction=operator/=_XLX_SEP_ PragmaOptions=_XLX_SEP_ [-Wdump-hls-pragmas]
#pragma HLS UNROLL
        ^
/tools/Xilinx/Vitis_HLS/2023.2/common/technology/autopilot/hls_vector.h:202:9: warning: HLS pragma dump _XLX_SEP_ PragmaIsValid=1_XLX_SEP_ PragmaType=unroll_XLX_SEP_ PragmaContext=_XLX_SEP_ PragmaFunction=operator%=_XLX_SEP_ PragmaOptions=_XLX_SEP_ [-Wdump-hls-pragmas]
#pragma HLS UNROLL
        ^
/tools/Xilinx/Vitis_HLS/2023.2/common/technology/autopilot/hls_vector.h:203:9: warning: HLS pragma dump _XLX_SEP_ PragmaIsValid=1_XLX_SEP_ PragmaType=unroll_XLX_SEP_ PragmaContext=_XLX_SEP_ PragmaFunction=operator&=_XLX_SEP_ PragmaOptions=_XLX_SEP_ [-Wdump-hls-pragmas]
#pragma HLS UNROLL
        ^
/tools/Xilinx/Vitis_HLS/2023.2/common/technology/autopilot/hls_vector.h:204:9: warning: HLS pragma dump _XLX_SEP_ PragmaIsValid=1_XLX_SEP_ PragmaType=unroll_XLX_SEP_ PragmaContext=_XLX_SEP_ PragmaFunction=operator|=_XLX_SEP_ PragmaOptions=_XLX_SEP_ [-Wdump-hls-pragmas]
#pragma HLS UNROLL
        ^
/tools/Xilinx/Vitis_HLS/2023.2/common/technology/autopilot/hls_vector.h:205:9: warning: HLS pragma dump _XLX_SEP_ PragmaIsValid=1_XLX_SEP_ PragmaType=unroll_XLX_SEP_ PragmaContext=_XLX_SEP_ PragmaFunction=operator^=_XLX_SEP_ PragmaOptions=_XLX_SEP_ [-Wdump-hls-pragmas]
#pragma HLS UNROLL
        ^
/tools/Xilinx/Vitis_HLS/2023.2/common/technology/autopilot/hls_vector.h:206:9: warning: HLS pragma dump _XLX_SEP_ PragmaIsValid=1_XLX_SEP_ PragmaType=unroll_XLX_SEP_ PragmaContext=_XLX_SEP_ PragmaFunction=operator<<=_XLX_SEP_ PragmaOptions=_XLX_SEP_ [-Wdump-hls-pragmas]
#pragma HLS UNROLL
        ^
/tools/Xilinx/Vitis_HLS/2023.2/common/technology/autopilot/hls_vector.h:207:9: warning: HLS pragma dump _XLX_SEP_ PragmaIsValid=1_XLX_SEP_ PragmaType=unroll_XLX_SEP_ PragmaContext=_XLX_SEP_ PragmaFunction=operator>>=_XLX_SEP_ PragmaOptions=_XLX_SEP_ [-Wdump-hls-pragmas]
#pragma HLS UNROLL
        ^
/tools/Xilinx/Vitis_HLS/2023.2/common/technology/autopilot/hls_vector.h:222:9: warning: HLS pragma dump _XLX_SEP_ PragmaIsValid=1_XLX_SEP_ PragmaType=unroll_XLX_SEP_ PragmaContext=_XLX_SEP_ PragmaFunction=reduce_add_XLX_SEP_ PragmaOptions=_XLX_SEP_ [-Wdump-hls-pragmas]
#pragma HLS UNROLL
        ^
/tools/Xilinx/Vitis_HLS/2023.2/common/technology/autopilot/hls_vector.h:223:9: warning: HLS pragma dump _XLX_SEP_ PragmaIsValid=1_XLX_SEP_ PragmaType=unroll_XLX_SEP_ PragmaContext=_XLX_SEP_ PragmaFunction=reduce_mult_XLX_SEP_ PragmaOptions=_XLX_SEP_ [-Wdump-hls-pragmas]
#pragma HLS UNROLL
        ^
/tools/Xilinx/Vitis_HLS/2023.2/common/technology/autopilot/hls_vector.h:224:9: warning: HLS pragma dump _XLX_SEP_ PragmaIsValid=1_XLX_SEP_ PragmaType=unroll_XLX_SEP_ PragmaContext=_XLX_SEP_ PragmaFunction=reduce_and_XLX_SEP_ PragmaOptions=_XLX_SEP_ [-Wdump-hls-pragmas]
#pragma HLS UNROLL
        ^
/tools/Xilinx/Vitis_HLS/2023.2/common/technology/autopilot/hls_vector.h:225:9: warning: HLS pragma dump _XLX_SEP_ PragmaIsValid=1_XLX_SEP_ PragmaType=unroll_XLX_SEP_ PragmaContext=_XLX_SEP_ PragmaFunction=reduce_or_XLX_SEP_ PragmaOptions=_XLX_SEP_ [-Wdump-hls-pragmas]
#pragma HLS UNROLL
        ^
/tools/Xilinx/Vitis_HLS/2023.2/common/technology/autopilot/hls_vector.h:226:9: warning: HLS pragma dump _XLX_SEP_ PragmaIsValid=1_XLX_SEP_ PragmaType=unroll_XLX_SEP_ PragmaContext=_XLX_SEP_ PragmaFunction=reduce_xor_XLX_SEP_ PragmaOptions=_XLX_SEP_ [-Wdump-hls-pragmas]
#pragma HLS UNROLL
        ^
/tools/Xilinx/Vitis_HLS/2023.2/common/technology/autopilot/hls_vector.h:256:9: warning: HLS pragma dump _XLX_SEP_ PragmaIsValid=1_XLX_SEP_ PragmaType=unroll_XLX_SEP_ PragmaContext=_XLX_SEP_ PragmaFunction=operator<_XLX_SEP_ PragmaOptions=_XLX_SEP_ [-Wdump-hls-pragmas]
#pragma HLS UNROLL
        ^
/tools/Xilinx/Vitis_HLS/2023.2/common/technology/autopilot/hls_vector.h:257:9: warning: HLS pragma dump _XLX_SEP_ PragmaIsValid=1_XLX_SEP_ PragmaType=unroll_XLX_SEP_ PragmaContext=_XLX_SEP_ PragmaFunction=operator<=_XLX_SEP_ PragmaOptions=_XLX_SEP_ [-Wdump-hls-pragmas]
#pragma HLS UNROLL
        ^
/tools/Xilinx/Vitis_HLS/2023.2/common/technology/autopilot/hls_vector.h:258:9: warning: HLS pragma dump _XLX_SEP_ PragmaIsValid=1_XLX_SEP_ PragmaType=unroll_XLX_SEP_ PragmaContext=_XLX_SEP_ PragmaFunction=operator==_XLX_SEP_ PragmaOptions=_XLX_SEP_ [-Wdump-hls-pragmas]
#pragma HLS UNROLL
        ^
/tools/Xilinx/Vitis_HLS/2023.2/common/technology/autopilot/hls_vector.h:259:9: warning: HLS pragma dump _XLX_SEP_ PragmaIsValid=1_XLX_SEP_ PragmaType=unroll_XLX_SEP_ PragmaContext=_XLX_SEP_ PragmaFunction=operator!=_XLX_SEP_ PragmaOptions=_XLX_SEP_ [-Wdump-hls-pragmas]
#pragma HLS UNROLL
        ^
/tools/Xilinx/Vitis_HLS/2023.2/common/technology/autopilot/hls_vector.h:260:9: warning: HLS pragma dump _XLX_SEP_ PragmaIsValid=1_XLX_SEP_ PragmaType=unroll_XLX_SEP_ PragmaContext=_XLX_SEP_ PragmaFunction=operator>=_XLX_SEP_ PragmaOptions=_XLX_SEP_ [-Wdump-hls-pragmas]
#pragma HLS UNROLL
        ^
/tools/Xilinx/Vitis_HLS/2023.2/common/technology/autopilot/hls_vector.h:261:9: warning: HLS pragma dump _XLX_SEP_ PragmaIsValid=1_XLX_SEP_ PragmaType=unroll_XLX_SEP_ PragmaContext=_XLX_SEP_ PragmaFunction=operator>_XLX_SEP_ PragmaOptions=_XLX_SEP_ [-Wdump-hls-pragmas]
#pragma HLS UNROLL
        ^
In file included from ../work/cc/src/decompressor_kernel.cc:6:
/home/giovannic/NN2FPGA-open/work/cc/include/huffman_decoder.hpp:42:9: warning: HLS pragma dump _XLX_SEP_ PragmaIsValid=1_XLX_SEP_ PragmaType=inline_XLX_SEP_ PragmaContext=_XLX_SEP_ PragmaFunction=loadBitStream_XLX_SEP_ PragmaOptions=off_XLX_SEP_ [-Wdump-hls-pragmas]
#pragma HLS INLINE off
        ^
/home/giovannic/NN2FPGA-open/work/cc/include/huffman_decoder.hpp:72:9: warning: HLS pragma dump _XLX_SEP_ PragmaIsValid=1_XLX_SEP_ PragmaType=inline_XLX_SEP_ PragmaContext=_XLX_SEP_ PragmaFunction=discardBitStreamLL_XLX_SEP_ PragmaOptions=off_XLX_SEP_ [-Wdump-hls-pragmas]
#pragma HLS INLINE off
        ^
/home/giovannic/NN2FPGA-open/work/cc/include/huffman_decoder.hpp:79:9: warning: HLS pragma dump _XLX_SEP_ PragmaIsValid=1_XLX_SEP_ PragmaType=pipeline_XLX_SEP_ PragmaContext=_XLX_SEP_ PragmaFunction=reg_XLX_SEP_ PragmaOptions=II = 1_XLX_SEP_ [-Wdump-hls-pragmas]
#pragma HLS PIPELINE II = 1
        ^
/home/giovannic/NN2FPGA-open/work/cc/include/huffman_decoder.hpp:80:9: warning: HLS pragma dump _XLX_SEP_ PragmaIsValid=1_XLX_SEP_ PragmaType=interface_XLX_SEP_ PragmaContext=_XLX_SEP_ PragmaFunction=reg_XLX_SEP_ PragmaOptions=ap_ctrl_none port = return_XLX_SEP_ [-Wdump-hls-pragmas]
#pragma HLS INTERFACE ap_ctrl_none port = return
        ^
/home/giovannic/NN2FPGA-open/work/cc/include/huffman_decoder.hpp:81:9: warning: HLS pragma dump _XLX_SEP_ PragmaIsValid=1_XLX_SEP_ PragmaType=inline_XLX_SEP_ PragmaContext=_XLX_SEP_ PragmaFunction=reg_XLX_SEP_ PragmaOptions=off_XLX_SEP_ [-Wdump-hls-pragmas]
#pragma HLS INLINE off
        ^
/home/giovannic/NN2FPGA-open/work/cc/include/huffman_decoder.hpp:94:9: warning: HLS pragma dump _XLX_SEP_ PragmaIsValid=1_XLX_SEP_ PragmaType=inline_XLX_SEP_ PragmaContext=_XLX_SEP_ PragmaFunction=huffmanBytegenStatic_XLX_SEP_ PragmaOptions=_XLX_SEP_ [-Wdump-hls-pragmas]
#pragma HLS INLINE
        ^
/home/giovannic/NN2FPGA-open/work/cc/include/huffman_decoder.hpp:110:9: warning: HLS pragma dump _XLX_SEP_ PragmaIsValid=1_XLX_SEP_ PragmaType=pipeline_XLX_SEP_ PragmaContext=_XLX_SEP_ PragmaFunction=huffmanBytegenStatic_XLX_SEP_ PragmaOptions=II = 1_XLX_SEP_ [-Wdump-hls-pragmas]
#pragma HLS PIPELINE II = 1
        ^
/home/giovannic/NN2FPGA-open/work/cc/include/huffman_decoder.hpp:177:9: warning: HLS pragma dump _XLX_SEP_ PragmaIsValid=1_XLX_SEP_ PragmaType=inline_XLX_SEP_ PragmaContext=_XLX_SEP_ PragmaFunction=huffmanBytegen_XLX_SEP_ PragmaOptions=_XLX_SEP_ [-Wdump-hls-pragmas]
#pragma HLS INLINE
        ^
/home/giovannic/NN2FPGA-open/work/cc/include/huffman_decoder.hpp:197:9: warning: HLS pragma dump _XLX_SEP_ PragmaIsValid=1_XLX_SEP_ PragmaType=pipeline_XLX_SEP_ PragmaContext=_XLX_SEP_ PragmaFunction=huffmanBytegen_XLX_SEP_ PragmaOptions=II = 1_XLX_SEP_ [-Wdump-hls-pragmas]
#pragma HLS PIPELINE II = 1
        ^
/home/giovannic/NN2FPGA-open/work/cc/include/huffman_decoder.hpp:305:9: warning: HLS pragma dump _XLX_SEP_ PragmaIsValid=1_XLX_SEP_ PragmaType=array_partition_XLX_SEP_ PragmaContext=_XLX_SEP_ PragmaFunction=huffmanBytegenLL_XLX_SEP_ PragmaOptions=variable = current_bits complete dim = 0_XLX_SEP_ [-Wdump-hls-pragmas]
#pragma HLS ARRAY_PARTITION variable = current_bits complete dim = 0
        ^
/home/giovannic/NN2FPGA-open/work/cc/include/huffman_decoder.hpp:307:9: warning: HLS pragma dump _XLX_SEP_ PragmaIsValid=1_XLX_SEP_ PragmaType=array_partition_XLX_SEP_ PragmaContext=_XLX_SEP_ PragmaFunction=huffmanBytegenLL_XLX_SEP_ PragmaOptions=variable = symbol complete dim = 0_XLX_SEP_ [-Wdump-hls-pragmas]
#pragma HLS ARRAY_PARTITION variable = symbol complete dim = 0
        ^
/home/giovannic/NN2FPGA-open/work/cc/include/huffman_decoder.hpp:311:9: warning: HLS pragma dump _XLX_SEP_ PragmaIsValid=1_XLX_SEP_ PragmaType=array_partition_XLX_SEP_ PragmaContext=_XLX_SEP_ PragmaFunction=huffmanBytegenLL_XLX_SEP_ PragmaOptions=variable = lBitBuffer complete dim = 0_XLX_SEP_ [-Wdump-hls-pragmas]
#pragma HLS ARRAY_PARTITION variable = lBitBuffer complete dim = 0
        ^
/home/giovannic/NN2FPGA-open/work/cc/include/huffman_decoder.hpp:332:9: warning: HLS pragma dump _XLX_SEP_ PragmaIsValid=1_XLX_SEP_ PragmaType=pipeline_XLX_SEP_ PragmaContext=_XLX_SEP_ PragmaFunction=huffmanBytegenLL_XLX_SEP_ PragmaOptions=II = 1_XLX_SEP_ [-Wdump-hls-pragmas]
#pragma HLS PIPELINE II = 1
        ^
/home/giovannic/NN2FPGA-open/work/cc/include/huffman_decoder.hpp:335:9: warning: HLS pragma dump _XLX_SEP_ PragmaIsValid=1_XLX_SEP_ PragmaType=unroll_XLX_SEP_ PragmaContext=_XLX_SEP_ PragmaFunction=huffmanBytegenLL_XLX_SEP_ PragmaOptions=_XLX_SEP_ [-Wdump-hls-pragmas]
#pragma HLS UNROLL
        ^
/home/giovannic/NN2FPGA-open/work/cc/include/huffman_decoder.hpp:338:9: warning: HLS pragma dump _XLX_SEP_ PragmaIsValid=1_XLX_SEP_ PragmaType=unroll_XLX_SEP_ PragmaContext=_XLX_SEP_ PragmaFunction=huffmanBytegenLL_XLX_SEP_ PragmaOptions=_XLX_SEP_ [-Wdump-hls-pragmas]
#pragma HLS UNROLL
        ^
/home/giovannic/NN2FPGA-open/work/cc/include/huffman_decoder.hpp:346:9: warning: HLS pragma dump _XLX_SEP_ PragmaIsValid=1_XLX_SEP_ PragmaType=unroll_XLX_SEP_ PragmaContext=_XLX_SEP_ PragmaFunction=huffmanBytegenLL_XLX_SEP_ PragmaOptions=_XLX_SEP_ [-Wdump-hls-pragmas]
#pragma HLS UNROLL
        ^
/home/giovannic/NN2FPGA-open/work/cc/include/huffman_decoder.hpp:461:9: warning: HLS pragma dump _XLX_SEP_ PragmaIsValid=1_XLX_SEP_ PragmaType=array_partition_XLX_SEP_ PragmaContext=_XLX_SEP_ PragmaFunction=byteGen_XLX_SEP_ PragmaOptions=variable = symbol dim = 1 complete_XLX_SEP_ [-Wdump-hls-pragmas]
#pragma HLS ARRAY_PARTITION variable = symbol dim = 1 complete
        ^
/home/giovannic/NN2FPGA-open/work/cc/include/huffman_decoder.hpp:470:9: warning: HLS pragma dump _XLX_SEP_ PragmaIsValid=1_XLX_SEP_ PragmaType=pipeline_XLX_SEP_ PragmaContext=_XLX_SEP_ PragmaFunction=byteGen_XLX_SEP_ PragmaOptions=II = 1_XLX_SEP_ [-Wdump-hls-pragmas]
#pragma HLS PIPELINE II = 1
        ^
/home/giovannic/NN2FPGA-open/work/cc/include/huffman_decoder.hpp:472:9: warning: HLS pragma dump _XLX_SEP_ PragmaIsValid=1_XLX_SEP_ PragmaType=unroll_XLX_SEP_ PragmaContext=_XLX_SEP_ PragmaFunction=byteGen_XLX_SEP_ PragmaOptions=_XLX_SEP_ [-Wdump-hls-pragmas]
#pragma HLS UNROLL
        ^
/home/giovannic/NN2FPGA-open/work/cc/include/huffman_decoder.hpp:556:9: warning: HLS pragma dump _XLX_SEP_ PragmaIsValid=1_XLX_SEP_ PragmaType=inline_XLX_SEP_ PragmaContext=_XLX_SEP_ PragmaFunction=code_generator_array_dyn_XLX_SEP_ PragmaOptions=_XLX_SEP_ [-Wdump-hls-pragmas]
#pragma HLS INLINE
        ^
/home/giovannic/NN2FPGA-open/work/cc/include/huffman_decoder.hpp:584:9: warning: HLS pragma dump _XLX_SEP_ PragmaIsValid=1_XLX_SEP_ PragmaType=array_partition_XLX_SEP_ PragmaContext=_XLX_SEP_ PragmaFunction=code_generator_array_dyn_XLX_SEP_ PragmaOptions=variable = count_XLX_SEP_ [-Wdump-hls-pragmas]
#pragma HLS ARRAY_PARTITION variable = count
        ^
/home/giovannic/NN2FPGA-open/work/cc/include/huffman_decoder.hpp:587:9: warning: HLS pragma dump _XLX_SEP_ PragmaIsValid=1_XLX_SEP_ PragmaType=array_partition_XLX_SEP_ PragmaContext=_XLX_SEP_ PragmaFunction=code_generator_array_dyn_XLX_SEP_ PragmaOptions=variable = offs_XLX_SEP_ [-Wdump-hls-pragmas]
#pragma HLS ARRAY_PARTITION variable = offs
        ^
/home/giovannic/NN2FPGA-open/work/cc/include/huffman_decoder.hpp:590:9: warning: HLS pragma dump _XLX_SEP_ PragmaIsValid=1_XLX_SEP_ PragmaType=dependence_XLX_SEP_ PragmaContext=_XLX_SEP_ PragmaFunction=code_generator_array_dyn_XLX_SEP_ PragmaOptions=false inter variable = codeBuffer_XLX_SEP_ [-Wdump-hls-pragmas]
#pragma HLS DEPENDENCE false inter variable = codeBuffer
        ^
/home/giovannic/NN2FPGA-open/work/cc/include/huffman_decoder.hpp:603:9: warning: HLS pragma dump _XLX_SEP_ PragmaIsValid=1_XLX_SEP_ PragmaType=pipeline_XLX_SEP_ PragmaContext=_XLX_SEP_ PragmaFunction=code_generator_array_dyn_XLX_SEP_ PragmaOptions=II = 1_XLX_SEP_ [-Wdump-hls-pragmas]
#pragma HLS PIPELINE II = 1
        ^
/home/giovannic/NN2FPGA-open/work/cc/include/huffman_decoder.hpp:604:9: warning: HLS pragma dump _XLX_SEP_ PragmaIsValid=1_XLX_SEP_ PragmaType=unroll_XLX_SEP_ PragmaContext=_XLX_SEP_ PragmaFunction=code_generator_array_dyn_XLX_SEP_ PragmaOptions=FACTOR = 2_XLX_SEP_ [-Wdump-hls-pragmas]
#pragma HLS UNROLL FACTOR = 2
        ^
/home/giovannic/NN2FPGA-open/work/cc/include/huffman_decoder.hpp:614:9: warning: HLS pragma dump _XLX_SEP_ PragmaIsValid=1_XLX_SEP_ PragmaType=pipeline_XLX_SEP_ PragmaContext=_XLX_SEP_ PragmaFunction=code_generator_array_dyn_XLX_SEP_ PragmaOptions=II = 1_XLX_SEP_ [-Wdump-hls-pragmas]
#pragma HLS PIPELINE II = 1
        ^
/home/giovannic/NN2FPGA-open/work/cc/include/huffman_decoder.hpp:623:9: warning: HLS pragma dump _XLX_SEP_ PragmaIsValid=1_XLX_SEP_ PragmaType=pipeline_XLX_SEP_ PragmaContext=_XLX_SEP_ PragmaFunction=code_generator_array_dyn_XLX_SEP_ PragmaOptions=II = 1_XLX_SEP_ [-Wdump-hls-pragmas]
#pragma HLS PIPELINE II = 1
        ^
/home/giovannic/NN2FPGA-open/work/cc/include/huffman_decoder.hpp:628:9: warning: HLS pragma dump _XLX_SEP_ PragmaIsValid=1_XLX_SEP_ PragmaType=dependence_XLX_SEP_ PragmaContext=_XLX_SEP_ PragmaFunction=code_generator_array_dyn_XLX_SEP_ PragmaOptions=false inter variable = codeBuffer_XLX_SEP_ [-Wdump-hls-pragmas]
#pragma HLS DEPENDENCE false inter variable = codeBuffer
        ^
/home/giovannic/NN2FPGA-open/work/cc/include/huffman_decoder.hpp:629:9: warning: HLS pragma dump _XLX_SEP_ PragmaIsValid=1_XLX_SEP_ PragmaType=pipeline_XLX_SEP_ PragmaContext=_XLX_SEP_ PragmaFunction=code_generator_array_dyn_XLX_SEP_ PragmaOptions=II = 1_XLX_SEP_ [-Wdump-hls-pragmas]
#pragma HLS PIPELINE II = 1
        ^
/home/giovannic/NN2FPGA-open/work/cc/include/huffman_decoder.hpp:630:9: warning: HLS pragma dump _XLX_SEP_ PragmaIsValid=1_XLX_SEP_ PragmaType=unroll_XLX_SEP_ PragmaContext=_XLX_SEP_ PragmaFunction=code_generator_array_dyn_XLX_SEP_ PragmaOptions=FACTOR = 2_XLX_SEP_ [-Wdump-hls-pragmas]
#pragma HLS UNROLL FACTOR = 2
        ^
/home/giovannic/NN2FPGA-open/work/cc/include/huffman_decoder.hpp:685:9: warning: HLS pragma dump _XLX_SEP_ PragmaIsValid=1_XLX_SEP_ PragmaType=dependence_XLX_SEP_ PragmaContext=_XLX_SEP_ PragmaFunction=code_generator_array_dyn_XLX_SEP_ PragmaOptions=false inter variable = nptr_XLX_SEP_ [-Wdump-hls-pragmas]
#pragma HLS DEPENDENCE false inter variable = nptr
        ^
/home/giovannic/NN2FPGA-open/work/cc/include/huffman_decoder.hpp:686:9: warning: HLS pragma dump _XLX_SEP_ PragmaIsValid=1_XLX_SEP_ PragmaType=dependence_XLX_SEP_ PragmaContext=_XLX_SEP_ PragmaFunction=code_generator_array_dyn_XLX_SEP_ PragmaOptions=false inter variable = nptr_extra_XLX_SEP_ [-Wdump-hls-pragmas]
#pragma HLS DEPENDENCE false inter variable = nptr_extra
        ^
/home/giovannic/NN2FPGA-open/work/cc/include/huffman_decoder.hpp:687:9: warning: HLS pragma dump _XLX_SEP_ PragmaIsValid=1_XLX_SEP_ PragmaType=pipeline_XLX_SEP_ PragmaContext=_XLX_SEP_ PragmaFunction=code_generator_array_dyn_XLX_SEP_ PragmaOptions=II = 1_XLX_SEP_ [-Wdump-hls-pragmas]
#pragma HLS PIPELINE II = 1
        ^
/home/giovannic/NN2FPGA-open/work/cc/include/huffman_decoder.hpp:688:9: warning: HLS pragma dump _XLX_SEP_ PragmaIsValid=1_XLX_SEP_ PragmaType=unroll_XLX_SEP_ PragmaContext=_XLX_SEP_ PragmaFunction=code_generator_array_dyn_XLX_SEP_ PragmaOptions=FACTOR = 2_XLX_SEP_ [-Wdump-hls-pragmas]
#pragma HLS UNROLL FACTOR = 2
        ^
/home/giovannic/NN2FPGA-open/work/cc/include/huffman_decoder.hpp:732:9: warning: HLS pragma dump _XLX_SEP_ PragmaIsValid=1_XLX_SEP_ PragmaType=pipeline_XLX_SEP_ PragmaContext=_XLX_SEP_ PragmaFunction=code_generator_array_dyn_XLX_SEP_ PragmaOptions=II = 1_XLX_SEP_ [-Wdump-hls-pragmas]
#pragma HLS PIPELINE II = 1
        ^
/home/giovannic/NN2FPGA-open/work/cc/include/huffman_decoder.hpp:733:9: warning: HLS pragma dump _XLX_SEP_ PragmaIsValid=1_XLX_SEP_ PragmaType=unroll_XLX_SEP_ PragmaContext=_XLX_SEP_ PragmaFunction=code_generator_array_dyn_XLX_SEP_ PragmaOptions=FACTOR = 2_XLX_SEP_ [-Wdump-hls-pragmas]
#pragma HLS UNROLL FACTOR = 2
        ^
/home/giovannic/NN2FPGA-open/work/cc/include/huffman_decoder.hpp:771:9: warning: HLS pragma dump _XLX_SEP_ PragmaIsValid=1_XLX_SEP_ PragmaType=array_partition_XLX_SEP_ PragmaContext=_XLX_SEP_ PragmaFunction=code_generator_array_dyn_new_XLX_SEP_ PragmaOptions=variable = count_XLX_SEP_ [-Wdump-hls-pragmas]
#pragma HLS ARRAY_PARTITION variable = count
        ^
/home/giovannic/NN2FPGA-open/work/cc/include/huffman_decoder.hpp:775:9: warning: HLS pragma dump _XLX_SEP_ PragmaIsValid=1_XLX_SEP_ PragmaType=pipeline_XLX_SEP_ PragmaContext=_XLX_SEP_ PragmaFunction=code_generator_array_dyn_new_XLX_SEP_ PragmaOptions=II = 1_XLX_SEP_ [-Wdump-hls-pragmas]
#pragma HLS PIPELINE II = 1
        ^
/home/giovannic/NN2FPGA-open/work/cc/include/huffman_decoder.hpp:782:9: warning: HLS pragma dump _XLX_SEP_ PragmaIsValid=1_XLX_SEP_ PragmaType=array_partition_XLX_SEP_ PragmaContext=_XLX_SEP_ PragmaFunction=code_generator_array_dyn_new_XLX_SEP_ PragmaOptions=variable = firstCode_XLX_SEP_ [-Wdump-hls-pragmas]
#pragma HLS ARRAY_PARTITION variable = firstCode
        ^
/home/giovannic/NN2FPGA-open/work/cc/include/huffman_decoder.hpp:786:9: warning: HLS pragma dump _XLX_SEP_ PragmaIsValid=1_XLX_SEP_ PragmaType=pipeline_XLX_SEP_ PragmaContext=_XLX_SEP_ PragmaFunction=code_generator_array_dyn_new_XLX_SEP_ PragmaOptions=II = 1_XLX_SEP_ [-Wdump-hls-pragmas]
#pragma HLS PIPELINE II = 1
        ^
/home/giovannic/NN2FPGA-open/work/cc/include/huffman_decoder.hpp:795:9: warning: HLS pragma dump _XLX_SEP_ PragmaIsValid=1_XLX_SEP_ PragmaType=pipeline_XLX_SEP_ PragmaContext=_XLX_SEP_ PragmaFunction=code_generator_array_dyn_new_XLX_SEP_ PragmaOptions=II = 1_XLX_SEP_ [-Wdump-hls-pragmas]
#pragma HLS PIPELINE II = 1
        ^
/home/giovannic/NN2FPGA-open/work/cc/include/huffman_decoder.hpp:746:43: warning: unused parameter 'curr_table' [-Wunused-parameter]
void code_generator_array_dyn_new(uint8_t curr_table,
                                          ^
/home/giovannic/NN2FPGA-open/work/cc/include/huffman_decoder.hpp:895:9: warning: HLS pragma dump _XLX_SEP_ PragmaIsValid=1_XLX_SEP_ PragmaType=bind_storage_XLX_SEP_ PragmaContext=_XLX_SEP_ PragmaFunction=huffmanDecoderLL_XLX_SEP_ PragmaOptions=variable = dynamic_lens type = ram_1p impl = lutram_XLX_SEP_ [-Wdump-hls-pragmas]
#pragma HLS BIND_STORAGE variable = dynamic_lens type = ram_1p impl = lutram
        ^
/home/giovannic/NN2FPGA-open/work/cc/include/huffman_decoder.hpp:903:9: warning: HLS pragma dump _XLX_SEP_ PragmaIsValid=1_XLX_SEP_ PragmaType=array_partition_XLX_SEP_ PragmaContext=_XLX_SEP_ PragmaFunction=huffmanDecoderLL_XLX_SEP_ PragmaOptions=variable = codeOffsets dim = 1 complete_XLX_SEP_ [-Wdump-hls-pragmas]
#pragma HLS ARRAY_PARTITION variable = codeOffsets dim = 1 complete
        ^
/home/giovannic/NN2FPGA-open/work/cc/include/huffman_decoder.hpp:919:9: warning: HLS pragma dump _XLX_SEP_ PragmaIsValid=1_XLX_SEP_ PragmaType=bind_storage_XLX_SEP_ PragmaContext=_XLX_SEP_ PragmaFunction=huffmanDecoderLL_XLX_SEP_ PragmaOptions=variable = bl1Code type = ram_1p impl = lutram_XLX_SEP_ [-Wdump-hls-pragmas]
#pragma HLS BIND_STORAGE variable = bl1Code type = ram_1p impl = lutram
        ^
/home/giovannic/NN2FPGA-open/work/cc/include/huffman_decoder.hpp:920:9: warning: HLS pragma dump _XLX_SEP_ PragmaIsValid=1_XLX_SEP_ PragmaType=array_partition_XLX_SEP_ PragmaContext=_XLX_SEP_ PragmaFunction=huffmanDecoderLL_XLX_SEP_ PragmaOptions=variable = bl1Code complete dim = 1_XLX_SEP_ [-Wdump-hls-pragmas]
#pragma HLS ARRAY_PARTITION variable = bl1Code complete dim = 1
        ^
/home/giovannic/NN2FPGA-open/work/cc/include/huffman_decoder.hpp:921:9: warning: HLS pragma dump _XLX_SEP_ PragmaIsValid=1_XLX_SEP_ PragmaType=bind_storage_XLX_SEP_ PragmaContext=_XLX_SEP_ PragmaFunction=huffmanDecoderLL_XLX_SEP_ PragmaOptions=variable = bl2Code type = ram_1p impl = lutram_XLX_SEP_ [-Wdump-hls-pragmas]
#pragma HLS BIND_STORAGE variable = bl2Code type = ram_1p impl = lutram
        ^
/home/giovannic/NN2FPGA-open/work/cc/include/huffman_decoder.hpp:922:9: warning: HLS pragma dump _XLX_SEP_ PragmaIsValid=1_XLX_SEP_ PragmaType=array_partition_XLX_SEP_ PragmaContext=_XLX_SEP_ PragmaFunction=huffmanDecoderLL_XLX_SEP_ PragmaOptions=variable = bl2Code complete dim = 1_XLX_SEP_ [-Wdump-hls-pragmas]
#pragma HLS ARRAY_PARTITION variable = bl2Code complete dim = 1
        ^
/home/giovannic/NN2FPGA-open/work/cc/include/huffman_decoder.hpp:923:9: warning: HLS pragma dump _XLX_SEP_ PragmaIsValid=1_XLX_SEP_ PragmaType=bind_storage_XLX_SEP_ PragmaContext=_XLX_SEP_ PragmaFunction=huffmanDecoderLL_XLX_SEP_ PragmaOptions=variable = bl3Code type = ram_1p impl = lutram_XLX_SEP_ [-Wdump-hls-pragmas]
#pragma HLS BIND_STORAGE variable = bl3Code type = ram_1p impl = lutram
        ^
/home/giovannic/NN2FPGA-open/work/cc/include/huffman_decoder.hpp:924:9: warning: HLS pragma dump _XLX_SEP_ PragmaIsValid=1_XLX_SEP_ PragmaType=array_partition_XLX_SEP_ PragmaContext=_XLX_SEP_ PragmaFunction=huffmanDecoderLL_XLX_SEP_ PragmaOptions=variable = bl3Code complete dim = 1_XLX_SEP_ [-Wdump-hls-pragmas]
#pragma HLS ARRAY_PARTITION variable = bl3Code complete dim = 1
        ^
/home/giovannic/NN2FPGA-open/work/cc/include/huffman_decoder.hpp:925:9: warning: HLS pragma dump _XLX_SEP_ PragmaIsValid=1_XLX_SEP_ PragmaType=bind_storage_XLX_SEP_ PragmaContext=_XLX_SEP_ PragmaFunction=huffmanDecoderLL_XLX_SEP_ PragmaOptions=variable = bl4Code type = ram_1p impl = lutram_XLX_SEP_ [-Wdump-hls-pragmas]
#pragma HLS BIND_STORAGE variable = bl4Code type = ram_1p impl = lutram
        ^
/home/giovannic/NN2FPGA-open/work/cc/include/huffman_decoder.hpp:926:9: warning: HLS pragma dump _XLX_SEP_ PragmaIsValid=1_XLX_SEP_ PragmaType=array_partition_XLX_SEP_ PragmaContext=_XLX_SEP_ PragmaFunction=huffmanDecoderLL_XLX_SEP_ PragmaOptions=variable = bl4Code complete dim = 1_XLX_SEP_ [-Wdump-hls-pragmas]
#pragma HLS ARRAY_PARTITION variable = bl4Code complete dim = 1
        ^
/home/giovannic/NN2FPGA-open/work/cc/include/huffman_decoder.hpp:927:9: warning: HLS pragma dump _XLX_SEP_ PragmaIsValid=1_XLX_SEP_ PragmaType=bind_storage_XLX_SEP_ PragmaContext=_XLX_SEP_ PragmaFunction=huffmanDecoderLL_XLX_SEP_ PragmaOptions=variable = bl5Code type = ram_1p impl = lutram_XLX_SEP_ [-Wdump-hls-pragmas]
#pragma HLS BIND_STORAGE variable = bl5Code type = ram_1p impl = lutram
        ^
/home/giovannic/NN2FPGA-open/work/cc/include/huffman_decoder.hpp:928:9: warning: HLS pragma dump _XLX_SEP_ PragmaIsValid=1_XLX_SEP_ PragmaType=array_partition_XLX_SEP_ PragmaContext=_XLX_SEP_ PragmaFunction=huffmanDecoderLL_XLX_SEP_ PragmaOptions=variable = bl5Code complete dim = 1_XLX_SEP_ [-Wdump-hls-pragmas]
#pragma HLS ARRAY_PARTITION variable = bl5Code complete dim = 1
        ^
/home/giovannic/NN2FPGA-open/work/cc/include/huffman_decoder.hpp:929:9: warning: HLS pragma dump _XLX_SEP_ PragmaIsValid=1_XLX_SEP_ PragmaType=bind_storage_XLX_SEP_ PragmaContext=_XLX_SEP_ PragmaFunction=huffmanDecoderLL_XLX_SEP_ PragmaOptions=variable = bl6Code type = ram_1p impl = lutram_XLX_SEP_ [-Wdump-hls-pragmas]
#pragma HLS BIND_STORAGE variable = bl6Code type = ram_1p impl = lutram
        ^
/home/giovannic/NN2FPGA-open/work/cc/include/huffman_decoder.hpp:930:9: warning: HLS pragma dump _XLX_SEP_ PragmaIsValid=1_XLX_SEP_ PragmaType=array_partition_XLX_SEP_ PragmaContext=_XLX_SEP_ PragmaFunction=huffmanDecoderLL_XLX_SEP_ PragmaOptions=variable = bl6Code complete dim = 1_XLX_SEP_ [-Wdump-hls-pragmas]
#pragma HLS ARRAY_PARTITION variable = bl6Code complete dim = 1
        ^
/home/giovannic/NN2FPGA-open/work/cc/include/huffman_decoder.hpp:931:9: warning: HLS pragma dump _XLX_SEP_ PragmaIsValid=1_XLX_SEP_ PragmaType=bind_storage_XLX_SEP_ PragmaContext=_XLX_SEP_ PragmaFunction=huffmanDecoderLL_XLX_SEP_ PragmaOptions=variable = bl7Code type = ram_1p impl = lutram_XLX_SEP_ [-Wdump-hls-pragmas]
#pragma HLS BIND_STORAGE variable = bl7Code type = ram_1p impl = lutram
        ^
/home/giovannic/NN2FPGA-open/work/cc/include/huffman_decoder.hpp:932:9: warning: HLS pragma dump _XLX_SEP_ PragmaIsValid=1_XLX_SEP_ PragmaType=array_partition_XLX_SEP_ PragmaContext=_XLX_SEP_ PragmaFunction=huffmanDecoderLL_XLX_SEP_ PragmaOptions=variable = bl7Code complete dim = 1_XLX_SEP_ [-Wdump-hls-pragmas]
#pragma HLS ARRAY_PARTITION variable = bl7Code complete dim = 1
        ^
/home/giovannic/NN2FPGA-open/work/cc/include/huffman_decoder.hpp:933:9: warning: HLS pragma dump _XLX_SEP_ PragmaIsValid=1_XLX_SEP_ PragmaType=bind_storage_XLX_SEP_ PragmaContext=_XLX_SEP_ PragmaFunction=huffmanDecoderLL_XLX_SEP_ PragmaOptions=variable = bl8Code type = ram_1p impl = lutram_XLX_SEP_ [-Wdump-hls-pragmas]
#pragma HLS BIND_STORAGE variable = bl8Code type = ram_1p impl = lutram
        ^
/home/giovannic/NN2FPGA-open/work/cc/include/huffman_decoder.hpp:934:9: warning: HLS pragma dump _XLX_SEP_ PragmaIsValid=1_XLX_SEP_ PragmaType=array_partition_XLX_SEP_ PragmaContext=_XLX_SEP_ PragmaFunction=huffmanDecoderLL_XLX_SEP_ PragmaOptions=variable = bl8Code complete dim = 1_XLX_SEP_ [-Wdump-hls-pragmas]
#pragma HLS ARRAY_PARTITION variable = bl8Code complete dim = 1
        ^
/home/giovannic/NN2FPGA-open/work/cc/include/huffman_decoder.hpp:935:9: warning: HLS pragma dump _XLX_SEP_ PragmaIsValid=1_XLX_SEP_ PragmaType=bind_storage_XLX_SEP_ PragmaContext=_XLX_SEP_ PragmaFunction=huffmanDecoderLL_XLX_SEP_ PragmaOptions=variable = bl9Code type = ram_1p impl = lutram_XLX_SEP_ [-Wdump-hls-pragmas]
#pragma HLS BIND_STORAGE variable = bl9Code type = ram_1p impl = lutram
        ^
/home/giovannic/NN2FPGA-open/work/cc/include/huffman_decoder.hpp:936:9: warning: HLS pragma dump _XLX_SEP_ PragmaIsValid=1_XLX_SEP_ PragmaType=array_partition_XLX_SEP_ PragmaContext=_XLX_SEP_ PragmaFunction=huffmanDecoderLL_XLX_SEP_ PragmaOptions=variable = bl9Code complete dim = 1_XLX_SEP_ [-Wdump-hls-pragmas]
#pragma HLS ARRAY_PARTITION variable = bl9Code complete dim = 1
        ^
/home/giovannic/NN2FPGA-open/work/cc/include/huffman_decoder.hpp:937:9: warning: HLS pragma dump _XLX_SEP_ PragmaIsValid=1_XLX_SEP_ PragmaType=bind_storage_XLX_SEP_ PragmaContext=_XLX_SEP_ PragmaFunction=huffmanDecoderLL_XLX_SEP_ PragmaOptions=variable = bl10Code type = ram_1p impl = lutram_XLX_SEP_ [-Wdump-hls-pragmas]
#pragma HLS BIND_STORAGE variable = bl10Code type = ram_1p impl = lutram
        ^
/home/giovannic/NN2FPGA-open/work/cc/include/huffman_decoder.hpp:938:9: warning: HLS pragma dump _XLX_SEP_ PragmaIsValid=1_XLX_SEP_ PragmaType=array_partition_XLX_SEP_ PragmaContext=_XLX_SEP_ PragmaFunction=huffmanDecoderLL_XLX_SEP_ PragmaOptions=variable = bl10Code complete dim = 1_XLX_SEP_ [-Wdump-hls-pragmas]
#pragma HLS ARRAY_PARTITION variable = bl10Code complete dim = 1
        ^
/home/giovannic/NN2FPGA-open/work/cc/include/huffman_decoder.hpp:939:9: warning: HLS pragma dump _XLX_SEP_ PragmaIsValid=1_XLX_SEP_ PragmaType=bind_storage_XLX_SEP_ PragmaContext=_XLX_SEP_ PragmaFunction=huffmanDecoderLL_XLX_SEP_ PragmaOptions=variable = bl11Code type = ram_1p impl = lutram_XLX_SEP_ [-Wdump-hls-pragmas]
#pragma HLS BIND_STORAGE variable = bl11Code type = ram_1p impl = lutram
        ^
/home/giovannic/NN2FPGA-open/work/cc/include/huffman_decoder.hpp:940:9: warning: HLS pragma dump _XLX_SEP_ PragmaIsValid=1_XLX_SEP_ PragmaType=array_partition_XLX_SEP_ PragmaContext=_XLX_SEP_ PragmaFunction=huffmanDecoderLL_XLX_SEP_ PragmaOptions=variable = bl11Code complete dim = 1_XLX_SEP_ [-Wdump-hls-pragmas]
#pragma HLS ARRAY_PARTITION variable = bl11Code complete dim = 1
        ^
/home/giovannic/NN2FPGA-open/work/cc/include/huffman_decoder.hpp:941:9: warning: HLS pragma dump _XLX_SEP_ PragmaIsValid=1_XLX_SEP_ PragmaType=bind_storage_XLX_SEP_ PragmaContext=_XLX_SEP_ PragmaFunction=huffmanDecoderLL_XLX_SEP_ PragmaOptions=variable = bl12Code type = ram_1p impl = lutram_XLX_SEP_ [-Wdump-hls-pragmas]
#pragma HLS BIND_STORAGE variable = bl12Code type = ram_1p impl = lutram
        ^
/home/giovannic/NN2FPGA-open/work/cc/include/huffman_decoder.hpp:942:9: warning: HLS pragma dump _XLX_SEP_ PragmaIsValid=1_XLX_SEP_ PragmaType=array_partition_XLX_SEP_ PragmaContext=_XLX_SEP_ PragmaFunction=huffmanDecoderLL_XLX_SEP_ PragmaOptions=variable = bl12Code complete dim = 1_XLX_SEP_ [-Wdump-hls-pragmas]
#pragma HLS ARRAY_PARTITION variable = bl12Code complete dim = 1
        ^
/home/giovannic/NN2FPGA-open/work/cc/include/huffman_decoder.hpp:943:9: warning: HLS pragma dump _XLX_SEP_ PragmaIsValid=1_XLX_SEP_ PragmaType=bind_storage_XLX_SEP_ PragmaContext=_XLX_SEP_ PragmaFunction=huffmanDecoderLL_XLX_SEP_ PragmaOptions=variable = bl13Code type = ram_1p impl = lutram_XLX_SEP_ [-Wdump-hls-pragmas]
#pragma HLS BIND_STORAGE variable = bl13Code type = ram_1p impl = lutram
        ^
/home/giovannic/NN2FPGA-open/work/cc/include/huffman_decoder.hpp:944:9: warning: HLS pragma dump _XLX_SEP_ PragmaIsValid=1_XLX_SEP_ PragmaType=array_partition_XLX_SEP_ PragmaContext=_XLX_SEP_ PragmaFunction=huffmanDecoderLL_XLX_SEP_ PragmaOptions=variable = bl13Code complete dim = 1_XLX_SEP_ [-Wdump-hls-pragmas]
#pragma HLS ARRAY_PARTITION variable = bl13Code complete dim = 1
        ^
/home/giovannic/NN2FPGA-open/work/cc/include/huffman_decoder.hpp:945:9: warning: HLS pragma dump _XLX_SEP_ PragmaIsValid=1_XLX_SEP_ PragmaType=bind_storage_XLX_SEP_ PragmaContext=_XLX_SEP_ PragmaFunction=huffmanDecoderLL_XLX_SEP_ PragmaOptions=variable = bl14Code type = ram_1p impl = lutram_XLX_SEP_ [-Wdump-hls-pragmas]
#pragma HLS BIND_STORAGE variable = bl14Code type = ram_1p impl = lutram
        ^
/home/giovannic/NN2FPGA-open/work/cc/include/huffman_decoder.hpp:946:9: warning: HLS pragma dump _XLX_SEP_ PragmaIsValid=1_XLX_SEP_ PragmaType=array_partition_XLX_SEP_ PragmaContext=_XLX_SEP_ PragmaFunction=huffmanDecoderLL_XLX_SEP_ PragmaOptions=variable = bl14Code complete dim = 1_XLX_SEP_ [-Wdump-hls-pragmas]
#pragma HLS ARRAY_PARTITION variable = bl14Code complete dim = 1
        ^
/home/giovannic/NN2FPGA-open/work/cc/include/huffman_decoder.hpp:947:9: warning: HLS pragma dump _XLX_SEP_ PragmaIsValid=1_XLX_SEP_ PragmaType=bind_storage_XLX_SEP_ PragmaContext=_XLX_SEP_ PragmaFunction=huffmanDecoderLL_XLX_SEP_ PragmaOptions=variable = bl15Code type = ram_1p impl = lutram_XLX_SEP_ [-Wdump-hls-pragmas]
#pragma HLS BIND_STORAGE variable = bl15Code type = ram_1p impl = lutram
        ^
/home/giovannic/NN2FPGA-open/work/cc/include/huffman_decoder.hpp:948:9: warning: HLS pragma dump _XLX_SEP_ PragmaIsValid=1_XLX_SEP_ PragmaType=array_partition_XLX_SEP_ PragmaContext=_XLX_SEP_ PragmaFunction=huffmanDecoderLL_XLX_SEP_ PragmaOptions=variable = bl15Code complete dim = 1_XLX_SEP_ [-Wdump-hls-pragmas]
#pragma HLS ARRAY_PARTITION variable = bl15Code complete dim = 1
        ^
/home/giovannic/NN2FPGA-open/work/cc/include/huffman_decoder.hpp:988:9: warning: HLS pragma dump _XLX_SEP_ PragmaIsValid=1_XLX_SEP_ PragmaType=pipeline_XLX_SEP_ PragmaContext=_XLX_SEP_ PragmaFunction=huffmanDecoderLL_XLX_SEP_ PragmaOptions=II = 1_XLX_SEP_ [-Wdump-hls-pragmas]
#pragma HLS PIPELINE II = 1
        ^
/home/giovannic/NN2FPGA-open/work/cc/include/huffman_decoder.hpp:1036:9: warning: HLS pragma dump _XLX_SEP_ PragmaIsValid=1_XLX_SEP_ PragmaType=pipeline_XLX_SEP_ PragmaContext=_XLX_SEP_ PragmaFunction=huffmanDecoderLL_XLX_SEP_ PragmaOptions=II = 1_XLX_SEP_ [-Wdump-hls-pragmas]
#pragma HLS PIPELINE II = 1
        ^
/home/giovannic/NN2FPGA-open/work/cc/include/huffman_decoder.hpp:1070:9: warning: HLS pragma dump _XLX_SEP_ PragmaIsValid=1_XLX_SEP_ PragmaType=pipeline_XLX_SEP_ PragmaContext=_XLX_SEP_ PragmaFunction=huffmanDecoderLL_XLX_SEP_ PragmaOptions=II = 2_XLX_SEP_ [-Wdump-hls-pragmas]
#pragma HLS PIPELINE II = 2
        ^
/home/giovannic/NN2FPGA-open/work/cc/include/huffman_decoder.hpp:1131:9: warning: HLS pragma dump _XLX_SEP_ PragmaIsValid=1_XLX_SEP_ PragmaType=pipeline_XLX_SEP_ PragmaContext=_XLX_SEP_ PragmaFunction=huffmanDecoderLL_XLX_SEP_ PragmaOptions=II = 1_XLX_SEP_ [-Wdump-hls-pragmas]
#pragma HLS PIPELINE II = 1
        ^
/home/giovannic/NN2FPGA-open/work/cc/include/huffman_decoder.hpp:1299:9: warning: HLS pragma dump _XLX_SEP_ PragmaIsValid=1_XLX_SEP_ PragmaType=pipeline_XLX_SEP_ PragmaContext=_XLX_SEP_ PragmaFunction=huffmanDecoder_XLX_SEP_ PragmaOptions=II = 1_XLX_SEP_ [-Wdump-hls-pragmas]
#pragma HLS PIPELINE II = 1
        ^
/home/giovannic/NN2FPGA-open/work/cc/include/huffman_decoder.hpp:1339:9: warning: HLS pragma dump _XLX_SEP_ PragmaIsValid=1_XLX_SEP_ PragmaType=pipeline_XLX_SEP_ PragmaContext=_XLX_SEP_ PragmaFunction=huffmanDecoder_XLX_SEP_ PragmaOptions=II = 1_XLX_SEP_ [-Wdump-hls-pragmas]
#pragma HLS PIPELINE II = 1
        ^
/home/giovannic/NN2FPGA-open/work/cc/include/huffman_decoder.hpp:1371:9: warning: HLS pragma dump _XLX_SEP_ PragmaIsValid=1_XLX_SEP_ PragmaType=pipeline_XLX_SEP_ PragmaContext=_XLX_SEP_ PragmaFunction=huffmanDecoder_XLX_SEP_ PragmaOptions=II = 1_XLX_SEP_ [-Wdump-hls-pragmas]
#pragma HLS PIPELINE II = 1
        ^
/home/giovannic/NN2FPGA-open/work/cc/include/huffman_decoder.hpp:1393:9: warning: HLS pragma dump _XLX_SEP_ PragmaIsValid=1_XLX_SEP_ PragmaType=pipeline_XLX_SEP_ PragmaContext=_XLX_SEP_ PragmaFunction=huffmanDecoder_XLX_SEP_ PragmaOptions=II = 1_XLX_SEP_ [-Wdump-hls-pragmas]
#pragma HLS PIPELINE II = 1
        ^
/home/giovannic/NN2FPGA-open/nn2fpga/DecompressorProject/solution1/csynth.tcl:20:9: warning: HLS pragma dump _XLX_SEP_ PragmaIsValid=1_XLX_SEP_ PragmaType=top_XLX_SEP_ PragmaContext=directive_XLX_SEP_ PragmaFunction=decompressor_kernel_XLX_SEP_ PragmaOptions=name=decompressor_kernel_XLX_SEP_ [-Wdump-hls-pragmas]
#pragma HLSDIRECTIVE TOP name=decompressor_kernel
        ^
/home/giovannic/NN2FPGA-open/nn2fpga/DecompressorProject/solution1/directives.tcl:7:9: warning: HLS pragma dump _XLX_SEP_ PragmaIsValid=1_XLX_SEP_ PragmaType=top_XLX_SEP_ PragmaContext=directive_XLX_SEP_ PragmaFunction=decompressor_kernel_XLX_SEP_ PragmaOptions=name=decompressor_kernel_XLX_SEP_ [-Wdump-hls-pragmas]
#pragma HLSDIRECTIVE TOP name=decompressor_kernel
        ^
110 warnings generated.
