

================================================================
== Vitis HLS Report for 'byteGen_Pipeline_bytegen'
================================================================
* Date:           Tue Oct  8 21:19:31 2024

* Version:        2022.2 (Build 4023990 on Oct 11 2023)
* Project:        DecompressorProject
* Solution:       solution1 (Vivado IP Flow Target)
* Product family: virtexuplus
* Target device:  xcvu11p-flga2577-1-e


================================================================
== Performance Estimates
================================================================
+ Timing: 
    * Summary: 
    +--------+----------+----------+------------+
    |  Clock |  Target  | Estimated| Uncertainty|
    +--------+----------+----------+------------+
    |ap_clk  |  10.00 ns|  6.724 ns|     2.70 ns|
    +--------+----------+----------+------------+

+ Latency: 
    * Summary: 
    +---------+---------+----------+----------+-----+-----+---------+
    |  Latency (cycles) |  Latency (absolute) |  Interval | Pipeline|
    |   min   |   max   |    min   |    max   | min | max |   Type  |
    +---------+---------+----------+----------+-----+-----+---------+
    |        ?|        ?|         ?|         ?|    ?|    ?|       no|
    +---------+---------+----------+----------+-----+-----+---------+

    + Detail: 
        * Instance: 
        N/A

        * Loop: 
        +-----------+---------+---------+----------+-----------+-----------+------+----------+
        |           |  Latency (cycles) | Iteration|  Initiation Interval  | Trip |          |
        | Loop Name |   min   |   max   |  Latency |  achieved |   target  | Count| Pipelined|
        +-----------+---------+---------+----------+-----------+-----------+------+----------+
        |- bytegen  |        ?|        ?|         2|          1|          1|     ?|       yes|
        +-----------+---------+---------+----------+-----------+-----------+------+----------+



================================================================
== Utilization Estimates
================================================================
* Summary: 
+---------------------+---------+------+---------+---------+-----+
|         Name        | BRAM_18K|  DSP |    FF   |   LUT   | URAM|
+---------------------+---------+------+---------+---------+-----+
|DSP                  |        -|     -|        -|        -|    -|
|Expression           |        -|     -|        0|     1005|    -|
|FIFO                 |        -|     -|        -|        -|    -|
|Instance             |        -|     -|        0|       37|    -|
|Memory               |        -|     -|        -|        -|    -|
|Multiplexer          |        -|     -|        -|      224|    -|
|Register             |        -|     -|      175|        -|    -|
+---------------------+---------+------+---------+---------+-----+
|Total                |        0|     0|      175|     1266|    0|
+---------------------+---------+------+---------+---------+-----+
|Available SLR        |     1344|  3072|   864000|   432000|  320|
+---------------------+---------+------+---------+---------+-----+
|Utilization SLR (%)  |        0|     0|       ~0|       ~0|    0|
+---------------------+---------+------+---------+---------+-----+
|Available            |     4032|  9216|  2592000|  1296000|  960|
+---------------------+---------+------+---------+---------+-----+
|Utilization (%)      |        0|     0|       ~0|       ~0|    0|
+---------------------+---------+------+---------+---------+-----+

+ Detail: 
    * Instance: 
    +---------------------------+----------------------+---------+----+---+----+-----+
    |          Instance         |        Module        | BRAM_18K| DSP| FF| LUT| URAM|
    +---------------------------+----------------------+---------+----+---+----+-----+
    |sparsemux_15_3_5_1_1_U260  |sparsemux_15_3_5_1_1  |        0|   0|  0|  37|    0|
    +---------------------------+----------------------+---------+----+---+----+-----+
    |Total                      |                      |        0|   0|  0|  37|    0|
    +---------------------------+----------------------+---------+----+---+----+-----+

    * DSP: 
    N/A

    * Memory: 
    N/A

    * FIFO: 
    N/A

    * Expression: 
    +----------------------------------+----------+----+---+-----+------------+------------+
    |           Variable Name          | Operation| DSP| FF| LUT | Bitwidth P0| Bitwidth P1|
    +----------------------------------+----------+----+---+-----+------------+------------+
    |add_ln489_fu_966_p2               |         +|   0|  0|   15|           8|           2|
    |add_ln531_fu_1355_p2              |         +|   0|  0|   39|          32|          32|
    |add_ln533_fu_1361_p2              |         +|   0|  0|   13|           6|           5|
    |copy_5_fu_978_p2                  |         +|   0|  0|   15|           8|           8|
    |copy_7_fu_1279_p2                 |         +|   0|  0|   15|           8|           2|
    |dynamic_curInSize_5_fu_1270_p2    |         +|   0|  0|   23|          16|           1|
    |sub_ln495_fu_987_p2               |         -|   0|  0|   13|           6|           6|
    |sub_ln499_fu_1010_p2              |         -|   0|  0|   13|           6|           6|
    |and_ln496_fu_1045_p2              |       and|   0|  0|    2|           1|           1|
    |and_ln497_1_fu_1174_p2            |       and|   0|  0|    2|           1|           1|
    |and_ln502_1_fu_1130_p2            |       and|   0|  0|    2|           1|           1|
    |and_ln502_2_fu_1207_p2            |       and|   0|  0|    2|           1|           1|
    |and_ln502_3_fu_1213_p2            |       and|   0|  0|    2|           1|           1|
    |and_ln502_4_fu_1239_p2            |       and|   0|  0|    2|           1|           1|
    |and_ln502_fu_1118_p2              |       and|   0|  0|    2|           1|           1|
    |ap_block_pp0_stage0_01001         |       and|   0|  0|    2|           1|           1|
    |ap_condition_261                  |       and|   0|  0|    2|           1|           1|
    |ap_condition_914                  |       and|   0|  0|    2|           1|           1|
    |ap_condition_917                  |       and|   0|  0|    2|           1|           1|
    |ap_condition_921                  |       and|   0|  0|    2|           1|           1|
    |ap_predicate_op219_read_state3    |       and|   0|  0|    2|           1|           1|
    |extra_copy_fu_972_p2              |       and|   0|  0|    8|           8|           8|
    |isExtra_4_fu_1112_p2              |       and|   0|  0|    2|           1|           1|
    |icmp_ln469_1_fu_553_p2            |      icmp|   0|  0|   15|           8|           1|
    |icmp_ln469_fu_548_p2              |      icmp|   0|  0|   23|          16|          16|
    |icmp_ln473_1_fu_606_p2            |      icmp|   0|  0|   23|          16|          16|
    |icmp_ln473_2_fu_631_p2            |      icmp|   0|  0|   23|          16|          16|
    |icmp_ln473_3_fu_678_p2            |      icmp|   0|  0|   23|          16|          16|
    |icmp_ln473_4_fu_703_p2            |      icmp|   0|  0|   23|          16|          16|
    |icmp_ln473_5_fu_750_p2            |      icmp|   0|  0|   23|          16|          16|
    |icmp_ln473_6_fu_775_p2            |      icmp|   0|  0|   23|          16|          16|
    |icmp_ln473_fu_573_p2              |      icmp|   0|  0|   23|          16|          16|
    |icmp_ln496_fu_847_p2              |      icmp|   0|  0|   15|           8|           1|
    |icmp_ln502_1_fu_1124_p2           |      icmp|   0|  0|   13|           5|           6|
    |icmp_ln502_2_fu_1195_p2           |      icmp|   0|  0|   13|           5|           6|
    |icmp_ln502_3_fu_1201_p2           |      icmp|   0|  0|   12|           5|           5|
    |icmp_ln502_fu_1106_p2             |      icmp|   0|  0|   12|           5|           5|
    |icmp_ln525_fu_1259_p2             |      icmp|   0|  0|   15|           8|           1|
    |icmp_ln529_fu_1313_p2             |      icmp|   0|  0|    9|           2|           1|
    |bitbuffer_40_fu_952_p2            |      lshr|   0|  0|  100|          32|          32|
    |bitbuffer_fu_939_p2               |      lshr|   0|  0|  100|          32|          32|
    |ap_block_state3_pp0_stage0_iter2  |        or|   0|  0|    2|           1|           1|
    |or_ln469_fu_559_p2                |        or|   0|  0|    2|           1|           1|
    |or_ln474_1_fu_722_p2              |        or|   0|  0|    2|           1|           1|
    |or_ln474_2_fu_794_p2              |        or|   0|  0|    2|           1|           1|
    |or_ln474_fu_650_p2                |        or|   0|  0|    2|           1|           1|
    |or_ln496_1_fu_1025_p2             |        or|   0|  0|    2|           1|           1|
    |or_ln496_2_fu_1094_p2             |        or|   0|  0|    2|           1|           1|
    |or_ln496_fu_1020_p2               |        or|   0|  0|    2|           1|           1|
    |or_ln497_fu_1100_p2               |        or|   0|  0|    2|           1|           1|
    |or_ln502_1_fu_1245_p2             |        or|   0|  0|    2|           1|           1|
    |or_ln502_fu_1144_p2               |        or|   0|  0|    2|           1|           1|
    |or_ln529_1_fu_1331_p2             |        or|   0|  0|    2|           1|           1|
    |or_ln529_fu_1319_p2               |        or|   0|  0|    2|           1|           1|
    |bitbuffer_41_fu_1058_p3           |    select|   0|  0|   32|           1|          32|
    |bitbuffer_42_fu_1065_p3           |    select|   0|  0|   32|           1|          32|
    |copy_6_fu_1219_p3                 |    select|   0|  0|    8|           1|           4|
    |current_bits_11_fu_584_p3         |    select|   0|  0|    4|           1|           1|
    |current_bits_12_fu_656_p3         |    select|   0|  0|    4|           1|           4|
    |current_bits_13_fu_728_p3         |    select|   0|  0|    4|           1|           4|
    |current_bits_14_fu_800_p3         |    select|   0|  0|    4|           1|           4|
    |extra_3_fu_1158_p3                |    select|   0|  0|    3|           1|           3|
    |len_2_fu_1227_p3                  |    select|   0|  0|    4|           1|           4|
    |len_3_fu_1251_p3                  |    select|   0|  0|   16|           1|          16|
    |sel_tmp10_fu_1073_p3              |    select|   0|  0|    6|           1|           6|
    |sel_tmp2_fu_1031_p3               |    select|   0|  0|    6|           1|           6|
    |sel_tmp32_fu_1166_p3              |    select|   0|  0|    8|           1|           8|
    |select_ln474_2_fu_714_p3          |    select|   0|  0|    3|           1|           3|
    |select_ln474_4_fu_786_p3          |    select|   0|  0|    3|           1|           3|
    |select_ln474_fu_642_p3            |    select|   0|  0|    2|           1|           2|
    |select_ln496_2_fu_1081_p3         |    select|   0|  0|    6|           1|           6|
    |select_ln496_3_fu_1188_p3         |    select|   0|  0|    8|           1|           8|
    |select_ln496_fu_1050_p3           |    select|   0|  0|    6|           1|           6|
    |select_ln497_fu_1180_p3           |    select|   0|  0|    8|           1|           1|
    |select_ln502_1_fu_1150_p3         |    select|   0|  0|    3|           1|           3|
    |select_ln502_fu_1136_p3           |    select|   0|  0|    2|           1|           2|
    |shl_ln489_fu_957_p2               |       shl|   0|  0|   17|           1|           8|
    |shl_ln531_fu_1345_p2              |       shl|   0|  0|   96|          31|          31|
    |ap_enable_pp0                     |       xor|   0|  0|    2|           1|           2|
    |sel_tmp3_fu_1039_p2               |       xor|   0|  0|    2|           1|           2|
    |val_30_fu_611_p2                  |       xor|   0|  0|    2|           1|           2|
    |val_31_fu_636_p2                  |       xor|   0|  0|    2|           1|           2|
    |val_32_fu_683_p2                  |       xor|   0|  0|    2|           1|           2|
    |val_33_fu_708_p2                  |       xor|   0|  0|    2|           1|           2|
    |val_34_fu_755_p2                  |       xor|   0|  0|    2|           1|           2|
    |val_35_fu_780_p2                  |       xor|   0|  0|    2|           1|           2|
    |val_fu_578_p2                     |       xor|   0|  0|    2|           1|           2|
    |xor_ln496_fu_1089_p2              |       xor|   0|  0|    2|           1|           2|
    |xor_ln497_fu_1001_p2              |       xor|   0|  0|    2|           1|           2|
    |xor_ln529_fu_1325_p2              |       xor|   0|  0|    2|           1|           2|
    +----------------------------------+----------+----+---+-----+------------+------------+
    |Total                             |          |   0|  0| 1005|         429|         536|
    +----------------------------------+----------+----+---+-----+------------+------------+

    * Multiplexer: 
    +--------------------------------------+----+-----------+-----+-----------+
    |                 Name                 | LUT| Input Size| Bits| Total Bits|
    +--------------------------------------+----+-----------+-----+-----------+
    |ap_done_int                           |   9|          2|    1|          2|
    |ap_enable_reg_pp0_iter1               |   9|          2|    1|          2|
    |ap_loop_exit_ready_pp0_iter2_reg      |   9|          2|    1|          2|
    |ap_sig_allocacmp_copy_4               |  14|          3|    8|         24|
    |ap_sig_allocacmp_dynamic_curInSize_4  |   9|          2|   16|         32|
    |ap_sig_allocacmp_p_bitbuffer_1_load   |  14|          3|   32|         96|
    |bits_cntr_1_fu_218                    |  14|          3|    6|         18|
    |copy_fu_194                           |   9|          2|    8|         16|
    |current_bits_fu_198                   |   9|          2|    4|          8|
    |done_1_fu_230                         |   9|          2|    1|          2|
    |dynamic_curInSize_fu_226              |   9|          2|   16|         32|
    |empty_56_fu_206                       |  14|          3|    6|         18|
    |empty_57_fu_210                       |  14|          3|    1|          3|
    |extra_fu_202                          |   9|          2|    3|          6|
    |huffman_eos_stream_blk_n              |   9|          2|    1|          2|
    |huffman_input_stream_blk_n            |   9|          2|    1|          2|
    |isExtra_reg_461                       |   9|          2|    1|          2|
    |len_fu_190                            |   9|          2|   16|         32|
    |p_bitbuffer_1_fu_214                  |  14|          3|   32|         96|
    |write_flag3_1_fu_234                  |   9|          2|    1|          2|
    |write_flag_1_fu_222                   |  14|          3|    1|          3|
    +--------------------------------------+----+-----------+-----+-----------+
    |Total                                 | 224|         49|  157|        400|
    +--------------------------------------+----+-----------+-----+-----------+

    * Register: 
    +----------------------------------+----+----+-----+-----------+
    |               Name               | FF | LUT| Bits| Const Bits|
    +----------------------------------+----+----+-----+-----------+
    |add_i307_cast_cast_reg_1580       |   9|   0|   16|          7|
    |ap_CS_fsm                         |   1|   0|    1|          0|
    |ap_done_reg                       |   1|   0|    1|          0|
    |ap_enable_reg_pp0_iter1           |   1|   0|    1|          0|
    |ap_enable_reg_pp0_iter2           |   1|   0|    1|          0|
    |ap_loop_exit_ready_pp0_iter2_reg  |   1|   0|    1|          0|
    |bits_cntr_1_fu_218                |   6|   0|    6|          0|
    |copy_4_reg_1585                   |   8|   0|    8|          0|
    |copy_fu_194                       |   8|   0|    8|          0|
    |current_bits_14_reg_1610          |   4|   0|    4|          0|
    |current_bits_fu_198               |   4|   0|    4|          0|
    |done_1_fu_230                     |   1|   0|    1|          0|
    |dynamic_curInSize_4_reg_1600      |  16|   0|   16|          0|
    |dynamic_curInSize_fu_226          |  16|   0|   16|          0|
    |empty_56_fu_206                   |   6|   0|    6|          0|
    |empty_57_fu_210                   |   1|   0|    1|          0|
    |extra_fu_202                      |   3|   0|    3|          0|
    |icmp_ln496_reg_1656               |   1|   0|    1|          0|
    |isExtra_reg_461                   |   1|   0|    1|          0|
    |len_fu_190                        |  16|   0|   16|          0|
    |or_ln469_reg_1606                 |   1|   0|    1|          0|
    |p_bitbuffer_1_fu_214              |  32|   0|   32|          0|
    |p_bitbuffer_1_load_reg_1591       |  32|   0|   32|          0|
    |trunc_ln467_reg_1616              |   3|   0|    3|          0|
    |write_flag3_1_fu_234              |   1|   0|    1|          0|
    |write_flag_1_fu_222               |   1|   0|    1|          0|
    +----------------------------------+----+----+-----+-----------+
    |Total                             | 175|   0|  182|          7|
    +----------------------------------+----+----+-----+-----------+



================================================================
== Interface
================================================================
* Summary: 
+------------------------------+-----+-----+------------+--------------------------+--------------+
|           RTL Ports          | Dir | Bits|  Protocol  |       Source Object      |    C Type    |
+------------------------------+-----+-----+------------+--------------------------+--------------+
|ap_clk                        |   in|    1|  ap_ctrl_hs|  byteGen_Pipeline_bytegen|  return value|
|ap_rst                        |   in|    1|  ap_ctrl_hs|  byteGen_Pipeline_bytegen|  return value|
|ap_start                      |   in|    1|  ap_ctrl_hs|  byteGen_Pipeline_bytegen|  return value|
|ap_done                       |  out|    1|  ap_ctrl_hs|  byteGen_Pipeline_bytegen|  return value|
|ap_idle                       |  out|    1|  ap_ctrl_hs|  byteGen_Pipeline_bytegen|  return value|
|ap_ready                      |  out|    1|  ap_ctrl_hs|  byteGen_Pipeline_bytegen|  return value|
|huffman_input_stream_dout     |   in|   16|     ap_fifo|      huffman_input_stream|       pointer|
|huffman_input_stream_empty_n  |   in|    1|     ap_fifo|      huffman_input_stream|       pointer|
|huffman_input_stream_read     |  out|    1|     ap_fifo|      huffman_input_stream|       pointer|
|huffman_eos_stream_dout       |   in|    1|     ap_fifo|        huffman_eos_stream|       pointer|
|huffman_eos_stream_empty_n    |   in|    1|     ap_fifo|        huffman_eos_stream|       pointer|
|huffman_eos_stream_read       |  out|    1|     ap_fifo|        huffman_eos_stream|       pointer|
|write_flag_0                  |   in|    1|     ap_none|              write_flag_0|        scalar|
|empty_39                      |   in|    6|     ap_none|                  empty_39|        scalar|
|p_bitbuffer_0                 |   in|   32|     ap_none|             p_bitbuffer_0|        scalar|
|empty                         |   in|    1|     ap_none|                     empty|        scalar|
|add_i307_cast                 |   in|    9|     ap_none|             add_i307_cast|        scalar|
|codeOffsets_load              |   in|   16|     ap_none|          codeOffsets_load|        scalar|
|codeOffsets_load_1            |   in|   16|     ap_none|        codeOffsets_load_1|        scalar|
|codeOffsets_load_2            |   in|   16|     ap_none|        codeOffsets_load_2|        scalar|
|codeOffsets_load_3            |   in|   16|     ap_none|        codeOffsets_load_3|        scalar|
|codeOffsets_load_4            |   in|   16|     ap_none|        codeOffsets_load_4|        scalar|
|codeOffsets_load_5            |   in|   16|     ap_none|        codeOffsets_load_5|        scalar|
|codeOffsets_load_6            |   in|   16|     ap_none|        codeOffsets_load_6|        scalar|
|bl1Codes_address0             |  out|    1|   ap_memory|                  bl1Codes|         array|
|bl1Codes_ce0                  |  out|    1|   ap_memory|                  bl1Codes|         array|
|bl1Codes_q0                   |   in|    9|   ap_memory|                  bl1Codes|         array|
|bl2Codes_address0             |  out|    2|   ap_memory|                  bl2Codes|         array|
|bl2Codes_ce0                  |  out|    1|   ap_memory|                  bl2Codes|         array|
|bl2Codes_q0                   |   in|    9|   ap_memory|                  bl2Codes|         array|
|bl3Codes_address0             |  out|    3|   ap_memory|                  bl3Codes|         array|
|bl3Codes_ce0                  |  out|    1|   ap_memory|                  bl3Codes|         array|
|bl3Codes_q0                   |   in|    9|   ap_memory|                  bl3Codes|         array|
|bl4Codes_address0             |  out|    4|   ap_memory|                  bl4Codes|         array|
|bl4Codes_ce0                  |  out|    1|   ap_memory|                  bl4Codes|         array|
|bl4Codes_q0                   |   in|    9|   ap_memory|                  bl4Codes|         array|
|bl5Codes_address0             |  out|    5|   ap_memory|                  bl5Codes|         array|
|bl5Codes_ce0                  |  out|    1|   ap_memory|                  bl5Codes|         array|
|bl5Codes_q0                   |   in|    9|   ap_memory|                  bl5Codes|         array|
|bl6Codes_address0             |  out|    6|   ap_memory|                  bl6Codes|         array|
|bl6Codes_ce0                  |  out|    1|   ap_memory|                  bl6Codes|         array|
|bl6Codes_q0                   |   in|    9|   ap_memory|                  bl6Codes|         array|
|bl7Codes_address0             |  out|    7|   ap_memory|                  bl7Codes|         array|
|bl7Codes_ce0                  |  out|    1|   ap_memory|                  bl7Codes|         array|
|bl7Codes_q0                   |   in|    9|   ap_memory|                  bl7Codes|         array|
|lens_address0                 |  out|    9|   ap_memory|                      lens|         array|
|lens_ce0                      |  out|    1|   ap_memory|                      lens|         array|
|lens_we0                      |  out|    1|   ap_memory|                      lens|         array|
|lens_d0                       |  out|    5|   ap_memory|                      lens|         array|
|write_flag_1_out              |  out|    1|      ap_vld|          write_flag_1_out|       pointer|
|write_flag_1_out_ap_vld       |  out|    1|      ap_vld|          write_flag_1_out|       pointer|
|bits_cntr_1_out               |  out|    6|      ap_vld|           bits_cntr_1_out|       pointer|
|bits_cntr_1_out_ap_vld        |  out|    1|      ap_vld|           bits_cntr_1_out|       pointer|
|write_flag3_1_out             |  out|    1|      ap_vld|         write_flag3_1_out|       pointer|
|write_flag3_1_out_ap_vld      |  out|    1|      ap_vld|         write_flag3_1_out|       pointer|
|p_bitbuffer_1_out             |  out|   32|      ap_vld|         p_bitbuffer_1_out|       pointer|
|p_bitbuffer_1_out_ap_vld      |  out|    1|      ap_vld|         p_bitbuffer_1_out|       pointer|
|done_1_out                    |  out|    1|      ap_vld|                done_1_out|       pointer|
|done_1_out_ap_vld             |  out|    1|      ap_vld|                done_1_out|       pointer|
+------------------------------+-----+-----+------------+--------------------------+--------------+

