

================================================================
== Vitis HLS Report for 'byteGen'
================================================================
* Date:           Tue Oct  8 21:19:32 2024

* Version:        2022.2 (Build 4023990 on Oct 11 2023)
* Project:        DecompressorProject
* Solution:       solution1 (Vivado IP Flow Target)
* Product family: virtexuplus
* Target device:  xcvu11p-flga2577-1-e


================================================================
== Performance Estimates
================================================================
+ Timing: 
    * Summary: 
    +--------+----------+----------+------------+
    |  Clock |  Target  | Estimated| Uncertainty|
    +--------+----------+----------+------------+
    |ap_clk  |  10.00 ns|  6.724 ns|     2.70 ns|
    +--------+----------+----------+------------+

+ Latency: 
    * Summary: 
    +---------+---------+----------+----------+-----+-----+---------+
    |  Latency (cycles) |  Latency (absolute) |  Interval | Pipeline|
    |   min   |   max   |    min   |    max   | min | max |   Type  |
    +---------+---------+----------+----------+-----+-----+---------+
    |        ?|        ?|         ?|         ?|    ?|    ?|       no|
    +---------+---------+----------+----------+-----+-----+---------+

    + Detail: 
        * Instance: 
        +-------------------------------------+--------------------------+---------+---------+----------+----------+-----+-----+---------+
        |                                     |                          |  Latency (cycles) |  Latency (absolute) |  Interval | Pipeline|
        |               Instance              |          Module          |   min   |   max   |    min   |    max   | min | max |   Type  |
        +-------------------------------------+--------------------------+---------+---------+----------+----------+-----+-----+---------+
        |grp_byteGen_Pipeline_bytegen_fu_274  |byteGen_Pipeline_bytegen  |        ?|        ?|         ?|         ?|    ?|    ?|       no|
        +-------------------------------------+--------------------------+---------+---------+----------+----------+-----+-----+---------+

        * Loop: 
        N/A



================================================================
== Utilization Estimates
================================================================
* Summary: 
+---------------------+---------+------+---------+---------+-----+
|         Name        | BRAM_18K|  DSP |    FF   |   LUT   | URAM|
+---------------------+---------+------+---------+---------+-----+
|DSP                  |        -|     -|        -|        -|    -|
|Expression           |        -|     -|        0|      185|    -|
|FIFO                 |        -|     -|        -|        -|    -|
|Instance             |        -|     -|      175|     1266|    -|
|Memory               |        -|     -|        -|        -|    -|
|Multiplexer          |        -|     -|        -|      162|    -|
|Register             |        -|     -|      169|        -|    -|
+---------------------+---------+------+---------+---------+-----+
|Total                |        0|     0|      344|     1613|    0|
+---------------------+---------+------+---------+---------+-----+
|Available SLR        |     1344|  3072|   864000|   432000|  320|
+---------------------+---------+------+---------+---------+-----+
|Utilization SLR (%)  |        0|     0|       ~0|       ~0|    0|
+---------------------+---------+------+---------+---------+-----+
|Available            |     4032|  9216|  2592000|  1296000|  960|
+---------------------+---------+------+---------+---------+-----+
|Utilization (%)      |        0|     0|       ~0|       ~0|    0|
+---------------------+---------+------+---------+---------+-----+

+ Detail: 
    * Instance: 
    +-------------------------------------+--------------------------+---------+----+-----+------+-----+
    |               Instance              |          Module          | BRAM_18K| DSP|  FF |  LUT | URAM|
    +-------------------------------------+--------------------------+---------+----+-----+------+-----+
    |grp_byteGen_Pipeline_bytegen_fu_274  |byteGen_Pipeline_bytegen  |        0|   0|  175|  1266|    0|
    +-------------------------------------+--------------------------+---------+----+-----+------+-----+
    |Total                                |                          |        0|   0|  175|  1266|    0|
    +-------------------------------------+--------------------------+---------+----+-----+------+-----+

    * DSP: 
    N/A

    * Memory: 
    N/A

    * FIFO: 
    N/A

    * Expression: 
    +--------------------------+----------+----+---+----+------------+------------+
    |       Variable Name      | Operation| DSP| FF| LUT| Bitwidth P0| Bitwidth P1|
    +--------------------------+----------+----+---+----+------------+------------+
    |add_i307_fu_377_p2        |         +|   0|  0|  16|           9|           9|
    |add_ln60_fu_361_p2        |         +|   0|  0|  39|          32|          32|
    |add_ln62_fu_367_p2        |         +|   0|  0|  13|           6|           5|
    |icmp_ln57_fu_331_p2       |      icmp|   0|  0|   9|           2|           1|
    |ap_block_state1           |        or|   0|  0|   2|           1|           1|
    |or_ln57_fu_337_p2         |        or|   0|  0|   2|           1|           1|
    |select_ln536_1_fu_405_p3  |    select|   0|  0|   2|           1|           1|
    |select_ln536_fu_398_p3    |    select|   0|  0|   6|           1|           6|
    |shl_ln60_fu_351_p2        |       shl|   0|  0|  96|          31|          31|
    +--------------------------+----------+----+---+----+------------+------------+
    |Total                     |          |   0|  0| 185|          84|          87|
    +--------------------------+----------+----+---+----+------------+------------+

    * Multiplexer: 
    +----------------------------+----+-----------+-----+-----------+
    |            Name            | LUT| Input Size| Bits| Total Bits|
    +----------------------------+----+-----------+-----+-----------+
    |ap_NS_fsm                   |  43|          8|    1|          8|
    |codeOffsets_address0        |  26|          5|    4|         20|
    |codeOffsets_address1        |  20|          4|    4|         16|
    |empty_58_reg_264            |   9|          2|    6|         12|
    |empty_reg_254               |   9|          2|    1|          2|
    |huffman_eos_stream_blk_n    |   9|          2|    1|          2|
    |huffman_eos_stream_read     |  14|          3|    1|          3|
    |huffman_input_stream_blk_n  |   9|          2|    1|          2|
    |huffman_input_stream_read   |  14|          3|    1|          3|
    |p_bitbuffer_0_reg_230       |   9|          2|   32|         64|
    +----------------------------+----+-----------+-----+-----------+
    |Total                       | 162|         33|   52|        132|
    +----------------------------+----+-----------+-----+-----------+

    * Register: 
    +--------------------------------------------------+----+----+-----+-----------+
    |                       Name                       | FF | LUT| Bits| Const Bits|
    +--------------------------------------------------+----+----+-----+-----------+
    |add_i307_reg_500                                  |   9|   0|    9|          0|
    |ap_CS_fsm                                         |   7|   0|    7|          0|
    |codeOffsets_load_1_reg_530                        |  16|   0|   16|          0|
    |codeOffsets_load_2_reg_535                        |  16|   0|   16|          0|
    |codeOffsets_load_3_reg_550                        |  16|   0|   16|          0|
    |codeOffsets_load_4_reg_555                        |  16|   0|   16|          0|
    |codeOffsets_load_5_reg_560                        |  16|   0|   16|          0|
    |codeOffsets_load_6_reg_565                        |  16|   0|   16|          0|
    |codeOffsets_load_reg_515                          |  16|   0|   16|          0|
    |empty_58_reg_264                                  |   6|   0|    6|          0|
    |empty_reg_254                                     |   1|   0|    1|          0|
    |grp_byteGen_Pipeline_bytegen_fu_274_ap_start_reg  |   1|   0|    1|          0|
    |p_bitbuffer_0_reg_230                             |  32|   0|   32|          0|
    |write_flag_0_reg_240                              |   1|   0|    1|          0|
    +--------------------------------------------------+----+----+-----+-----------+
    |Total                                             | 169|   0|  169|          0|
    +--------------------------------------------------+----+----+-----+-----------+



================================================================
== Interface
================================================================
* Summary: 
+------------------------------+-----+-----+------------+----------------------+--------------+
|           RTL Ports          | Dir | Bits|  Protocol  |     Source Object    |    C Type    |
+------------------------------+-----+-----+------------+----------------------+--------------+
|ap_clk                        |   in|    1|  ap_ctrl_hs|               byteGen|  return value|
|ap_rst                        |   in|    1|  ap_ctrl_hs|               byteGen|  return value|
|ap_start                      |   in|    1|  ap_ctrl_hs|               byteGen|  return value|
|ap_done                       |  out|    1|  ap_ctrl_hs|               byteGen|  return value|
|ap_idle                       |  out|    1|  ap_ctrl_hs|               byteGen|  return value|
|ap_ready                      |  out|    1|  ap_ctrl_hs|               byteGen|  return value|
|ap_return_0                   |  out|   32|  ap_ctrl_hs|               byteGen|  return value|
|ap_return_1                   |  out|    6|  ap_ctrl_hs|               byteGen|  return value|
|ap_return_2                   |  out|    1|  ap_ctrl_hs|               byteGen|  return value|
|p_read                        |   in|   32|     ap_none|                p_read|        scalar|
|p_read1                       |   in|    6|     ap_none|               p_read1|        scalar|
|codeOffsets_address0          |  out|    4|   ap_memory|           codeOffsets|         array|
|codeOffsets_ce0               |  out|    1|   ap_memory|           codeOffsets|         array|
|codeOffsets_q0                |   in|   16|   ap_memory|           codeOffsets|         array|
|codeOffsets_address1          |  out|    4|   ap_memory|           codeOffsets|         array|
|codeOffsets_ce1               |  out|    1|   ap_memory|           codeOffsets|         array|
|codeOffsets_q1                |   in|   16|   ap_memory|           codeOffsets|         array|
|bl1Codes_address0             |  out|    1|   ap_memory|              bl1Codes|         array|
|bl1Codes_ce0                  |  out|    1|   ap_memory|              bl1Codes|         array|
|bl1Codes_q0                   |   in|    9|   ap_memory|              bl1Codes|         array|
|bl2Codes_address0             |  out|    2|   ap_memory|              bl2Codes|         array|
|bl2Codes_ce0                  |  out|    1|   ap_memory|              bl2Codes|         array|
|bl2Codes_q0                   |   in|    9|   ap_memory|              bl2Codes|         array|
|bl3Codes_address0             |  out|    3|   ap_memory|              bl3Codes|         array|
|bl3Codes_ce0                  |  out|    1|   ap_memory|              bl3Codes|         array|
|bl3Codes_q0                   |   in|    9|   ap_memory|              bl3Codes|         array|
|bl4Codes_address0             |  out|    4|   ap_memory|              bl4Codes|         array|
|bl4Codes_ce0                  |  out|    1|   ap_memory|              bl4Codes|         array|
|bl4Codes_q0                   |   in|    9|   ap_memory|              bl4Codes|         array|
|bl5Codes_address0             |  out|    5|   ap_memory|              bl5Codes|         array|
|bl5Codes_ce0                  |  out|    1|   ap_memory|              bl5Codes|         array|
|bl5Codes_q0                   |   in|    9|   ap_memory|              bl5Codes|         array|
|bl6Codes_address0             |  out|    6|   ap_memory|              bl6Codes|         array|
|bl6Codes_ce0                  |  out|    1|   ap_memory|              bl6Codes|         array|
|bl6Codes_q0                   |   in|    9|   ap_memory|              bl6Codes|         array|
|bl7Codes_address0             |  out|    7|   ap_memory|              bl7Codes|         array|
|bl7Codes_ce0                  |  out|    1|   ap_memory|              bl7Codes|         array|
|bl7Codes_q0                   |   in|    9|   ap_memory|              bl7Codes|         array|
|lens_address0                 |  out|    9|   ap_memory|                  lens|         array|
|lens_ce0                      |  out|    1|   ap_memory|                  lens|         array|
|lens_we0                      |  out|    1|   ap_memory|                  lens|         array|
|lens_d0                       |  out|    5|   ap_memory|                  lens|         array|
|huffman_eos_stream_dout       |   in|    1|     ap_fifo|    huffman_eos_stream|       pointer|
|huffman_eos_stream_empty_n    |   in|    1|     ap_fifo|    huffman_eos_stream|       pointer|
|huffman_eos_stream_read       |  out|    1|     ap_fifo|    huffman_eos_stream|       pointer|
|huffman_input_stream_dout     |   in|   16|     ap_fifo|  huffman_input_stream|       pointer|
|huffman_input_stream_empty_n  |   in|    1|     ap_fifo|  huffman_input_stream|       pointer|
|huffman_input_stream_read     |  out|    1|     ap_fifo|  huffman_input_stream|       pointer|
|nlen_val                      |   in|    9|     ap_none|              nlen_val|        scalar|
|ndist_val                     |   in|    6|     ap_none|             ndist_val|        scalar|
|p_read2                       |   in|    1|     ap_none|               p_read2|        scalar|
+------------------------------+-----+-----+------------+----------------------+--------------+

