

================================================================
== Vitis HLS Report for 'code_generator_array_dyn_new_Pipeline_CodeGen'
================================================================
* Date:           Tue Oct  8 21:19:31 2024

* Version:        2022.2 (Build 4023990 on Oct 11 2023)
* Project:        DecompressorProject
* Solution:       solution1 (Vivado IP Flow Target)
* Product family: virtexuplus
* Target device:  xcvu11p-flga2577-1-e


================================================================
== Performance Estimates
================================================================
+ Timing: 
    * Summary: 
    +--------+----------+----------+------------+
    |  Clock |  Target  | Estimated| Uncertainty|
    +--------+----------+----------+------------+
    |ap_clk  |  10.00 ns|  2.889 ns|     2.70 ns|
    +--------+----------+----------+------------+

+ Latency: 
    * Summary: 
    +---------+---------+-----------+----------+-----+-----+---------+
    |  Latency (cycles) |  Latency (absolute)  |  Interval | Pipeline|
    |   min   |   max   |    min    |    max   | min | max |   Type  |
    +---------+---------+-----------+----------+-----+-----+---------+
    |        2|      513|  20.000 ns|  5.130 us|    2|  513|       no|
    +---------+---------+-----------+----------+-----+-----+---------+

    + Detail: 
        * Instance: 
        N/A

        * Loop: 
        +-----------+---------+---------+----------+-----------+-----------+---------+----------+
        |           |  Latency (cycles) | Iteration|  Initiation Interval  |   Trip  |          |
        | Loop Name |   min   |   max   |  Latency |  achieved |   target  |  Count  | Pipelined|
        +-----------+---------+---------+----------+-----------+-----------+---------+----------+
        |- CodeGen  |        0|      511|         2|          1|          1|  0 ~ 511|       yes|
        +-----------+---------+---------+----------+-----------+-----------+---------+----------+



================================================================
== Utilization Estimates
================================================================
* Summary: 
+---------------------+---------+------+---------+---------+-----+
|         Name        | BRAM_18K|  DSP |    FF   |   LUT   | URAM|
+---------------------+---------+------+---------+---------+-----+
|DSP                  |        -|     -|        -|        -|    -|
|Expression           |        -|     -|        0|      114|    -|
|FIFO                 |        -|     -|        -|        -|    -|
|Instance             |        -|     -|        0|       65|    -|
|Memory               |        -|     -|        -|        -|    -|
|Multiplexer          |        -|     -|        -|      171|    -|
|Register             |        -|     -|      246|        -|    -|
+---------------------+---------+------+---------+---------+-----+
|Total                |        0|     0|      246|      350|    0|
+---------------------+---------+------+---------+---------+-----+
|Available SLR        |     1344|  3072|   864000|   432000|  320|
+---------------------+---------+------+---------+---------+-----+
|Utilization SLR (%)  |        0|     0|       ~0|       ~0|    0|
+---------------------+---------+------+---------+---------+-----+
|Available            |     4032|  9216|  2592000|  1296000|  960|
+---------------------+---------+------+---------+---------+-----+
|Utilization (%)      |        0|     0|       ~0|       ~0|    0|
+---------------------+---------+------+---------+---------+-----+

+ Detail: 
    * Instance: 
    +----------------------------+-----------------------+---------+----+---+----+-----+
    |          Instance          |         Module        | BRAM_18K| DSP| FF| LUT| URAM|
    +----------------------------+-----------------------+---------+----+---+----+-----+
    |sparsemux_31_4_15_1_1_U206  |sparsemux_31_4_15_1_1  |        0|   0|  0|  65|    0|
    +----------------------------+-----------------------+---------+----+---+----+-----+
    |Total                       |                       |        0|   0|  0|  65|    0|
    +----------------------------+-----------------------+---------+----+---+----+-----+

    * DSP: 
    N/A

    * Memory: 
    N/A

    * FIFO: 
    N/A

    * Expression: 
    +------------------------+----------+----+---+----+------------+------------+
    |      Variable Name     | Operation| DSP| FF| LUT| Bitwidth P0| Bitwidth P1|
    +------------------------+----------+----+---+----+------------+------------+
    |add_ln796_fu_637_p2     |         +|   0|  0|  16|           9|           9|
    |firstCode_29_fu_924_p2  |         +|   0|  0|  22|          15|           1|
    |i_5_fu_631_p2           |         +|   0|  0|  16|           9|           1|
    |ap_condition_612        |       and|   0|  0|   2|           1|           1|
    |ap_condition_616        |       and|   0|  0|   2|           1|           1|
    |ap_condition_620        |       and|   0|  0|   2|           1|           1|
    |ap_condition_624        |       and|   0|  0|   2|           1|           1|
    |ap_condition_628        |       and|   0|  0|   2|           1|           1|
    |ap_condition_632        |       and|   0|  0|   2|           1|           1|
    |ap_condition_636        |       and|   0|  0|   2|           1|           1|
    |ap_condition_640        |       and|   0|  0|   2|           1|           1|
    |ap_condition_644        |       and|   0|  0|   2|           1|           1|
    |ap_condition_648        |       and|   0|  0|   2|           1|           1|
    |ap_condition_652        |       and|   0|  0|   2|           1|           1|
    |ap_condition_656        |       and|   0|  0|   2|           1|           1|
    |ap_condition_660        |       and|   0|  0|   2|           1|           1|
    |ap_condition_663        |       and|   0|  0|   2|           1|           1|
    |ap_condition_667        |       and|   0|  0|   2|           1|           1|
    |icmp_ln794_fu_625_p2    |      icmp|   0|  0|  16|           9|           9|
    |icmp_ln797_fu_653_p2    |      icmp|   0|  0|  12|           5|           1|
    |ap_enable_pp0           |       xor|   0|  0|   2|           1|           2|
    +------------------------+----------+----+---+----+------------+------------+
    |Total                   |          |   0|  0| 114|          63|          38|
    +------------------------+----------+----+---+----+------------+------------+

    * Multiplexer: 
    +-------------------------+----+-----------+-----+-----------+
    |           Name          | LUT| Input Size| Bits| Total Bits|
    +-------------------------+----+-----------+-----+-----------+
    |ap_done_int              |   9|          2|    1|          2|
    |ap_enable_reg_pp0_iter1  |   9|          2|    1|          2|
    |ap_sig_allocacmp_i       |   9|          2|    9|         18|
    |firstCode_15_fu_172      |   9|          2|   15|         30|
    |firstCode_16_fu_180      |   9|          2|   15|         30|
    |firstCode_17_fu_184      |   9|          2|   15|         30|
    |firstCode_18_fu_188      |   9|          2|   15|         30|
    |firstCode_19_fu_192      |   9|          2|   15|         30|
    |firstCode_20_fu_196      |   9|          2|   15|         30|
    |firstCode_21_fu_200      |   9|          2|   15|         30|
    |firstCode_22_fu_204      |   9|          2|   15|         30|
    |firstCode_23_fu_208      |   9|          2|   15|         30|
    |firstCode_24_fu_212      |   9|          2|   15|         30|
    |firstCode_25_fu_216      |   9|          2|   15|         30|
    |firstCode_26_fu_220      |   9|          2|   15|         30|
    |firstCode_27_fu_224      |   9|          2|   15|         30|
    |firstCode_28_fu_228      |   9|          2|   15|         30|
    |firstCode_fu_176         |   9|          2|   15|         30|
    |i_4_fu_168               |   9|          2|    9|         18|
    +-------------------------+----+-----------+-----+-----------+
    |Total                    | 171|         38|  245|        490|
    +-------------------------+----+-----------+-----+-----------+

    * Register: 
    +-------------------------+----+----+-----+-----------+
    |           Name          | FF | LUT| Bits| Const Bits|
    +-------------------------+----+----+-----+-----------+
    |ap_CS_fsm                |   1|   0|    1|          0|
    |ap_done_reg              |   1|   0|    1|          0|
    |ap_enable_reg_pp0_iter1  |   1|   0|    1|          0|
    |firstCode_15_fu_172      |  15|   0|   15|          0|
    |firstCode_16_fu_180      |  15|   0|   15|          0|
    |firstCode_17_fu_184      |  15|   0|   15|          0|
    |firstCode_18_fu_188      |  15|   0|   15|          0|
    |firstCode_19_fu_192      |  15|   0|   15|          0|
    |firstCode_20_fu_196      |  15|   0|   15|          0|
    |firstCode_21_fu_200      |  15|   0|   15|          0|
    |firstCode_22_fu_204      |  15|   0|   15|          0|
    |firstCode_23_fu_208      |  15|   0|   15|          0|
    |firstCode_24_fu_212      |  15|   0|   15|          0|
    |firstCode_25_fu_216      |  15|   0|   15|          0|
    |firstCode_26_fu_220      |  15|   0|   15|          0|
    |firstCode_27_fu_224      |  15|   0|   15|          0|
    |firstCode_28_fu_228      |  15|   0|   15|          0|
    |firstCode_fu_176         |  15|   0|   15|          0|
    |i_4_fu_168               |   9|   0|    9|          0|
    |i_reg_1132               |   9|   0|    9|          0|
    +-------------------------+----+----+-----+-----------+
    |Total                    | 246|   0|  246|          0|
    +-------------------------+----+----+-----+-----------+



================================================================
== Interface
================================================================
* Summary: 
+---------------------+-----+-----+------------+-----------------------------------------------+--------------+
|      RTL Ports      | Dir | Bits|  Protocol  |                 Source Object                 |    C Type    |
+---------------------+-----+-----+------------+-----------------------------------------------+--------------+
|ap_clk               |   in|    1|  ap_ctrl_hs|  code_generator_array_dyn_new_Pipeline_CodeGen|  return value|
|ap_rst               |   in|    1|  ap_ctrl_hs|  code_generator_array_dyn_new_Pipeline_CodeGen|  return value|
|ap_start             |   in|    1|  ap_ctrl_hs|  code_generator_array_dyn_new_Pipeline_CodeGen|  return value|
|ap_done              |  out|    1|  ap_ctrl_hs|  code_generator_array_dyn_new_Pipeline_CodeGen|  return value|
|ap_idle              |  out|    1|  ap_ctrl_hs|  code_generator_array_dyn_new_Pipeline_CodeGen|  return value|
|ap_ready             |  out|    1|  ap_ctrl_hs|  code_generator_array_dyn_new_Pipeline_CodeGen|  return value|
|firstCode_14_reload  |   in|   15|     ap_none|                            firstCode_14_reload|        scalar|
|firstCode_13_reload  |   in|   15|     ap_none|                            firstCode_13_reload|        scalar|
|firstCode_12_reload  |   in|   15|     ap_none|                            firstCode_12_reload|        scalar|
|firstCode_11_reload  |   in|   15|     ap_none|                            firstCode_11_reload|        scalar|
|firstCode_10_reload  |   in|   15|     ap_none|                            firstCode_10_reload|        scalar|
|firstCode_9_reload   |   in|   15|     ap_none|                             firstCode_9_reload|        scalar|
|firstCode_8_reload   |   in|   15|     ap_none|                             firstCode_8_reload|        scalar|
|firstCode_7_reload   |   in|   15|     ap_none|                             firstCode_7_reload|        scalar|
|firstCode_6_reload   |   in|   15|     ap_none|                             firstCode_6_reload|        scalar|
|firstCode_5_reload   |   in|   15|     ap_none|                             firstCode_5_reload|        scalar|
|firstCode_4_reload   |   in|   15|     ap_none|                             firstCode_4_reload|        scalar|
|firstCode_3_reload   |   in|   15|     ap_none|                             firstCode_3_reload|        scalar|
|firstCode_2_reload   |   in|   15|     ap_none|                             firstCode_2_reload|        scalar|
|firstCode_1_reload   |   in|   15|     ap_none|                             firstCode_1_reload|        scalar|
|firstCode_reload     |   in|   15|     ap_none|                               firstCode_reload|        scalar|
|codes_val            |   in|    9|     ap_none|                                      codes_val|        scalar|
|bl1Codes_address0    |  out|    1|   ap_memory|                                       bl1Codes|         array|
|bl1Codes_ce0         |  out|    1|   ap_memory|                                       bl1Codes|         array|
|bl1Codes_we0         |  out|    1|   ap_memory|                                       bl1Codes|         array|
|bl1Codes_d0          |  out|    9|   ap_memory|                                       bl1Codes|         array|
|bl2Codes_address0    |  out|    2|   ap_memory|                                       bl2Codes|         array|
|bl2Codes_ce0         |  out|    1|   ap_memory|                                       bl2Codes|         array|
|bl2Codes_we0         |  out|    1|   ap_memory|                                       bl2Codes|         array|
|bl2Codes_d0          |  out|    9|   ap_memory|                                       bl2Codes|         array|
|bl3Codes_address0    |  out|    3|   ap_memory|                                       bl3Codes|         array|
|bl3Codes_ce0         |  out|    1|   ap_memory|                                       bl3Codes|         array|
|bl3Codes_we0         |  out|    1|   ap_memory|                                       bl3Codes|         array|
|bl3Codes_d0          |  out|    9|   ap_memory|                                       bl3Codes|         array|
|bl4Codes_address0    |  out|    4|   ap_memory|                                       bl4Codes|         array|
|bl4Codes_ce0         |  out|    1|   ap_memory|                                       bl4Codes|         array|
|bl4Codes_we0         |  out|    1|   ap_memory|                                       bl4Codes|         array|
|bl4Codes_d0          |  out|    9|   ap_memory|                                       bl4Codes|         array|
|bl5Codes_address0    |  out|    5|   ap_memory|                                       bl5Codes|         array|
|bl5Codes_ce0         |  out|    1|   ap_memory|                                       bl5Codes|         array|
|bl5Codes_we0         |  out|    1|   ap_memory|                                       bl5Codes|         array|
|bl5Codes_d0          |  out|    9|   ap_memory|                                       bl5Codes|         array|
|bl6Codes_address0    |  out|    6|   ap_memory|                                       bl6Codes|         array|
|bl6Codes_ce0         |  out|    1|   ap_memory|                                       bl6Codes|         array|
|bl6Codes_we0         |  out|    1|   ap_memory|                                       bl6Codes|         array|
|bl6Codes_d0          |  out|    9|   ap_memory|                                       bl6Codes|         array|
|bl7Codes_address0    |  out|    7|   ap_memory|                                       bl7Codes|         array|
|bl7Codes_ce0         |  out|    1|   ap_memory|                                       bl7Codes|         array|
|bl7Codes_we0         |  out|    1|   ap_memory|                                       bl7Codes|         array|
|bl7Codes_d0          |  out|    9|   ap_memory|                                       bl7Codes|         array|
|bl8Codes_address0    |  out|    8|   ap_memory|                                       bl8Codes|         array|
|bl8Codes_ce0         |  out|    1|   ap_memory|                                       bl8Codes|         array|
|bl8Codes_we0         |  out|    1|   ap_memory|                                       bl8Codes|         array|
|bl8Codes_d0          |  out|    9|   ap_memory|                                       bl8Codes|         array|
|bl9Codes_address0    |  out|    8|   ap_memory|                                       bl9Codes|         array|
|bl9Codes_ce0         |  out|    1|   ap_memory|                                       bl9Codes|         array|
|bl9Codes_we0         |  out|    1|   ap_memory|                                       bl9Codes|         array|
|bl9Codes_d0          |  out|    9|   ap_memory|                                       bl9Codes|         array|
|bl10Codes_address0   |  out|    8|   ap_memory|                                      bl10Codes|         array|
|bl10Codes_ce0        |  out|    1|   ap_memory|                                      bl10Codes|         array|
|bl10Codes_we0        |  out|    1|   ap_memory|                                      bl10Codes|         array|
|bl10Codes_d0         |  out|    9|   ap_memory|                                      bl10Codes|         array|
|bl11Codes_address0   |  out|    8|   ap_memory|                                      bl11Codes|         array|
|bl11Codes_ce0        |  out|    1|   ap_memory|                                      bl11Codes|         array|
|bl11Codes_we0        |  out|    1|   ap_memory|                                      bl11Codes|         array|
|bl11Codes_d0         |  out|    9|   ap_memory|                                      bl11Codes|         array|
|bl12Codes_address0   |  out|    8|   ap_memory|                                      bl12Codes|         array|
|bl12Codes_ce0        |  out|    1|   ap_memory|                                      bl12Codes|         array|
|bl12Codes_we0        |  out|    1|   ap_memory|                                      bl12Codes|         array|
|bl12Codes_d0         |  out|    9|   ap_memory|                                      bl12Codes|         array|
|bl13Codes_address0   |  out|    8|   ap_memory|                                      bl13Codes|         array|
|bl13Codes_ce0        |  out|    1|   ap_memory|                                      bl13Codes|         array|
|bl13Codes_we0        |  out|    1|   ap_memory|                                      bl13Codes|         array|
|bl13Codes_d0         |  out|    9|   ap_memory|                                      bl13Codes|         array|
|bl14Codes_address0   |  out|    8|   ap_memory|                                      bl14Codes|         array|
|bl14Codes_ce0        |  out|    1|   ap_memory|                                      bl14Codes|         array|
|bl14Codes_we0        |  out|    1|   ap_memory|                                      bl14Codes|         array|
|bl14Codes_d0         |  out|    9|   ap_memory|                                      bl14Codes|         array|
|bl15Codes_address0   |  out|    8|   ap_memory|                                      bl15Codes|         array|
|bl15Codes_ce0        |  out|    1|   ap_memory|                                      bl15Codes|         array|
|bl15Codes_we0        |  out|    1|   ap_memory|                                      bl15Codes|         array|
|bl15Codes_d0         |  out|    9|   ap_memory|                                      bl15Codes|         array|
|idx                  |   in|    9|     ap_none|                                            idx|        scalar|
|lens_address0        |  out|    9|   ap_memory|                                           lens|         array|
|lens_ce0             |  out|    1|   ap_memory|                                           lens|         array|
|lens_q0              |   in|    5|   ap_memory|                                           lens|         array|
+---------------------+-----+-----+------------+-----------------------------------------------+--------------+

