

================================================================
== Vitis HLS Report for 'decompressor_kernel'
================================================================
* Date:           Tue Oct  8 21:19:32 2024

* Version:        2022.2 (Build 4023990 on Oct 11 2023)
* Project:        DecompressorProject
* Solution:       solution1 (Vivado IP Flow Target)
* Product family: virtexuplus
* Target device:  xcvu11p-flga2577-1-e


================================================================
== Performance Estimates
================================================================
+ Timing: 
    * Summary: 
    +--------+----------+----------+------------+
    |  Clock |  Target  | Estimated| Uncertainty|
    +--------+----------+----------+------------+
    |ap_clk  |  10.00 ns|  7.260 ns|     2.70 ns|
    +--------+----------+----------+------------+

+ Latency: 
    * Summary: 
    +---------+---------+----------+----------+-----+-----+---------+
    |  Latency (cycles) |  Latency (absolute) |  Interval | Pipeline|
    |   min   |   max   |    min   |    max   | min | max |   Type  |
    +---------+---------+----------+----------+-----+-----+---------+
    |        ?|        ?|         ?|         ?|    ?|    ?|       no|
    +---------+---------+----------+----------+-----+-----+---------+

    + Detail: 
        * Instance: 
        +---------------------------------------------------------+----------------------------------------------+---------+---------+----------+----------+-----+-----+---------+
        |                                                         |                                              |  Latency (cycles) |  Latency (absolute) |  Interval | Pipeline|
        |                         Instance                        |                    Module                    |   min   |   max   |    min   |    max   | min | max |   Type  |
        +---------------------------------------------------------+----------------------------------------------+---------+---------+----------+----------+-----+-----+---------+
        |grp_decompressor_kernel_Pipeline_VITIS_LOOP_39_3_fu_142  |decompressor_kernel_Pipeline_VITIS_LOOP_39_3  |        ?|        ?|         ?|         ?|    ?|    ?|       no|
        |grp_huffmanDecoderLL_2_0_s_fu_147                        |huffmanDecoderLL_2_0_s                        |        ?|        ?|         ?|         ?|    ?|    ?|       no|
        |grp_decompressor_kernel_Pipeline_VITIS_LOOP_64_4_fu_160  |decompressor_kernel_Pipeline_VITIS_LOOP_64_4  |        ?|        ?|         ?|         ?|    ?|    ?|       no|
        |grp_decompressor_kernel_Pipeline_VITIS_LOOP_87_6_fu_168  |decompressor_kernel_Pipeline_VITIS_LOOP_87_6  |        ?|        ?|         ?|         ?|    ?|    ?|       no|
        +---------------------------------------------------------+----------------------------------------------+---------+---------+----------+----------+-----+-----+---------+

        * Loop: 
        +-----------------------------------+---------+---------+----------+-----------+-----------+------+----------+
        |                                   |  Latency (cycles) | Iteration|  Initiation Interval  | Trip |          |
        |             Loop Name             |   min   |   max   |  Latency |  achieved |   target  | Count| Pipelined|
        +-----------------------------------+---------+---------+----------+-----------+-----------+------+----------+
        |- VITIS_LOOP_35_1_VITIS_LOOP_37_2  |        ?|        ?|         ?|          -|          -|  2048|        no|
        +-----------------------------------+---------+---------+----------+-----------+-----------+------+----------+



================================================================
== Utilization Estimates
================================================================
* Summary: 
+---------------------+---------+------+---------+---------+-----+
|         Name        | BRAM_18K|  DSP |    FF   |   LUT   | URAM|
+---------------------+---------+------+---------+---------+-----+
|DSP                  |        -|     -|        -|        -|    -|
|Expression           |        -|     -|        0|     2289|    -|
|FIFO                 |        -|     -|      297|      201|    -|
|Instance             |        0|     -|     3136|    10590|    0|
|Memory               |        -|     -|        -|        -|    -|
|Multiplexer          |        -|     -|        -|      161|    -|
|Register             |        -|     -|       51|        -|    -|
+---------------------+---------+------+---------+---------+-----+
|Total                |        0|     0|     3484|    13241|    0|
+---------------------+---------+------+---------+---------+-----+
|Available SLR        |     1344|  3072|   864000|   432000|  320|
+---------------------+---------+------+---------+---------+-----+
|Utilization SLR (%)  |        0|     0|       ~0|        3|    0|
+---------------------+---------+------+---------+---------+-----+
|Available            |     4032|  9216|  2592000|  1296000|  960|
+---------------------+---------+------+---------+---------+-----+
|Utilization (%)      |        0|     0|       ~0|        1|    0|
+---------------------+---------+------+---------+---------+-----+

+ Detail: 
    * Instance: 
    +---------------------------------------------------------+----------------------------------------------+---------+----+------+-------+-----+
    |                         Instance                        |                    Module                    | BRAM_18K| DSP|  FF  |  LUT  | URAM|
    +---------------------------------------------------------+----------------------------------------------+---------+----+------+-------+-----+
    |grp_decompressor_kernel_Pipeline_VITIS_LOOP_39_3_fu_142  |decompressor_kernel_Pipeline_VITIS_LOOP_39_3  |        0|   0|     2|     22|    0|
    |grp_decompressor_kernel_Pipeline_VITIS_LOOP_64_4_fu_160  |decompressor_kernel_Pipeline_VITIS_LOOP_64_4  |        0|   0|    42|    145|    0|
    |grp_decompressor_kernel_Pipeline_VITIS_LOOP_87_6_fu_168  |decompressor_kernel_Pipeline_VITIS_LOOP_87_6  |        0|   0|     2|     22|    0|
    |grp_huffmanDecoderLL_2_0_s_fu_147                        |huffmanDecoderLL_2_0_s                        |        0|   0|  3090|  10401|    0|
    +---------------------------------------------------------+----------------------------------------------+---------+----+------+-------+-----+
    |Total                                                    |                                              |        0|   0|  3136|  10590|    0|
    +---------------------------------------------------------+----------------------------------------------+---------+----+------+-------+-----+

    * DSP: 
    N/A

    * Memory: 
    N/A

    * FIFO: 
    +-----------------------------+---------+----+----+-----+------+-----+---------+
    |             Name            | BRAM_18K| FF | LUT| URAM| Depth| Bits| Size:D*B|
    +-----------------------------+---------+----+----+-----+------+-----+---------+
    |huffman_eos_stream_fifo_U    |        0|  99|   0|    -|     2|    1|        2|
    |huffman_input_stream_fifo_U  |        0|  99|   0|    -|     2|   16|       32|
    |lz77_output_stream_fifo_U    |        0|  99|   0|    -|     2|   16|       32|
    +-----------------------------+---------+----+----+-----+------+-----+---------+
    |Total                        |        0| 297|   0|    0|     6|   33|       66|
    +-----------------------------+---------+----+----+-----+------+-----+---------+

    * Expression: 
    +-----------------------+----------+----+---+------+------------+------------+
    |     Variable Name     | Operation| DSP| FF|  LUT | Bitwidth P0| Bitwidth P1|
    +-----------------------+----------+----+---+------+------------+------------+
    |add_ln35_fu_192_p2     |         +|   0|  0|    19|          12|           1|
    |j_1_fu_241_p2          |         +|   0|  0|    14|           7|           1|
    |ap_block_state2        |       and|   0|  0|     2|           1|           1|
    |icmp_ln35_fu_186_p2    |      icmp|   0|  0|    20|          12|          13|
    |icmp_ln37_fu_201_p2    |      icmp|   0|  0|    15|           7|           8|
    |icmp_ln94_fu_260_p2    |      icmp|   0|  0|    39|          32|           1|
    |lshr_ln42_fu_231_p2    |      lshr|   0|  0|  2171|        1024|        1024|
    |ap_block_state12       |        or|   0|  0|     2|           1|           1|
    |select_ln35_fu_207_p3  |    select|   0|  0|     7|           1|           1|
    +-----------------------+----------+----+---+------+------------+------------+
    |Total                  |          |   0|  0|  2289|        1097|        1051|
    +-----------------------+----------+----+---+------+------------+------------+

    * Multiplexer: 
    +---------------------------+----+-----------+-----+-----------+
    |            Name           | LUT| Input Size| Bits| Total Bits|
    +---------------------------+----+-----------+-----+-----------+
    |ap_NS_fsm                  |  65|         13|    1|         13|
    |huffman_eos_stream_read    |   9|          2|    1|          2|
    |huffman_input_stream_read  |  14|          3|    1|          3|
    |indvar_flatten_fu_94       |   9|          2|   12|         24|
    |j_fu_90                    |   9|          2|    7|         14|
    |lz77_output_stream_read    |  14|          3|    1|          3|
    |lz77_output_stream_write   |   9|          2|    1|          2|
    |out_eos_blk_n              |   9|          2|    1|          2|
    |out_eos_din                |  14|          3|    1|          3|
    |out_stream_write           |   9|          2|    1|          2|
    +---------------------------+----+-----------+-----+-----------+
    |Total                      | 161|         34|   27|         68|
    +---------------------------+----+-----------+-----+-----------+

    * Register: 
    +----------------------------------------------------------------------+----+----+-----+-----------+
    |                                 Name                                 | FF | LUT| Bits| Const Bits|
    +----------------------------------------------------------------------+----+----+-----+-----------+
    |ap_CS_fsm                                                             |  12|   0|   12|          0|
    |grp_decompressor_kernel_Pipeline_VITIS_LOOP_39_3_fu_142_ap_start_reg  |   1|   0|    1|          0|
    |grp_decompressor_kernel_Pipeline_VITIS_LOOP_64_4_fu_160_ap_start_reg  |   1|   0|    1|          0|
    |grp_decompressor_kernel_Pipeline_VITIS_LOOP_87_6_fu_168_ap_start_reg  |   1|   0|    1|          0|
    |grp_huffmanDecoderLL_2_0_s_fu_147_ap_start_reg                        |   1|   0|    1|          0|
    |indvar_flatten_fu_94                                                  |  12|   0|   12|          0|
    |j_fu_90                                                               |   7|   0|    7|          0|
    |trunc_ln42_1_reg_309                                                  |  16|   0|   16|          0|
    +----------------------------------------------------------------------+----+----+-----+-----------+
    |Total                                                                 |  51|   0|   51|          0|
    +----------------------------------------------------------------------+----+----+-----+-----------+



================================================================
== Interface
================================================================
* Summary: 
+-------------------+-----+------+------------+---------------------+--------------+
|     RTL Ports     | Dir | Bits |  Protocol  |    Source Object    |    C Type    |
+-------------------+-----+------+------------+---------------------+--------------+
|ap_clk             |   in|     1|  ap_ctrl_hs|  decompressor_kernel|  return value|
|ap_rst             |   in|     1|  ap_ctrl_hs|  decompressor_kernel|  return value|
|ap_start           |   in|     1|  ap_ctrl_hs|  decompressor_kernel|  return value|
|ap_done            |  out|     1|  ap_ctrl_hs|  decompressor_kernel|  return value|
|ap_idle            |  out|     1|  ap_ctrl_hs|  decompressor_kernel|  return value|
|ap_ready           |  out|     1|  ap_ctrl_hs|  decompressor_kernel|  return value|
|m_axi_input        |   in|  1024|     ap_none|          m_axi_input|       pointer|
|out_stream_din     |  out|    32|     ap_fifo|           out_stream|       pointer|
|out_stream_full_n  |   in|     1|     ap_fifo|           out_stream|       pointer|
|out_stream_write   |  out|     1|     ap_fifo|           out_stream|       pointer|
|out_eos_din        |  out|     1|     ap_fifo|              out_eos|       pointer|
|out_eos_full_n     |   in|     1|     ap_fifo|              out_eos|       pointer|
|out_eos_write      |  out|     1|     ap_fifo|              out_eos|       pointer|
+-------------------+-----+------+------------+---------------------+--------------+

