

================================================================
== Vitis HLS Report for 'decompressor_kernel_Pipeline_VITIS_LOOP_64_4'
================================================================
* Date:           Tue Oct  8 21:19:32 2024

* Version:        2022.2 (Build 4023990 on Oct 11 2023)
* Project:        DecompressorProject
* Solution:       solution1 (Vivado IP Flow Target)
* Product family: virtexuplus
* Target device:  xcvu11p-flga2577-1-e


================================================================
== Performance Estimates
================================================================
+ Timing: 
    * Summary: 
    +--------+----------+----------+------------+
    |  Clock |  Target  | Estimated| Uncertainty|
    +--------+----------+----------+------------+
    |ap_clk  |  10.00 ns|  4.560 ns|     2.70 ns|
    +--------+----------+----------+------------+

+ Latency: 
    * Summary: 
    +---------+---------+----------+----------+-----+-----+---------+
    |  Latency (cycles) |  Latency (absolute) |  Interval | Pipeline|
    |   min   |   max   |    min   |    max   | min | max |   Type  |
    +---------+---------+----------+----------+-----+-----+---------+
    |        ?|        ?|         ?|         ?|    ?|    ?|       no|
    +---------+---------+----------+----------+-----+-----+---------+

    + Detail: 
        * Instance: 
        N/A

        * Loop: 
        +-------------------+---------+---------+----------+-----------+-----------+------+----------+
        |                   |  Latency (cycles) | Iteration|  Initiation Interval  | Trip |          |
        |     Loop Name     |   min   |   max   |  Latency |  achieved |   target  | Count| Pipelined|
        +-------------------+---------+---------+----------+-----------+-----------+------+----------+
        |- VITIS_LOOP_64_4  |        ?|        ?|         2|          1|          1|     ?|       yes|
        +-------------------+---------+---------+----------+-----------+-----------+------+----------+



================================================================
== Utilization Estimates
================================================================
* Summary: 
+---------------------+---------+------+---------+---------+-----+
|         Name        | BRAM_18K|  DSP |    FF   |   LUT   | URAM|
+---------------------+---------+------+---------+---------+-----+
|DSP                  |        -|     -|        -|        -|    -|
|Expression           |        -|     -|        0|       91|    -|
|FIFO                 |        -|     -|        -|        -|    -|
|Instance             |        -|     -|        -|        -|    -|
|Memory               |        -|     -|        -|        -|    -|
|Multiplexer          |        -|     -|        -|       54|    -|
|Register             |        -|     -|       42|        -|    -|
+---------------------+---------+------+---------+---------+-----+
|Total                |        0|     0|       42|      145|    0|
+---------------------+---------+------+---------+---------+-----+
|Available SLR        |     1344|  3072|   864000|   432000|  320|
+---------------------+---------+------+---------+---------+-----+
|Utilization SLR (%)  |        0|     0|       ~0|       ~0|    0|
+---------------------+---------+------+---------+---------+-----+
|Available            |     4032|  9216|  2592000|  1296000|  960|
+---------------------+---------+------+---------+---------+-----+
|Utilization (%)      |        0|     0|       ~0|       ~0|    0|
+---------------------+---------+------+---------+---------+-----+

+ Detail: 
    * Instance: 
    N/A

    * DSP: 
    N/A

    * Memory: 
    N/A

    * FIFO: 
    N/A

    * Expression: 
    +----------------------------------+----------+----+---+----+------------+------------+
    |           Variable Name          | Operation| DSP| FF| LUT| Bitwidth P0| Bitwidth P1|
    +----------------------------------+----------+----+---+----+------------+------------+
    |decompressed_count_2_fu_103_p2    |         +|   0|  0|  39|          32|           1|
    |ap_block_state1_pp0_stage0_iter0  |       and|   0|  0|   2|           1|           1|
    |tmp_nbreadreq_fu_66_p3            |       and|   0|  0|   2|           1|           0|
    |icmp_ln74_fu_123_p2               |      icmp|   0|  0|  15|           8|           1|
    |icmp_ln78_fu_167_p2               |      icmp|   0|  0|  12|           4|           1|
    |ap_block_pp0_stage0_01001         |        or|   0|  0|   2|           1|           1|
    |or_ln78_fu_173_p2                 |        or|   0|  0|   2|           1|           1|
    |lz77_data_1_fu_129_p3             |    select|   0|  0|   8|           1|           2|
    |select_ln78_fu_179_p3             |    select|   0|  0|   7|           1|           2|
    |ap_enable_pp0                     |       xor|   0|  0|   2|           1|           2|
    +----------------------------------+----------+----+---+----+------------+------------+
    |Total                             |          |   0|  0|  91|          51|          12|
    +----------------------------------+----------+----+---+----+------------+------------+

    * Multiplexer: 
    +---------------------------------------+----+-----------+-----+-----------+
    |                  Name                 | LUT| Input Size| Bits| Total Bits|
    +---------------------------------------+----+-----------+-----+-----------+
    |ap_done_int                            |   9|          2|    1|          2|
    |ap_enable_reg_pp0_iter1                |   9|          2|    1|          2|
    |ap_sig_allocacmp_decompressed_count_1  |   9|          2|   32|         64|
    |decompressed_count_fu_62               |   9|          2|   32|         64|
    |lz77_output_stream_blk_n               |   9|          2|    1|          2|
    |out_stream_blk_n                       |   9|          2|    1|          2|
    +---------------------------------------+----+-----------+-----+-----------+
    |Total                                  |  54|         12|   68|        136|
    +---------------------------------------+----+-----------+-----+-----------+

    * Register: 
    +--------------------------+----+----+-----+-----------+
    |           Name           | FF | LUT| Bits| Const Bits|
    +--------------------------+----+----+-----+-----------+
    |ap_CS_fsm                 |   1|   0|    1|          0|
    |ap_done_reg               |   1|   0|    1|          0|
    |ap_enable_reg_pp0_iter1   |   1|   0|    1|          0|
    |decompressed_count_fu_62  |  32|   0|   32|          0|
    |select_ln78_reg_223       |   7|   0|    7|          0|
    +--------------------------+----+----+-----+-----------+
    |Total                     |  42|   0|   42|          0|
    +--------------------------+----+----+-----+-----------+



================================================================
== Interface
================================================================
* Summary: 
+-------------------------------+-----+-----+------------+----------------------------------------------+--------------+
|           RTL Ports           | Dir | Bits|  Protocol  |                 Source Object                |    C Type    |
+-------------------------------+-----+-----+------------+----------------------------------------------+--------------+
|ap_clk                         |   in|    1|  ap_ctrl_hs|  decompressor_kernel_Pipeline_VITIS_LOOP_64_4|  return value|
|ap_rst                         |   in|    1|  ap_ctrl_hs|  decompressor_kernel_Pipeline_VITIS_LOOP_64_4|  return value|
|ap_start                       |   in|    1|  ap_ctrl_hs|  decompressor_kernel_Pipeline_VITIS_LOOP_64_4|  return value|
|ap_done                        |  out|    1|  ap_ctrl_hs|  decompressor_kernel_Pipeline_VITIS_LOOP_64_4|  return value|
|ap_idle                        |  out|    1|  ap_ctrl_hs|  decompressor_kernel_Pipeline_VITIS_LOOP_64_4|  return value|
|ap_ready                       |  out|    1|  ap_ctrl_hs|  decompressor_kernel_Pipeline_VITIS_LOOP_64_4|  return value|
|lz77_output_stream_dout        |   in|   16|     ap_fifo|                            lz77_output_stream|       pointer|
|lz77_output_stream_empty_n     |   in|    1|     ap_fifo|                            lz77_output_stream|       pointer|
|lz77_output_stream_read        |  out|    1|     ap_fifo|                            lz77_output_stream|       pointer|
|out_stream_din                 |  out|   32|     ap_fifo|                                    out_stream|       pointer|
|out_stream_full_n              |   in|    1|     ap_fifo|                                    out_stream|       pointer|
|out_stream_write               |  out|    1|     ap_fifo|                                    out_stream|       pointer|
|decompressed_count_out         |  out|   32|      ap_vld|                        decompressed_count_out|       pointer|
|decompressed_count_out_ap_vld  |  out|    1|      ap_vld|                        decompressed_count_out|       pointer|
+-------------------------------+-----+-----+------------+----------------------------------------------+--------------+

