

================================================================
== Vitis HLS Report for 'huffmanDecoderLL_2_0_Pipeline_strd_blk_cpy'
================================================================
* Date:           Tue Oct  8 21:19:32 2024

* Version:        2022.2 (Build 4023990 on Oct 11 2023)
* Project:        DecompressorProject
* Solution:       solution1 (Vivado IP Flow Target)
* Product family: virtexuplus
* Target device:  xcvu11p-flga2577-1-e


================================================================
== Performance Estimates
================================================================
+ Timing: 
    * Summary: 
    +--------+----------+----------+------------+
    |  Clock |  Target  | Estimated| Uncertainty|
    +--------+----------+----------+------------+
    |ap_clk  |  10.00 ns|  4.199 ns|     2.70 ns|
    +--------+----------+----------+------------+

+ Latency: 
    * Summary: 
    +---------+---------+-----------+----------+-----+-------+---------+
    |  Latency (cycles) |  Latency (absolute)  |   Interval  | Pipeline|
    |   min   |   max   |    min    |    max   | min |  max  |   Type  |
    +---------+---------+-----------+----------+-----+-------+---------+
    |        3|    65538|  30.000 ns|  0.655 ms|    3|  65538|       no|
    +---------+---------+-----------+----------+-----+-------+---------+

    + Detail: 
        * Instance: 
        N/A

        * Loop: 
        +----------------+---------+---------+----------+-----------+-----------+-----------+----------+
        |                |  Latency (cycles) | Iteration|  Initiation Interval  |    Trip   |          |
        |    Loop Name   |   min   |   max   |  Latency |  achieved |   target  |   Count   | Pipelined|
        +----------------+---------+---------+----------+-----------+-----------+-----------+----------+
        |- strd_blk_cpy  |        1|    65536|         3|          1|          1|  0 ~ 65535|       yes|
        +----------------+---------+---------+----------+-----------+-----------+-----------+----------+



================================================================
== Utilization Estimates
================================================================
* Summary: 
+---------------------+---------+------+---------+---------+-----+
|         Name        | BRAM_18K|  DSP |    FF   |   LUT   | URAM|
+---------------------+---------+------+---------+---------+-----+
|DSP                  |        -|     -|        -|        -|    -|
|Expression           |        -|     -|        0|      219|    -|
|FIFO                 |        -|     -|        -|        -|    -|
|Instance             |        -|     -|        -|        -|    -|
|Memory               |        -|     -|        -|        -|    -|
|Multiplexer          |        -|     -|        -|      109|    -|
|Register             |        -|     -|       69|        -|    -|
+---------------------+---------+------+---------+---------+-----+
|Total                |        0|     0|       69|      328|    0|
+---------------------+---------+------+---------+---------+-----+
|Available SLR        |     1344|  3072|   864000|   432000|  320|
+---------------------+---------+------+---------+---------+-----+
|Utilization SLR (%)  |        0|     0|       ~0|       ~0|    0|
+---------------------+---------+------+---------+---------+-----+
|Available            |     4032|  9216|  2592000|  1296000|  960|
+---------------------+---------+------+---------+---------+-----+
|Utilization (%)      |        0|     0|       ~0|       ~0|    0|
+---------------------+---------+------+---------+---------+-----+

+ Detail: 
    * Instance: 
    N/A

    * DSP: 
    N/A

    * Memory: 
    N/A

    * FIFO: 
    N/A

    * Expression: 
    +----------------------------------+----------+----+---+----+------------+------------+
    |           Variable Name          | Operation| DSP| FF| LUT| Bitwidth P0| Bitwidth P1|
    +----------------------------------+----------+----+---+----+------------+------------+
    |add_ln1041_fu_245_p2              |         +|   0|  0|  13|           6|           5|
    |add_ln1046_fu_273_p2              |         +|   0|  0|  13|           6|           4|
    |i_2_fu_227_p2                     |         +|   0|  0|  23|          16|           1|
    |ap_block_state2_pp0_stage0_iter1  |       and|   0|  0|   2|           1|           1|
    |ap_condition_319                  |       and|   0|  0|   2|           1|           1|
    |ap_condition_322                  |       and|   0|  0|   2|           1|           1|
    |ap_predicate_op34_read_state2     |       and|   0|  0|   2|           1|           1|
    |ap_predicate_op47_read_state3     |       and|   0|  0|   2|           1|           1|
    |icmp_ln1035_fu_221_p2             |      icmp|   0|  0|  23|          16|          16|
    |icmp_ln1042_fu_261_p2             |      icmp|   0|  0|   9|           2|           1|
    |ap_block_pp0_stage0_01001         |        or|   0|  0|   2|           1|           1|
    |ap_block_state3_pp0_stage0_iter2  |        or|   0|  0|   2|           1|           1|
    |or_ln1042_fu_267_p2               |        or|   0|  0|   2|           1|           1|
    |or_ln1044_fu_332_p2               |        or|   0|  0|  24|          24|          24|
    |shl_ln1044_fu_322_p2              |       shl|   0|  0|  96|          31|          31|
    |ap_enable_pp0                     |       xor|   0|  0|   2|           1|           2|
    +----------------------------------+----------+----+---+----+------------+------------+
    |Total                             |          |   0|  0| 219|         110|          92|
    +----------------------------------+----------+----+---+----+------------+------------+

    * Multiplexer: 
    +-----------------------------------------+----+-----------+-----+-----------+
    |                   Name                  | LUT| Input Size| Bits| Total Bits|
    +-----------------------------------------+----+-----------+-----+-----------+
    |ap_done_int                              |   9|          2|    1|          2|
    |ap_enable_reg_pp0_iter2                  |   9|          2|    1|          2|
    |ap_phi_mux_bitbuffer_7339_phi_fu_183_p4  |  14|          3|   31|         93|
    |ap_sig_allocacmp_i_1                     |   9|          2|   16|         32|
    |bitbuffer_6338_fu_108                    |   9|          2|   32|         64|
    |bits_cntr_fu_104                         |  14|          3|    6|         18|
    |done_6_fu_112                            |   9|          2|    1|          2|
    |huffman_eos_stream_blk_n                 |   9|          2|    1|          2|
    |huffman_input_stream_blk_n               |   9|          2|    1|          2|
    |i_fu_100                                 |   9|          2|   16|         32|
    |lz77_output_stream_blk_n                 |   9|          2|    1|          2|
    +-----------------------------------------+----+-----------+-----+-----------+
    |Total                                    | 109|         24|  107|        251|
    +-----------------------------------------+----+-----------+-----+-----------+

    * Register: 
    +-----------------------------------+----+----+-----+-----------+
    |                Name               | FF | LUT| Bits| Const Bits|
    +-----------------------------------+----+----+-----+-----------+
    |add_ln1041_reg_414                 |   6|   0|    6|          0|
    |ap_CS_fsm                          |   1|   0|    1|          0|
    |ap_done_reg                        |   1|   0|    1|          0|
    |ap_enable_reg_pp0_iter1            |   1|   0|    1|          0|
    |ap_enable_reg_pp0_iter2            |   1|   0|    1|          0|
    |ap_loop_exit_ready_pp0_iter1_reg   |   1|   0|    1|          0|
    |bitbuffer_6338_fu_108              |  32|   0|   32|          0|
    |bits_cntr_fu_104                   |   6|   0|    6|          0|
    |done_6_fu_112                      |   1|   0|    1|          0|
    |i_fu_100                           |  16|   0|   16|          0|
    |icmp_ln1035_reg_410                |   1|   0|    1|          0|
    |icmp_ln1035_reg_410_pp0_iter1_reg  |   1|   0|    1|          0|
    |or_ln1042_reg_419                  |   1|   0|    1|          0|
    +-----------------------------------+----+----+-----+-----------+
    |Total                              |  69|   0|   69|          0|
    +-----------------------------------+----+----+-----+-----------+



================================================================
== Interface
================================================================
* Summary: 
+------------------------------+-----+-----+------------+----------------------------------------------+--------------+
|           RTL Ports          | Dir | Bits|  Protocol  |                 Source Object                |    C Type    |
+------------------------------+-----+-----+------------+----------------------------------------------+--------------+
|ap_clk                        |   in|    1|  ap_ctrl_hs|  huffmanDecoderLL<2, 0>_Pipeline_strd_blk_cpy|  return value|
|ap_rst                        |   in|    1|  ap_ctrl_hs|  huffmanDecoderLL<2, 0>_Pipeline_strd_blk_cpy|  return value|
|ap_start                      |   in|    1|  ap_ctrl_hs|  huffmanDecoderLL<2, 0>_Pipeline_strd_blk_cpy|  return value|
|ap_done                       |  out|    1|  ap_ctrl_hs|  huffmanDecoderLL<2, 0>_Pipeline_strd_blk_cpy|  return value|
|ap_idle                       |  out|    1|  ap_ctrl_hs|  huffmanDecoderLL<2, 0>_Pipeline_strd_blk_cpy|  return value|
|ap_ready                      |  out|    1|  ap_ctrl_hs|  huffmanDecoderLL<2, 0>_Pipeline_strd_blk_cpy|  return value|
|huffman_eos_stream_dout       |   in|    1|     ap_fifo|                            huffman_eos_stream|       pointer|
|huffman_eos_stream_empty_n    |   in|    1|     ap_fifo|                            huffman_eos_stream|       pointer|
|huffman_eos_stream_read       |  out|    1|     ap_fifo|                            huffman_eos_stream|       pointer|
|lz77_output_stream_din        |  out|   16|     ap_fifo|                            lz77_output_stream|       pointer|
|lz77_output_stream_full_n     |   in|    1|     ap_fifo|                            lz77_output_stream|       pointer|
|lz77_output_stream_write      |  out|    1|     ap_fifo|                            lz77_output_stream|       pointer|
|huffman_input_stream_dout     |   in|   16|     ap_fifo|                          huffman_input_stream|       pointer|
|huffman_input_stream_empty_n  |   in|    1|     ap_fifo|                          huffman_input_stream|       pointer|
|huffman_input_stream_read     |  out|    1|     ap_fifo|                          huffman_input_stream|       pointer|
|done_25                       |   in|    1|     ap_none|                                       done_25|        scalar|
|bitbuffer_33                  |   in|   32|     ap_none|                                  bitbuffer_33|        scalar|
|bits_cntr_35                  |   in|    6|     ap_none|                                  bits_cntr_35|        scalar|
|empty                         |   in|   16|     ap_none|                                         empty|        scalar|
|done_6_out                    |  out|    1|      ap_vld|                                    done_6_out|       pointer|
|done_6_out_ap_vld             |  out|    1|      ap_vld|                                    done_6_out|       pointer|
|bitbuffer_6338_out            |  out|   32|      ap_vld|                            bitbuffer_6338_out|       pointer|
|bitbuffer_6338_out_ap_vld     |  out|    1|      ap_vld|                            bitbuffer_6338_out|       pointer|
|bits_cntr_5_out               |  out|    6|      ap_vld|                               bits_cntr_5_out|       pointer|
|bits_cntr_5_out_ap_vld        |  out|    1|      ap_vld|                               bits_cntr_5_out|       pointer|
+------------------------------+-----+-----+------------+----------------------------------------------+--------------+

