

================================================================
== Vitis HLS Report for 'huffmanDecoderLL_2_0_Pipeline_dyn_len_bits'
================================================================
* Date:           Tue Oct  8 21:19:31 2024

* Version:        2022.2 (Build 4023990 on Oct 11 2023)
* Project:        DecompressorProject
* Solution:       solution1 (Vivado IP Flow Target)
* Product family: virtexuplus
* Target device:  xcvu11p-flga2577-1-e


================================================================
== Performance Estimates
================================================================
+ Timing: 
    * Summary: 
    +--------+----------+----------+------------+
    |  Clock |  Target  | Estimated| Uncertainty|
    +--------+----------+----------+------------+
    |ap_clk  |  10.00 ns|  6.449 ns|     2.70 ns|
    +--------+----------+----------+------------+

+ Latency: 
    * Summary: 
    +---------+---------+----------+----------+-----+-----+---------+
    |  Latency (cycles) |  Latency (absolute) |  Interval | Pipeline|
    |   min   |   max   |    min   |    max   | min | max |   Type  |
    +---------+---------+----------+----------+-----+-----+---------+
    |        ?|        ?|         ?|         ?|    ?|    ?|       no|
    +---------+---------+----------+----------+-----+-----+---------+

    + Detail: 
        * Instance: 
        +------------------------------------+--------------------+---------+---------+----------+----------+-----+-----+---------+
        |                                    |                    |  Latency (cycles) |  Latency (absolute) |  Interval | Pipeline|
        |              Instance              |       Module       |   min   |   max   |    min   |    max   | min | max |   Type  |
        +------------------------------------+--------------------+---------+---------+----------+----------+-----+-----+---------+
        |call_ret_discardBitStreamLL_fu_213  |discardBitStreamLL  |        0|        0|      0 ns|      0 ns|    1|    1|      yes|
        +------------------------------------+--------------------+---------+---------+----------+----------+-----+-----+---------+

        * Loop: 
        +----------------+---------+---------+----------+-----------+-----------+------+----------+
        |                |  Latency (cycles) | Iteration|  Initiation Interval  | Trip |          |
        |    Loop Name   |   min   |   max   |  Latency |  achieved |   target  | Count| Pipelined|
        +----------------+---------+---------+----------+-----------+-----------+------+----------+
        |- dyn_len_bits  |        ?|        ?|         2|          2|          2|     ?|       yes|
        +----------------+---------+---------+----------+-----------+-----------+------+----------+



================================================================
== Utilization Estimates
================================================================
* Summary: 
+---------------------+---------+------+---------+---------+-----+
|         Name        | BRAM_18K|  DSP |    FF   |   LUT   | URAM|
+---------------------+---------+------+---------+---------+-----+
|DSP                  |        -|     -|        -|        -|    -|
|Expression           |        -|     -|        0|      209|    -|
|FIFO                 |        -|     -|        -|        -|    -|
|Instance             |        -|     -|        -|        -|    -|
|Memory               |        -|     -|        -|        -|    -|
|Multiplexer          |        -|     -|        -|      140|    -|
|Register             |        -|     -|      133|        -|    -|
+---------------------+---------+------+---------+---------+-----+
|Total                |        0|     0|      133|      349|    0|
+---------------------+---------+------+---------+---------+-----+
|Available SLR        |     1344|  3072|   864000|   432000|  320|
+---------------------+---------+------+---------+---------+-----+
|Utilization SLR (%)  |        0|     0|       ~0|       ~0|    0|
+---------------------+---------+------+---------+---------+-----+
|Available            |     4032|  9216|  2592000|  1296000|  960|
+---------------------+---------+------+---------+---------+-----+
|Utilization (%)      |        0|     0|       ~0|       ~0|    0|
+---------------------+---------+------+---------+---------+-----+

+ Detail: 
    * Instance: 
    N/A

    * DSP: 
    N/A

    * Memory: 
    N/A

    * FIFO: 
    N/A

    * Expression: 
    +----------------------------------+----------+----+---+----+------------+------------+
    |           Variable Name          | Operation| DSP| FF| LUT| Bitwidth P0| Bitwidth P1|
    +----------------------------------+----------+----+---+----+------------+------------+
    |add_ln1069_fu_308_p2              |         +|   0|  0|  13|           6|           1|
    |bitbuffer_fu_341_p2               |         +|   0|  0|  39|          32|          32|
    |bits_cntr_fu_347_p2               |         +|   0|  0|  13|           6|           5|
    |dynamic_curInSize_2_fu_272_p2     |         +|   0|  0|  12|           5|           1|
    |ap_block_pp0_stage0_11001         |       and|   0|  0|   2|           1|           1|
    |ap_condition_103                  |       and|   0|  0|   2|           1|           1|
    |ap_condition_332                  |       and|   0|  0|   2|           1|           1|
    |ap_predicate_op44_read_state3     |       and|   0|  0|   2|           1|           1|
    |icmp_ln1069_fu_266_p2             |      icmp|   0|  0|  13|           6|           5|
    |icmp_ln1071_fu_291_p2             |      icmp|   0|  0|   9|           2|           1|
    |ap_block_state3_pp0_stage0_iter1  |        or|   0|  0|   2|           1|           1|
    |or_ln1071_fu_297_p2               |        or|   0|  0|   2|           1|           1|
    |shl_ln1073_fu_331_p2              |       shl|   0|  0|  96|          31|          31|
    |ap_enable_pp0                     |       xor|   0|  0|   2|           1|           2|
    +----------------------------------+----------+----+---+----+------------+------------+
    |Total                             |          |   0|  0| 209|          95|          84|
    +----------------------------------+----------+----+---+----+------------+------------+

    * Multiplexer: 
    +-------------------------------------------+----+-----------+-----+-----------+
    |                    Name                   | LUT| Input Size| Bits| Total Bits|
    +-------------------------------------------+----+-----------+-----+-----------+
    |ap_NS_fsm                                  |  14|          3|    1|          3|
    |ap_done_int                                |   9|          2|    1|          2|
    |ap_enable_reg_pp0_iter0                    |   9|          2|    1|          2|
    |ap_enable_reg_pp0_iter1                    |   9|          2|    1|          2|
    |ap_phi_mux_bitbuffer_10_phi_fu_207_p4      |   9|          2|   32|         64|
    |ap_phi_mux_bits_cntr_8_phi_fu_198_p4       |   9|          2|    6|         12|
    |ap_phi_reg_pp0_iter1_bitbuffer_10_reg_204  |   9|          2|   32|         64|
    |ap_phi_reg_pp0_iter1_bits_cntr_8_reg_195   |   9|          2|    6|         12|
    |bitbuffer_9_fu_100                         |   9|          2|   32|         64|
    |bits_cntr_7_fu_104                         |   9|          2|    6|         12|
    |done_9_fu_108                              |   9|          2|    1|          2|
    |dynamic_curInSize_fu_92                    |   9|          2|    5|         10|
    |huffman_eos_stream_blk_n                   |   9|          2|    1|          2|
    |huffman_input_stream_blk_n                 |   9|          2|    1|          2|
    |indvars_iv3_fu_96                          |   9|          2|    6|         12|
    +-------------------------------------------+----+-----------+-----+-----------+
    |Total                                      | 140|         31|  132|        265|
    +-------------------------------------------+----+-----------+-----+-----------+

    * Register: 
    +-------------------------------------------+----+----+-----+-----------+
    |                    Name                   | FF | LUT| Bits| Const Bits|
    +-------------------------------------------+----+----+-----+-----------+
    |ap_CS_fsm                                  |   2|   0|    2|          0|
    |ap_done_reg                                |   1|   0|    1|          0|
    |ap_enable_reg_pp0_iter0_reg                |   1|   0|    1|          0|
    |ap_enable_reg_pp0_iter1                    |   1|   0|    1|          0|
    |ap_phi_reg_pp0_iter1_bitbuffer_10_reg_204  |  32|   0|   32|          0|
    |ap_phi_reg_pp0_iter1_bits_cntr_8_reg_195   |   6|   0|    6|          0|
    |bitbuffer_9_fu_100                         |  32|   0|   32|          0|
    |bitbuffer_9_load_reg_430                   |  32|   0|   32|          0|
    |bits_cntr_7_fu_104                         |   6|   0|    6|          0|
    |bits_cntr_7_load_reg_436                   |   6|   0|    6|          0|
    |done_9_fu_108                              |   1|   0|    1|          0|
    |dynamic_curInSize_fu_92                    |   5|   0|    5|          0|
    |icmp_ln1069_reg_443                        |   1|   0|    1|          0|
    |indvars_iv3_fu_96                          |   6|   0|    6|          0|
    |or_ln1071_reg_447                          |   1|   0|    1|          0|
    +-------------------------------------------+----+----+-----+-----------+
    |Total                                      | 133|   0|  133|          0|
    +-------------------------------------------+----+----+-----+-----------+



================================================================
== Interface
================================================================
* Summary: 
+------------------------------------------------+-----+-----+------------+----------------------------------------------+--------------+
|                    RTL Ports                   | Dir | Bits|  Protocol  |                 Source Object                |    C Type    |
+------------------------------------------------+-----+-----+------------+----------------------------------------------+--------------+
|ap_clk                                          |   in|    1|  ap_ctrl_hs|  huffmanDecoderLL<2, 0>_Pipeline_dyn_len_bits|  return value|
|ap_rst                                          |   in|    1|  ap_ctrl_hs|  huffmanDecoderLL<2, 0>_Pipeline_dyn_len_bits|  return value|
|ap_start                                        |   in|    1|  ap_ctrl_hs|  huffmanDecoderLL<2, 0>_Pipeline_dyn_len_bits|  return value|
|ap_done                                         |  out|    1|  ap_ctrl_hs|  huffmanDecoderLL<2, 0>_Pipeline_dyn_len_bits|  return value|
|ap_idle                                         |  out|    1|  ap_ctrl_hs|  huffmanDecoderLL<2, 0>_Pipeline_dyn_len_bits|  return value|
|ap_ready                                        |  out|    1|  ap_ctrl_hs|  huffmanDecoderLL<2, 0>_Pipeline_dyn_len_bits|  return value|
|call_ret29_discardBitStreamLL_fu_610_p_din1     |  out|   32|  ap_ctrl_hs|  huffmanDecoderLL<2, 0>_Pipeline_dyn_len_bits|  return value|
|call_ret29_discardBitStreamLL_fu_610_p_din2     |  out|    6|  ap_ctrl_hs|  huffmanDecoderLL<2, 0>_Pipeline_dyn_len_bits|  return value|
|call_ret29_discardBitStreamLL_fu_610_p_din3     |  out|    5|  ap_ctrl_hs|  huffmanDecoderLL<2, 0>_Pipeline_dyn_len_bits|  return value|
|call_ret29_discardBitStreamLL_fu_610_p_dout0_0  |   in|   32|  ap_ctrl_hs|  huffmanDecoderLL<2, 0>_Pipeline_dyn_len_bits|  return value|
|call_ret29_discardBitStreamLL_fu_610_p_dout0_1  |   in|    6|  ap_ctrl_hs|  huffmanDecoderLL<2, 0>_Pipeline_dyn_len_bits|  return value|
|call_ret29_discardBitStreamLL_fu_610_p_ready    |   in|    1|  ap_ctrl_hs|  huffmanDecoderLL<2, 0>_Pipeline_dyn_len_bits|  return value|
|done_26                                         |   in|    1|     ap_none|                                       done_26|        scalar|
|bits_cntr_39                                    |   in|    6|     ap_none|                                  bits_cntr_39|        scalar|
|bitbuffer_37                                    |   in|   32|     ap_none|                                  bitbuffer_37|        scalar|
|zext_ln1069_1                                   |   in|    4|     ap_none|                                 zext_ln1069_1|        scalar|
|dynamic_lens_address0                           |  out|    9|   ap_memory|                                  dynamic_lens|         array|
|dynamic_lens_ce0                                |  out|    1|   ap_memory|                                  dynamic_lens|         array|
|dynamic_lens_we0                                |  out|    1|   ap_memory|                                  dynamic_lens|         array|
|dynamic_lens_d0                                 |  out|    5|   ap_memory|                                  dynamic_lens|         array|
|huffman_input_stream_dout                       |   in|   16|     ap_fifo|                          huffman_input_stream|       pointer|
|huffman_input_stream_empty_n                    |   in|    1|     ap_fifo|                          huffman_input_stream|       pointer|
|huffman_input_stream_read                       |  out|    1|     ap_fifo|                          huffman_input_stream|       pointer|
|huffman_eos_stream_dout                         |   in|    1|     ap_fifo|                            huffman_eos_stream|       pointer|
|huffman_eos_stream_empty_n                      |   in|    1|     ap_fifo|                            huffman_eos_stream|       pointer|
|huffman_eos_stream_read                         |  out|    1|     ap_fifo|                            huffman_eos_stream|       pointer|
|done_9_out                                      |  out|    1|      ap_vld|                                    done_9_out|       pointer|
|done_9_out_ap_vld                               |  out|    1|      ap_vld|                                    done_9_out|       pointer|
|bits_cntr_7_out                                 |  out|    6|      ap_vld|                               bits_cntr_7_out|       pointer|
|bits_cntr_7_out_ap_vld                          |  out|    1|      ap_vld|                               bits_cntr_7_out|       pointer|
|bitbuffer_9_out                                 |  out|   32|      ap_vld|                               bitbuffer_9_out|       pointer|
|bitbuffer_9_out_ap_vld                          |  out|    1|      ap_vld|                               bitbuffer_9_out|       pointer|
|order_address0                                  |  out|    5|   ap_memory|                                         order|         array|
|order_ce0                                       |  out|    1|   ap_memory|                                         order|         array|
|order_q0                                        |   in|    5|   ap_memory|                                         order|         array|
+------------------------------------------------+-----+-----+------------+----------------------------------------------+--------------+

