

================================================================
== Vitis HLS Report for 'huffmanBytegenLL_Pipeline_ByteGen'
================================================================
* Date:           Tue Oct  8 21:19:30 2024

* Version:        2022.2 (Build 4023990 on Oct 11 2023)
* Project:        DecompressorProject
* Solution:       solution1 (Vivado IP Flow Target)
* Product family: virtexuplus
* Target device:  xcvu11p-flga2577-1-e


================================================================
== Performance Estimates
================================================================
+ Timing: 
    * Summary: 
    +--------+----------+----------+------------+
    |  Clock |  Target  | Estimated| Uncertainty|
    +--------+----------+----------+------------+
    |ap_clk  |  10.00 ns|  6.459 ns|     2.70 ns|
    +--------+----------+----------+------------+

+ Latency: 
    * Summary: 
    +---------+---------+----------+----------+-----+-----+---------+
    |  Latency (cycles) |  Latency (absolute) |  Interval | Pipeline|
    |   min   |   max   |    min   |    max   | min | max |   Type  |
    +---------+---------+----------+----------+-----+-----+---------+
    |        ?|        ?|         ?|         ?|    ?|    ?|       no|
    +---------+---------+----------+----------+-----+-----+---------+

    + Detail: 
        * Instance: 
        N/A

        * Loop: 
        +-----------+---------+---------+----------+-----------+-----------+------+----------+
        |           |  Latency (cycles) | Iteration|  Initiation Interval  | Trip |          |
        | Loop Name |   min   |   max   |  Latency |  achieved |   target  | Count| Pipelined|
        +-----------+---------+---------+----------+-----------+-----------+------+----------+
        |- ByteGen  |        ?|        ?|         2|          1|          1|     ?|       yes|
        +-----------+---------+---------+----------+-----------+-----------+------+----------+



================================================================
== Utilization Estimates
================================================================
* Summary: 
+---------------------+---------+------+---------+---------+-----+
|         Name        | BRAM_18K|  DSP |    FF   |   LUT   | URAM|
+---------------------+---------+------+---------+---------+-----+
|DSP                  |        -|     -|        -|        -|    -|
|Expression           |        -|     -|        0|     1437|    -|
|FIFO                 |        -|     -|        -|        -|    -|
|Instance             |        -|     -|        0|      130|    -|
|Memory               |        0|     -|        8|        4|    -|
|Multiplexer          |        -|     -|        -|      175|    -|
|Register             |        -|     -|      137|        -|    -|
+---------------------+---------+------+---------+---------+-----+
|Total                |        0|     0|      145|     1746|    0|
+---------------------+---------+------+---------+---------+-----+
|Available SLR        |     1344|  3072|   864000|   432000|  320|
+---------------------+---------+------+---------+---------+-----+
|Utilization SLR (%)  |        0|     0|       ~0|       ~0|    0|
+---------------------+---------+------+---------+---------+-----+
|Available            |     4032|  9216|  2592000|  1296000|  960|
+---------------------+---------+------+---------+---------+-----+
|Utilization (%)      |        0|     0|       ~0|       ~0|    0|
+---------------------+---------+------+---------+---------+-----+

+ Detail: 
    * Instance: 
    +--------------------------+----------------------+---------+----+---+----+-----+
    |         Instance         |        Module        | BRAM_18K| DSP| FF| LUT| URAM|
    +--------------------------+----------------------+---------+----+---+----+-----+
    |sparsemux_31_4_5_1_1_U28  |sparsemux_31_4_5_1_1  |        0|   0|  0|  65|    0|
    |sparsemux_31_4_9_1_1_U27  |sparsemux_31_4_9_1_1  |        0|   0|  0|  65|    0|
    +--------------------------+----------------------+---------+----+---+----+-----+
    |Total                     |                      |        0|   0|  0| 130|    0|
    +--------------------------+----------------------+---------+----+---+----+-----+

    * DSP: 
    N/A

    * Memory: 
    +--------+----------------------------------------------------+---------+---+----+-----+------+-----+------+-------------+
    | Memory |                       Module                       | BRAM_18K| FF| LUT| URAM| Words| Bits| Banks| W*Bits*Banks|
    +--------+----------------------------------------------------+---------+---+----+-----+------+-----+------+-------------+
    |dext_U  |huffmanBytegenLL_Pipeline_ByteGen_dext_ROM_AUTO_1R  |        0|  4|   2|    0|    32|    4|     1|          128|
    |lext_U  |huffmanBytegenLL_Pipeline_ByteGen_lext_ROM_AUTO_1R  |        0|  4|   2|    0|    32|    4|     1|          128|
    +--------+----------------------------------------------------+---------+---+----+-----+------+-----+------+-------------+
    |Total   |                                                    |        0|  8|   4|    0|    64|    8|     2|          256|
    +--------+----------------------------------------------------+---------+---+----+-----+------+-----+------+-------------+

    * FIFO: 
    N/A

    * Expression: 
    +----------------------------------+----------+----+---+-----+------------+------------+
    |           Variable Name          | Operation| DSP| FF| LUT | Bitwidth P0| Bitwidth P1|
    +----------------------------------+----------+----+---+-----+------------+------------+
    |add_ln382_fu_2507_p2              |         +|   0|  0|   23|          16|           2|
    |counter_2_fu_2868_p2              |         +|   0|  0|   13|           6|           5|
    |counter_1_fu_2740_p2              |         -|   0|  0|   13|           6|           6|
    |and_ln395_1_fu_2660_p2            |       and|   0|  0|    2|           1|           1|
    |and_ln395_fu_2640_p2              |       and|   0|  0|    2|           1|           1|
    |and_ln401_1_fu_2778_p2            |       and|   0|  0|    2|           1|           1|
    |ap_block_pp0_stage0_01001         |       and|   0|  0|    2|           1|           1|
    |ap_condition_1652                 |       and|   0|  0|    2|           1|           1|
    |ap_condition_1655                 |       and|   0|  0|    2|           1|           1|
    |ap_condition_1658                 |       and|   0|  0|    2|           1|           1|
    |ap_condition_1663                 |       and|   0|  0|    2|           1|           1|
    |ap_predicate_op447_read_state2    |       and|   0|  0|    2|           1|           1|
    |huffDone_1_fu_2666_p2             |       and|   0|  0|    2|           1|           1|
    |isExtra_3_fu_2796_p2              |       and|   0|  0|    2|           1|           1|
    |sel_tmp2_fu_2614_p2               |       and|   0|  0|    2|           1|           1|
    |sel_tmp31_fu_2746_p2              |       and|   0|  0|    2|           1|           1|
    |tmpVal_1_fu_2513_p2               |       and|   0|  0|   16|          16|          16|
    |icmp_ln339_10_fu_1478_p2          |      icmp|   0|  0|   23|          16|          16|
    |icmp_ln339_11_fu_1504_p2          |      icmp|   0|  0|   23|          16|          16|
    |icmp_ln339_12_fu_1552_p2          |      icmp|   0|  0|   23|          16|          16|
    |icmp_ln339_13_fu_1578_p2          |      icmp|   0|  0|   23|          16|          16|
    |icmp_ln339_14_fu_1604_p2          |      icmp|   0|  0|   23|          16|          16|
    |icmp_ln339_15_fu_1714_p2          |      icmp|   0|  0|   23|          16|          16|
    |icmp_ln339_16_fu_1726_p2          |      icmp|   0|  0|   23|          16|          16|
    |icmp_ln339_17_fu_1746_p2          |      icmp|   0|  0|   23|          16|          16|
    |icmp_ln339_18_fu_1758_p2          |      icmp|   0|  0|   23|          16|          16|
    |icmp_ln339_19_fu_1796_p2          |      icmp|   0|  0|   23|          16|          16|
    |icmp_ln339_1_fu_1152_p2           |      icmp|   0|  0|   23|          16|          16|
    |icmp_ln339_20_fu_1808_p2          |      icmp|   0|  0|   23|          16|          16|
    |icmp_ln339_21_fu_1828_p2          |      icmp|   0|  0|   23|          16|          16|
    |icmp_ln339_22_fu_1840_p2          |      icmp|   0|  0|   23|          16|          16|
    |icmp_ln339_23_fu_1894_p2          |      icmp|   0|  0|   23|          16|          16|
    |icmp_ln339_24_fu_1906_p2          |      icmp|   0|  0|   23|          16|          16|
    |icmp_ln339_25_fu_1926_p2          |      icmp|   0|  0|   23|          16|          16|
    |icmp_ln339_26_fu_1938_p2          |      icmp|   0|  0|   23|          16|          16|
    |icmp_ln339_27_fu_1972_p2          |      icmp|   0|  0|   23|          16|          16|
    |icmp_ln339_28_fu_1984_p2          |      icmp|   0|  0|   23|          16|          16|
    |icmp_ln339_29_fu_1996_p2          |      icmp|   0|  0|   23|          16|          16|
    |icmp_ln339_2_fu_1186_p2           |      icmp|   0|  0|   23|          16|          16|
    |icmp_ln339_3_fu_1212_p2           |      icmp|   0|  0|   23|          16|          16|
    |icmp_ln339_4_fu_1264_p2           |      icmp|   0|  0|   23|          16|          16|
    |icmp_ln339_5_fu_1290_p2           |      icmp|   0|  0|   23|          16|          16|
    |icmp_ln339_6_fu_1324_p2           |      icmp|   0|  0|   23|          16|          16|
    |icmp_ln339_7_fu_1350_p2           |      icmp|   0|  0|   23|          16|          16|
    |icmp_ln339_8_fu_1418_p2           |      icmp|   0|  0|   23|          16|          16|
    |icmp_ln339_9_fu_1444_p2           |      icmp|   0|  0|   23|          16|          16|
    |icmp_ln339_fu_1126_p2             |      icmp|   0|  0|   23|          16|          16|
    |icmp_ln401_fu_2569_p2             |      icmp|   0|  0|   17|           9|          10|
    |icmp_ln427_fu_2812_p2             |      icmp|   0|  0|    9|           2|           1|
    |isExtra_1_fu_2529_p2              |      icmp|   0|  0|   10|           3|           1|
    |isExtra_2_fu_2590_p2              |      icmp|   0|  0|   12|           5|           4|
    |buffer_1_fu_2731_p2               |      lshr|   0|  0|  100|          32|          32|
    |ap_block_state2_pp0_stage0_iter1  |        or|   0|  0|    2|           1|           1|
    |isDistance_1_fu_2758_p2           |        or|   0|  0|    2|           1|           1|
    |or_ln331_fu_1112_p2               |        or|   0|  0|    2|           1|           1|
    |or_ln339_10_fu_1688_p2            |        or|   0|  0|    2|           1|           1|
    |or_ln339_11_fu_1694_p2            |        or|   0|  0|    2|           1|           1|
    |or_ln339_12_fu_1700_p2            |        or|   0|  0|    2|           1|           1|
    |or_ln339_13_fu_1778_p2            |        or|   0|  0|    2|           1|           1|
    |or_ln339_14_fu_1860_p2            |        or|   0|  0|    2|           1|           1|
    |or_ln339_15_fu_1874_p2            |        or|   0|  0|    2|           1|           1|
    |or_ln339_16_fu_1880_p2            |        or|   0|  0|    2|           1|           1|
    |or_ln339_17_fu_1958_p2            |        or|   0|  0|    2|           1|           1|
    |or_ln339_1_fu_1370_p2             |        or|   0|  0|    2|           1|           1|
    |or_ln339_2_fu_1384_p2             |        or|   0|  0|    2|           1|           1|
    |or_ln339_3_fu_1390_p2             |        or|   0|  0|    2|           1|           1|
    |or_ln339_4_fu_1524_p2             |        or|   0|  0|    2|           1|           1|
    |or_ln339_5_fu_1642_p2             |        or|   0|  0|    2|           1|           1|
    |or_ln339_6_fu_1656_p2             |        or|   0|  0|    2|           1|           1|
    |or_ln339_7_fu_1662_p2             |        or|   0|  0|    2|           1|           1|
    |or_ln339_8_fu_1668_p2             |        or|   0|  0|    2|           1|           1|
    |or_ln339_9_fu_1682_p2             |        or|   0|  0|    2|           1|           1|
    |or_ln339_fu_1232_p2               |        or|   0|  0|    2|           1|           1|
    |or_ln340_1_fu_2016_p2             |        or|   0|  0|    2|           1|           1|
    |or_ln340_fu_1624_p2               |        or|   0|  0|    2|           1|           1|
    |or_ln347_1_fu_2048_p2             |        or|   0|  0|    2|           1|           1|
    |or_ln347_2_fu_2054_p2             |        or|   0|  0|    2|           1|           1|
    |or_ln347_3_fu_2060_p2             |        or|   0|  0|    2|           1|           1|
    |or_ln347_4_fu_2074_p2             |        or|   0|  0|    2|           1|           1|
    |or_ln347_5_fu_2080_p2             |        or|   0|  0|    2|           1|           1|
    |or_ln347_6_fu_2086_p2             |        or|   0|  0|    2|           1|           1|
    |or_ln347_7_fu_2092_p2             |        or|   0|  0|    2|           1|           1|
    |or_ln347_fu_2034_p2               |        or|   0|  0|    2|           1|           1|
    |or_ln395_fu_2654_p2               |        or|   0|  0|    2|           1|           1|
    |or_ln401_2_fu_2772_p2             |        or|   0|  0|    2|           1|           1|
    |or_ln401_3_fu_2784_p2             |        or|   0|  0|    2|           1|           1|
    |or_ln401_fu_2681_p2               |        or|   0|  0|    2|           1|           1|
    |or_ln430_fu_2846_p2               |        or|   0|  0|   31|          31|          31|
    |sel_tmp21_fu_2700_p2              |        or|   0|  0|    2|           1|           1|
    |sel_tmp6_demorgan_fu_2628_p2      |        or|   0|  0|    2|           1|           1|
    |buffer_4_v_fu_2720_p3             |    select|   0|  0|    4|           1|           4|
    |current_bits_7_fu_1706_p3         |    select|   0|  0|    4|           1|           4|
    |current_bits_8_fu_2066_p3         |    select|   0|  0|    4|           1|           4|
    |current_bits_9_fu_2098_p3         |    select|   0|  0|    4|           1|           4|
    |lz77_output_stream_din            |    select|   0|  0|   16|           1|          16|
    |sel_tmp23_v_fu_2713_p3            |    select|   0|  0|    4|           1|           4|
    |sel_tmp42_fu_2764_p3              |    select|   0|  0|    2|           1|           1|
    |select_ln339_10_fu_1964_p3        |    select|   0|  0|    4|           1|           4|
    |select_ln339_11_fu_1302_p3        |    select|   0|  0|    3|           1|           3|
    |select_ln339_13_fu_1738_p3        |    select|   0|  0|    2|           1|           2|
    |select_ln339_14_fu_1820_p3        |    select|   0|  0|    3|           1|           3|
    |select_ln339_1_fu_1376_p3         |    select|   0|  0|    4|           1|           4|
    |select_ln339_2_fu_1396_p3         |    select|   0|  0|    4|           1|           4|
    |select_ln339_3_fu_1530_p3         |    select|   0|  0|    4|           1|           4|
    |select_ln339_4_fu_1648_p3         |    select|   0|  0|    4|           1|           4|
    |select_ln339_5_fu_1674_p3         |    select|   0|  0|    4|           1|           4|
    |select_ln339_6_fu_1164_p3         |    select|   0|  0|    2|           1|           2|
    |select_ln339_7_fu_1784_p3         |    select|   0|  0|    3|           1|           3|
    |select_ln339_8_fu_1866_p3         |    select|   0|  0|    4|           1|           4|
    |select_ln339_9_fu_1886_p3         |    select|   0|  0|    4|           1|           4|
    |select_ln339_fu_1238_p3           |    select|   0|  0|    3|           1|           3|
    |select_ln340_10_fu_2008_p3        |    select|   0|  0|    3|           1|           2|
    |select_ln340_11_fu_2022_p3        |    select|   0|  0|    3|           1|           3|
    |select_ln340_1_fu_1362_p3         |    select|   0|  0|    5|           1|           5|
    |select_ln340_2_fu_1456_p3         |    select|   0|  0|    4|           1|           4|
    |select_ln340_3_fu_1516_p3         |    select|   0|  0|    4|           1|           4|
    |select_ln340_4_fu_1616_p3         |    select|   0|  0|    3|           1|           2|
    |select_ln340_5_fu_1630_p3         |    select|   0|  0|    3|           1|           3|
    |select_ln340_6_fu_1770_p3         |    select|   0|  0|    4|           1|           4|
    |select_ln340_7_fu_1852_p3         |    select|   0|  0|    5|           1|           5|
    |select_ln340_8_fu_1918_p3         |    select|   0|  0|    4|           1|           4|
    |select_ln340_9_fu_1950_p3         |    select|   0|  0|    4|           1|           4|
    |select_ln340_fu_1224_p3           |    select|   0|  0|    4|           1|           4|
    |select_ln347_fu_2040_p3           |    select|   0|  0|    4|           1|           4|
    |select_ln382_fu_2489_p3           |    select|   0|  0|    4|           1|           4|
    |tmpVal_6_fu_2600_p3               |    select|   0|  0|   16|           1|          16|
    |tmpVal_7_fu_2620_p3               |    select|   0|  0|   16|           1|          16|
    |tmpVal_8_fu_2646_p3               |    select|   0|  0|   16|           1|          16|
    |val0_4_fu_2687_p3                 |    select|   0|  0|    5|           1|           5|
    |val1_2_fu_2706_p3                 |    select|   0|  0|    5|           1|           5|
    |shl_ln382_fu_2501_p2              |       shl|   0|  0|   35|           1|          16|
    |shl_ln430_fu_2836_p2              |       shl|   0|  0|   96|          31|          31|
    |ap_enable_pp0                     |       xor|   0|  0|    2|           1|           2|
    |sel_tmp1_fu_2608_p2               |       xor|   0|  0|    2|           1|           2|
    |sel_tmp20_fu_2694_p2              |       xor|   0|  0|    2|           1|           2|
    |sel_tmp6_fu_2634_p2               |       xor|   0|  0|    2|           1|           2|
    |val_10_fu_1484_p2                 |       xor|   0|  0|    2|           1|           2|
    |val_11_fu_1510_p2                 |       xor|   0|  0|    2|           1|           2|
    |val_12_fu_1558_p2                 |       xor|   0|  0|    2|           1|           2|
    |val_13_fu_1584_p2                 |       xor|   0|  0|    2|           1|           2|
    |val_14_fu_1610_p2                 |       xor|   0|  0|    2|           1|           2|
    |val_15_fu_1720_p2                 |       xor|   0|  0|    2|           1|           2|
    |val_16_fu_1732_p2                 |       xor|   0|  0|    2|           1|           2|
    |val_17_fu_1752_p2                 |       xor|   0|  0|    2|           1|           2|
    |val_18_fu_1764_p2                 |       xor|   0|  0|    2|           1|           2|
    |val_19_fu_1802_p2                 |       xor|   0|  0|    2|           1|           2|
    |val_1_fu_1158_p2                  |       xor|   0|  0|    2|           1|           2|
    |val_20_fu_1814_p2                 |       xor|   0|  0|    2|           1|           2|
    |val_21_fu_1834_p2                 |       xor|   0|  0|    2|           1|           2|
    |val_22_fu_1846_p2                 |       xor|   0|  0|    2|           1|           2|
    |val_23_fu_1900_p2                 |       xor|   0|  0|    2|           1|           2|
    |val_24_fu_1912_p2                 |       xor|   0|  0|    2|           1|           2|
    |val_25_fu_1932_p2                 |       xor|   0|  0|    2|           1|           2|
    |val_26_fu_1944_p2                 |       xor|   0|  0|    2|           1|           2|
    |val_27_fu_1978_p2                 |       xor|   0|  0|    2|           1|           2|
    |val_28_fu_1990_p2                 |       xor|   0|  0|    2|           1|           2|
    |val_29_fu_2002_p2                 |       xor|   0|  0|    2|           1|           2|
    |val_2_fu_1192_p2                  |       xor|   0|  0|    2|           1|           2|
    |val_3_fu_1218_p2                  |       xor|   0|  0|    2|           1|           2|
    |val_4_fu_1270_p2                  |       xor|   0|  0|    2|           1|           2|
    |val_5_fu_1296_p2                  |       xor|   0|  0|    2|           1|           2|
    |val_6_fu_1330_p2                  |       xor|   0|  0|    2|           1|           2|
    |val_7_fu_1356_p2                  |       xor|   0|  0|    2|           1|           2|
    |val_8_fu_1424_p2                  |       xor|   0|  0|    2|           1|           2|
    |val_9_fu_1450_p2                  |       xor|   0|  0|    2|           1|           2|
    |val_fu_1132_p2                    |       xor|   0|  0|    2|           1|           2|
    |xor_ln395_1_fu_2547_p2            |       xor|   0|  0|    2|           1|           2|
    |xor_ln401_1_fu_2790_p2            |       xor|   0|  0|    2|           1|           2|
    |xor_ln401_fu_2752_p2              |       xor|   0|  0|    2|           1|           2|
    +----------------------------------+----------+----+---+-----+------------+------------+
    |Total                             |          |   0|  0| 1437|         765|         954|
    +----------------------------------+----------+----+---+-----+------------+------------+

    * Multiplexer: 
    +------------------------------------+----+-----------+-----+-----------+
    |                Name                | LUT| Input Size| Bits| Total Bits|
    +------------------------------------+----+-----------+-----+-----------+
    |ap_done_int                         |   9|          2|    1|          2|
    |ap_enable_reg_pp0_iter1             |   9|          2|    1|          2|
    |ap_phi_mux_done_0_phi_fu_1029_p4    |  14|          3|    1|          3|
    |ap_phi_mux_done_1_phi_fu_1073_p4    |  14|          3|    1|          3|
    |ap_phi_mux_huffDone_phi_fu_1062_p4  |   9|          2|    1|          2|
    |ap_sig_allocacmp_buffer_3           |  20|          4|   32|        128|
    |ap_sig_allocacmp_val0_1             |   9|          2|    5|         10|
    |ap_sig_allocacmp_val1_1             |   9|          2|    5|         10|
    |buffer_fu_342                       |  14|          3|   32|         96|
    |counter_fu_338                      |  14|          3|    6|         18|
    |done_0_reg_1026                     |   9|          2|    1|          2|
    |huffman_eos_stream_blk_n            |   9|          2|    1|          2|
    |huffman_input_stream_blk_n          |   9|          2|    1|          2|
    |isDistance_reg_1037                 |   9|          2|    1|          2|
    |isExtra_reg_1048                    |   9|          2|    1|          2|
    |lz77_output_stream_blk_n            |   9|          2|    1|          2|
    +------------------------------------+----+-----------+-----+-----------+
    |Total                               | 175|         38|   91|        286|
    +------------------------------------+----+-----------+-----+-----------+

    * Register: 
    +--------------------------------+----+----+-----+-----------+
    |              Name              | FF | LUT| Bits| Const Bits|
    +--------------------------------+----+----+-----+-----------+
    |ap_CS_fsm                       |   1|   0|    1|          0|
    |ap_done_reg                     |   1|   0|    1|          0|
    |ap_enable_reg_pp0_iter1         |   1|   0|    1|          0|
    |buffer_3_reg_2955               |  32|   0|   32|          0|
    |buffer_fu_342                   |  32|   0|   32|          0|
    |counter_fu_338                  |   6|   0|    6|          0|
    |current_bits_1_fu_362           |   4|   0|    4|          0|
    |current_bits_7_reg_2975         |   4|   0|    4|          0|
    |current_bits_9_reg_2981         |   4|   0|    4|          0|
    |current_bits_fu_358             |   4|   0|    4|          0|
    |done_0_reg_1026                 |   1|   0|    1|          0|
    |ignoreValue_cast_cast_reg_2950  |   8|   0|    8|          0|
    |isDistance_reg_1037             |   1|   0|    1|          0|
    |isExtra_reg_1048                |   1|   0|    1|          0|
    |or_ln331_reg_2971               |   1|   0|    1|          0|
    |tmpVal_fu_354                   |  16|   0|   16|          0|
    |val0_1_reg_2966                 |   5|   0|    5|          0|
    |val0_fu_350                     |   5|   0|    5|          0|
    |val1_1_reg_2961                 |   5|   0|    5|          0|
    |val1_fu_346                     |   5|   0|    5|          0|
    +--------------------------------+----+----+-----+-----------+
    |Total                           | 137|   0|  137|          0|
    +--------------------------------+----+----+-----+-----------+



================================================================
== Interface
================================================================
* Summary: 
+------------------------------+-----+-----+------------+-----------------------------------+--------------+
|           RTL Ports          | Dir | Bits|  Protocol  |           Source Object           |    C Type    |
+------------------------------+-----+-----+------------+-----------------------------------+--------------+
|ap_clk                        |   in|    1|  ap_ctrl_hs|  huffmanBytegenLL_Pipeline_ByteGen|  return value|
|ap_rst                        |   in|    1|  ap_ctrl_hs|  huffmanBytegenLL_Pipeline_ByteGen|  return value|
|ap_start                      |   in|    1|  ap_ctrl_hs|  huffmanBytegenLL_Pipeline_ByteGen|  return value|
|ap_done                       |  out|    1|  ap_ctrl_hs|  huffmanBytegenLL_Pipeline_ByteGen|  return value|
|ap_idle                       |  out|    1|  ap_ctrl_hs|  huffmanBytegenLL_Pipeline_ByteGen|  return value|
|ap_ready                      |  out|    1|  ap_ctrl_hs|  huffmanBytegenLL_Pipeline_ByteGen|  return value|
|lz77_output_stream_din        |  out|   16|     ap_fifo|                 lz77_output_stream|       pointer|
|lz77_output_stream_full_n     |   in|    1|     ap_fifo|                 lz77_output_stream|       pointer|
|lz77_output_stream_write      |  out|    1|     ap_fifo|                 lz77_output_stream|       pointer|
|huffman_input_stream_dout     |   in|   16|     ap_fifo|               huffman_input_stream|       pointer|
|huffman_input_stream_empty_n  |   in|    1|     ap_fifo|               huffman_input_stream|       pointer|
|huffman_input_stream_read     |  out|    1|     ap_fifo|               huffman_input_stream|       pointer|
|huffman_eos_stream_dout       |   in|    1|     ap_fifo|                 huffman_eos_stream|       pointer|
|huffman_eos_stream_empty_n    |   in|    1|     ap_fifo|                 huffman_eos_stream|       pointer|
|huffman_eos_stream_read       |  out|    1|     ap_fifo|                 huffman_eos_stream|       pointer|
|p_read2                       |   in|    1|     ap_none|                            p_read2|        scalar|
|p_bitbuffer_read              |   in|   32|     ap_none|                   p_bitbuffer_read|        scalar|
|bits_cntr_read                |   in|    6|     ap_none|                     bits_cntr_read|        scalar|
|codeOffsets_0_load            |   in|   16|     ap_none|                 codeOffsets_0_load|        scalar|
|codeOffsets_0_load_1          |   in|   16|     ap_none|               codeOffsets_0_load_1|        scalar|
|codeOffsets_0_load_2          |   in|   16|     ap_none|               codeOffsets_0_load_2|        scalar|
|codeOffsets_0_load_3          |   in|   16|     ap_none|               codeOffsets_0_load_3|        scalar|
|codeOffsets_0_load_4          |   in|   16|     ap_none|               codeOffsets_0_load_4|        scalar|
|codeOffsets_0_load_5          |   in|   16|     ap_none|               codeOffsets_0_load_5|        scalar|
|codeOffsets_0_load_6          |   in|   16|     ap_none|               codeOffsets_0_load_6|        scalar|
|codeOffsets_0_load_7          |   in|   16|     ap_none|               codeOffsets_0_load_7|        scalar|
|codeOffsets_0_load_8          |   in|   16|     ap_none|               codeOffsets_0_load_8|        scalar|
|codeOffsets_0_load_9          |   in|   16|     ap_none|               codeOffsets_0_load_9|        scalar|
|codeOffsets_0_load_10         |   in|   16|     ap_none|              codeOffsets_0_load_10|        scalar|
|codeOffsets_0_load_11         |   in|   16|     ap_none|              codeOffsets_0_load_11|        scalar|
|codeOffsets_0_load_12         |   in|   16|     ap_none|              codeOffsets_0_load_12|        scalar|
|codeOffsets_0_load_13         |   in|   16|     ap_none|              codeOffsets_0_load_13|        scalar|
|codeOffsets_0_load_14         |   in|   16|     ap_none|              codeOffsets_0_load_14|        scalar|
|codeOffsets_1_load            |   in|   16|     ap_none|                 codeOffsets_1_load|        scalar|
|codeOffsets_1_load_1          |   in|   16|     ap_none|               codeOffsets_1_load_1|        scalar|
|codeOffsets_1_load_2          |   in|   16|     ap_none|               codeOffsets_1_load_2|        scalar|
|codeOffsets_1_load_3          |   in|   16|     ap_none|               codeOffsets_1_load_3|        scalar|
|codeOffsets_1_load_4          |   in|   16|     ap_none|               codeOffsets_1_load_4|        scalar|
|codeOffsets_1_load_5          |   in|   16|     ap_none|               codeOffsets_1_load_5|        scalar|
|codeOffsets_1_load_6          |   in|   16|     ap_none|               codeOffsets_1_load_6|        scalar|
|codeOffsets_1_load_7          |   in|   16|     ap_none|               codeOffsets_1_load_7|        scalar|
|codeOffsets_1_load_8          |   in|   16|     ap_none|               codeOffsets_1_load_8|        scalar|
|codeOffsets_1_load_9          |   in|   16|     ap_none|               codeOffsets_1_load_9|        scalar|
|codeOffsets_1_load_10         |   in|   16|     ap_none|              codeOffsets_1_load_10|        scalar|
|codeOffsets_1_load_11         |   in|   16|     ap_none|              codeOffsets_1_load_11|        scalar|
|codeOffsets_1_load_12         |   in|   16|     ap_none|              codeOffsets_1_load_12|        scalar|
|codeOffsets_1_load_13         |   in|   16|     ap_none|              codeOffsets_1_load_13|        scalar|
|codeOffsets_1_load_14         |   in|   16|     ap_none|              codeOffsets_1_load_14|        scalar|
|bl1Codes_0_address0           |  out|    1|   ap_memory|                         bl1Codes_0|         array|
|bl1Codes_0_ce0                |  out|    1|   ap_memory|                         bl1Codes_0|         array|
|bl1Codes_0_q0                 |   in|    9|   ap_memory|                         bl1Codes_0|         array|
|bl1Codes_1_address0           |  out|    1|   ap_memory|                         bl1Codes_1|         array|
|bl1Codes_1_ce0                |  out|    1|   ap_memory|                         bl1Codes_1|         array|
|bl1Codes_1_q0                 |   in|    9|   ap_memory|                         bl1Codes_1|         array|
|bl2Codes_0_address0           |  out|    2|   ap_memory|                         bl2Codes_0|         array|
|bl2Codes_0_ce0                |  out|    1|   ap_memory|                         bl2Codes_0|         array|
|bl2Codes_0_q0                 |   in|    9|   ap_memory|                         bl2Codes_0|         array|
|bl2Codes_1_address0           |  out|    2|   ap_memory|                         bl2Codes_1|         array|
|bl2Codes_1_ce0                |  out|    1|   ap_memory|                         bl2Codes_1|         array|
|bl2Codes_1_q0                 |   in|    9|   ap_memory|                         bl2Codes_1|         array|
|bl3Codes_0_address0           |  out|    3|   ap_memory|                         bl3Codes_0|         array|
|bl3Codes_0_ce0                |  out|    1|   ap_memory|                         bl3Codes_0|         array|
|bl3Codes_0_q0                 |   in|    9|   ap_memory|                         bl3Codes_0|         array|
|bl3Codes_1_address0           |  out|    3|   ap_memory|                         bl3Codes_1|         array|
|bl3Codes_1_ce0                |  out|    1|   ap_memory|                         bl3Codes_1|         array|
|bl3Codes_1_q0                 |   in|    9|   ap_memory|                         bl3Codes_1|         array|
|bl4Codes_0_address0           |  out|    4|   ap_memory|                         bl4Codes_0|         array|
|bl4Codes_0_ce0                |  out|    1|   ap_memory|                         bl4Codes_0|         array|
|bl4Codes_0_q0                 |   in|    9|   ap_memory|                         bl4Codes_0|         array|
|bl4Codes_1_address0           |  out|    4|   ap_memory|                         bl4Codes_1|         array|
|bl4Codes_1_ce0                |  out|    1|   ap_memory|                         bl4Codes_1|         array|
|bl4Codes_1_q0                 |   in|    9|   ap_memory|                         bl4Codes_1|         array|
|bl5Codes_0_address0           |  out|    5|   ap_memory|                         bl5Codes_0|         array|
|bl5Codes_0_ce0                |  out|    1|   ap_memory|                         bl5Codes_0|         array|
|bl5Codes_0_q0                 |   in|    9|   ap_memory|                         bl5Codes_0|         array|
|bl5Codes_1_address0           |  out|    5|   ap_memory|                         bl5Codes_1|         array|
|bl5Codes_1_ce0                |  out|    1|   ap_memory|                         bl5Codes_1|         array|
|bl5Codes_1_q0                 |   in|    9|   ap_memory|                         bl5Codes_1|         array|
|bl6Codes_0_address0           |  out|    6|   ap_memory|                         bl6Codes_0|         array|
|bl6Codes_0_ce0                |  out|    1|   ap_memory|                         bl6Codes_0|         array|
|bl6Codes_0_q0                 |   in|    9|   ap_memory|                         bl6Codes_0|         array|
|bl6Codes_1_address0           |  out|    6|   ap_memory|                         bl6Codes_1|         array|
|bl6Codes_1_ce0                |  out|    1|   ap_memory|                         bl6Codes_1|         array|
|bl6Codes_1_q0                 |   in|    9|   ap_memory|                         bl6Codes_1|         array|
|bl7Codes_0_address0           |  out|    7|   ap_memory|                         bl7Codes_0|         array|
|bl7Codes_0_ce0                |  out|    1|   ap_memory|                         bl7Codes_0|         array|
|bl7Codes_0_q0                 |   in|    9|   ap_memory|                         bl7Codes_0|         array|
|bl7Codes_1_address0           |  out|    7|   ap_memory|                         bl7Codes_1|         array|
|bl7Codes_1_ce0                |  out|    1|   ap_memory|                         bl7Codes_1|         array|
|bl7Codes_1_q0                 |   in|    9|   ap_memory|                         bl7Codes_1|         array|
|bl8Codes_0_address0           |  out|    8|   ap_memory|                         bl8Codes_0|         array|
|bl8Codes_0_ce0                |  out|    1|   ap_memory|                         bl8Codes_0|         array|
|bl8Codes_0_q0                 |   in|    9|   ap_memory|                         bl8Codes_0|         array|
|bl8Codes_1_address0           |  out|    8|   ap_memory|                         bl8Codes_1|         array|
|bl8Codes_1_ce0                |  out|    1|   ap_memory|                         bl8Codes_1|         array|
|bl8Codes_1_q0                 |   in|    9|   ap_memory|                         bl8Codes_1|         array|
|bl9Codes_0_address0           |  out|    8|   ap_memory|                         bl9Codes_0|         array|
|bl9Codes_0_ce0                |  out|    1|   ap_memory|                         bl9Codes_0|         array|
|bl9Codes_0_q0                 |   in|    9|   ap_memory|                         bl9Codes_0|         array|
|bl9Codes_1_address0           |  out|    8|   ap_memory|                         bl9Codes_1|         array|
|bl9Codes_1_ce0                |  out|    1|   ap_memory|                         bl9Codes_1|         array|
|bl9Codes_1_q0                 |   in|    9|   ap_memory|                         bl9Codes_1|         array|
|bl10Codes_0_address0          |  out|    8|   ap_memory|                        bl10Codes_0|         array|
|bl10Codes_0_ce0               |  out|    1|   ap_memory|                        bl10Codes_0|         array|
|bl10Codes_0_q0                |   in|    9|   ap_memory|                        bl10Codes_0|         array|
|bl10Codes_1_address0          |  out|    8|   ap_memory|                        bl10Codes_1|         array|
|bl10Codes_1_ce0               |  out|    1|   ap_memory|                        bl10Codes_1|         array|
|bl10Codes_1_q0                |   in|    9|   ap_memory|                        bl10Codes_1|         array|
|bl11Codes_0_address0          |  out|    8|   ap_memory|                        bl11Codes_0|         array|
|bl11Codes_0_ce0               |  out|    1|   ap_memory|                        bl11Codes_0|         array|
|bl11Codes_0_q0                |   in|    9|   ap_memory|                        bl11Codes_0|         array|
|bl11Codes_1_address0          |  out|    8|   ap_memory|                        bl11Codes_1|         array|
|bl11Codes_1_ce0               |  out|    1|   ap_memory|                        bl11Codes_1|         array|
|bl11Codes_1_q0                |   in|    9|   ap_memory|                        bl11Codes_1|         array|
|bl12Codes_0_address0          |  out|    8|   ap_memory|                        bl12Codes_0|         array|
|bl12Codes_0_ce0               |  out|    1|   ap_memory|                        bl12Codes_0|         array|
|bl12Codes_0_q0                |   in|    9|   ap_memory|                        bl12Codes_0|         array|
|bl12Codes_1_address0          |  out|    8|   ap_memory|                        bl12Codes_1|         array|
|bl12Codes_1_ce0               |  out|    1|   ap_memory|                        bl12Codes_1|         array|
|bl12Codes_1_q0                |   in|    9|   ap_memory|                        bl12Codes_1|         array|
|bl13Codes_0_address0          |  out|    8|   ap_memory|                        bl13Codes_0|         array|
|bl13Codes_0_ce0               |  out|    1|   ap_memory|                        bl13Codes_0|         array|
|bl13Codes_0_q0                |   in|    9|   ap_memory|                        bl13Codes_0|         array|
|bl13Codes_1_address0          |  out|    8|   ap_memory|                        bl13Codes_1|         array|
|bl13Codes_1_ce0               |  out|    1|   ap_memory|                        bl13Codes_1|         array|
|bl13Codes_1_q0                |   in|    9|   ap_memory|                        bl13Codes_1|         array|
|bl14Codes_0_address0          |  out|    8|   ap_memory|                        bl14Codes_0|         array|
|bl14Codes_0_ce0               |  out|    1|   ap_memory|                        bl14Codes_0|         array|
|bl14Codes_0_q0                |   in|    9|   ap_memory|                        bl14Codes_0|         array|
|bl14Codes_1_address0          |  out|    8|   ap_memory|                        bl14Codes_1|         array|
|bl14Codes_1_ce0               |  out|    1|   ap_memory|                        bl14Codes_1|         array|
|bl14Codes_1_q0                |   in|    9|   ap_memory|                        bl14Codes_1|         array|
|bl15Codes_0_address0          |  out|    8|   ap_memory|                        bl15Codes_0|         array|
|bl15Codes_0_ce0               |  out|    1|   ap_memory|                        bl15Codes_0|         array|
|bl15Codes_0_q0                |   in|    9|   ap_memory|                        bl15Codes_0|         array|
|bl15Codes_1_address0          |  out|    8|   ap_memory|                        bl15Codes_1|         array|
|bl15Codes_1_ce0               |  out|    1|   ap_memory|                        bl15Codes_1|         array|
|bl15Codes_1_q0                |   in|    9|   ap_memory|                        bl15Codes_1|         array|
|ignoreValue_cast              |   in|    3|     ap_none|                   ignoreValue_cast|        scalar|
|done_0_out                    |  out|    1|      ap_vld|                         done_0_out|       pointer|
|done_0_out_ap_vld             |  out|    1|      ap_vld|                         done_0_out|       pointer|
|buffer_out                    |  out|   32|      ap_vld|                         buffer_out|       pointer|
|buffer_out_ap_vld             |  out|    1|      ap_vld|                         buffer_out|       pointer|
|counter_out                   |  out|    6|      ap_vld|                        counter_out|       pointer|
|counter_out_ap_vld            |  out|    1|      ap_vld|                        counter_out|       pointer|
+------------------------------+-----+-----+------------+-----------------------------------+--------------+

