

================================================================
== Vitis HLS Report for 'huffmanDecoderLL_2_0_Pipeline_read_fname'
================================================================
* Date:           Tue Oct  8 21:19:30 2024

* Version:        2022.2 (Build 4023990 on Oct 11 2023)
* Project:        DecompressorProject
* Solution:       solution1 (Vivado IP Flow Target)
* Product family: virtexuplus
* Target device:  xcvu11p-flga2577-1-e


================================================================
== Performance Estimates
================================================================
+ Timing: 
    * Summary: 
    +--------+----------+----------+------------+
    |  Clock |  Target  | Estimated| Uncertainty|
    +--------+----------+----------+------------+
    |ap_clk  |  10.00 ns|  5.808 ns|     2.70 ns|
    +--------+----------+----------+------------+

+ Latency: 
    * Summary: 
    +---------+---------+----------+----------+-----+-----+---------+
    |  Latency (cycles) |  Latency (absolute) |  Interval | Pipeline|
    |   min   |   max   |    min   |    max   | min | max |   Type  |
    +---------+---------+----------+----------+-----+-----+---------+
    |        ?|        ?|         ?|         ?|    ?|    ?|       no|
    +---------+---------+----------+----------+-----+-----+---------+

    + Detail: 
        * Instance: 
        N/A

        * Loop: 
        +--------------+---------+---------+----------+-----------+-----------+------+----------+
        |              |  Latency (cycles) | Iteration|  Initiation Interval  | Trip |          |
        |   Loop Name  |   min   |   max   |  Latency |  achieved |   target  | Count| Pipelined|
        +--------------+---------+---------+----------+-----------+-----------+------+----------+
        |- read_fname  |        ?|        ?|         1|          1|          1|     ?|       yes|
        +--------------+---------+---------+----------+-----------+-----------+------+----------+



================================================================
== Utilization Estimates
================================================================
* Summary: 
+---------------------+---------+------+---------+---------+-----+
|         Name        | BRAM_18K|  DSP |    FF   |   LUT   | URAM|
+---------------------+---------+------+---------+---------+-----+
|DSP                  |        -|     -|        -|        -|    -|
|Expression           |        -|     -|        0|      184|    -|
|FIFO                 |        -|     -|        -|        -|    -|
|Instance             |        -|     -|        -|        -|    -|
|Memory               |        -|     -|        -|        -|    -|
|Multiplexer          |        -|     -|        -|       91|    -|
|Register             |        -|     -|       50|        -|    -|
+---------------------+---------+------+---------+---------+-----+
|Total                |        0|     0|       50|      275|    0|
+---------------------+---------+------+---------+---------+-----+
|Available SLR        |     1344|  3072|   864000|   432000|  320|
+---------------------+---------+------+---------+---------+-----+
|Utilization SLR (%)  |        0|     0|       ~0|       ~0|    0|
+---------------------+---------+------+---------+---------+-----+
|Available            |     4032|  9216|  2592000|  1296000|  960|
+---------------------+---------+------+---------+---------+-----+
|Utilization (%)      |        0|     0|       ~0|       ~0|    0|
+---------------------+---------+------+---------+---------+-----+

+ Detail: 
    * Instance: 
    N/A

    * DSP: 
    N/A

    * Memory: 
    N/A

    * FIFO: 
    N/A

    * Expression: 
    +----------------------------------+----------+----+---+----+------------+------------+
    |           Variable Name          | Operation| DSP| FF| LUT| Bitwidth P0| Bitwidth P1|
    +----------------------------------+----------+----+---+----+------------+------------+
    |bits_cntr_2_fu_289_p2             |         +|   0|  0|  13|           6|           4|
    |bits_cntr_fu_218_p2               |         +|   0|  0|  13|           6|           5|
    |ap_block_pp0_stage0_01001         |       and|   0|  0|   2|           1|           1|
    |ap_condition_259                  |       and|   0|  0|   2|           1|           1|
    |ap_condition_262                  |       and|   0|  0|   2|           1|           1|
    |ap_predicate_op33_read_state2     |       and|   0|  0|   2|           1|           1|
    |icmp_ln987_fu_209_p2              |      icmp|   0|  0|  15|           8|           1|
    |icmp_ln993_fu_234_p2              |      icmp|   0|  0|   9|           2|           1|
    |ap_block_state2_pp0_stage0_iter1  |        or|   0|  0|   2|           1|           1|
    |or_ln993_fu_240_p2                |        or|   0|  0|   2|           1|           1|
    |or_ln995_fu_264_p2                |        or|   0|  0|  24|          24|          24|
    |shl_ln995_fu_254_p2               |       shl|   0|  0|  96|          31|          31|
    |ap_enable_pp0                     |       xor|   0|  0|   2|           1|           2|
    +----------------------------------+----------+----+---+----+------------+------------+
    |Total                             |          |   0|  0| 184|          84|          74|
    +----------------------------------+----------+----+---+----+------------+------------+

    * Multiplexer: 
    +-----------------------------------------+----+-----------+-----+-----------+
    |                   Name                  | LUT| Input Size| Bits| Total Bits|
    +-----------------------------------------+----+-----------+-----+-----------+
    |ap_done_int                              |   9|          2|    1|          2|
    |ap_enable_reg_pp0_iter1                  |   9|          2|    1|          2|
    |ap_phi_mux_bitbuffer_2334_phi_fu_158_p4  |  14|          3|   31|         93|
    |bitbuffer_1333_fu_86                     |   9|          2|   32|         64|
    |bits_cntr_1340_fu_90                     |  14|          3|    6|         18|
    |done_1346_fu_94                          |   9|          2|    1|          2|
    |huffman_eos_stream_blk_n                 |   9|          2|    1|          2|
    |huffman_input_stream_blk_n               |   9|          2|    1|          2|
    |lcl_tmp_fu_82                            |   9|          2|    8|         16|
    +-----------------------------------------+----+-----------+-----+-----------+
    |Total                                    |  91|         20|   82|        201|
    +-----------------------------------------+----+-----------+-----+-----------+

    * Register: 
    +-------------------------+----+----+-----+-----------+
    |           Name          | FF | LUT| Bits| Const Bits|
    +-------------------------+----+----+-----+-----------+
    |ap_CS_fsm                |   1|   0|    1|          0|
    |ap_done_reg              |   1|   0|    1|          0|
    |ap_enable_reg_pp0_iter1  |   1|   0|    1|          0|
    |bitbuffer_1333_fu_86     |  32|   0|   32|          0|
    |bits_cntr_1340_fu_90     |   6|   0|    6|          0|
    |done_1346_fu_94          |   1|   0|    1|          0|
    |lcl_tmp_fu_82            |   8|   0|    8|          0|
    +-------------------------+----+----+-----+-----------+
    |Total                    |  50|   0|   50|          0|
    +-------------------------+----+----+-----+-----------+



================================================================
== Interface
================================================================
* Summary: 
+------------------------------+-----+-----+------------+--------------------------------------------+--------------+
|           RTL Ports          | Dir | Bits|  Protocol  |                Source Object               |    C Type    |
+------------------------------+-----+-----+------------+--------------------------------------------+--------------+
|ap_clk                        |   in|    1|  ap_ctrl_hs|  huffmanDecoderLL<2, 0>_Pipeline_read_fname|  return value|
|ap_rst                        |   in|    1|  ap_ctrl_hs|  huffmanDecoderLL<2, 0>_Pipeline_read_fname|  return value|
|ap_start                      |   in|    1|  ap_ctrl_hs|  huffmanDecoderLL<2, 0>_Pipeline_read_fname|  return value|
|ap_done                       |  out|    1|  ap_ctrl_hs|  huffmanDecoderLL<2, 0>_Pipeline_read_fname|  return value|
|ap_idle                       |  out|    1|  ap_ctrl_hs|  huffmanDecoderLL<2, 0>_Pipeline_read_fname|  return value|
|ap_ready                      |  out|    1|  ap_ctrl_hs|  huffmanDecoderLL<2, 0>_Pipeline_read_fname|  return value|
|huffman_input_stream_dout     |   in|   16|     ap_fifo|                        huffman_input_stream|       pointer|
|huffman_input_stream_empty_n  |   in|    1|     ap_fifo|                        huffman_input_stream|       pointer|
|huffman_input_stream_read     |  out|    1|     ap_fifo|                        huffman_input_stream|       pointer|
|huffman_eos_stream_dout       |   in|    1|     ap_fifo|                          huffman_eos_stream|       pointer|
|huffman_eos_stream_empty_n    |   in|    1|     ap_fifo|                          huffman_eos_stream|       pointer|
|huffman_eos_stream_read       |  out|    1|     ap_fifo|                          huffman_eos_stream|       pointer|
|done_17                       |   in|    1|     ap_none|                                     done_17|        scalar|
|bits_cntr_16                  |   in|    6|     ap_none|                                bits_cntr_16|        scalar|
|bitbuffer_15                  |   in|   32|     ap_none|                                bitbuffer_15|        scalar|
|bitbuffer_14                  |   in|    8|     ap_none|                                bitbuffer_14|        scalar|
|done_1346_out                 |  out|    1|      ap_vld|                               done_1346_out|       pointer|
|done_1346_out_ap_vld          |  out|    1|      ap_vld|                               done_1346_out|       pointer|
|bits_cntr_1340_out            |  out|    6|      ap_vld|                          bits_cntr_1340_out|       pointer|
|bits_cntr_1340_out_ap_vld     |  out|    1|      ap_vld|                          bits_cntr_1340_out|       pointer|
|bitbuffer_1333_out            |  out|   32|      ap_vld|                          bitbuffer_1333_out|       pointer|
|bitbuffer_1333_out_ap_vld     |  out|    1|      ap_vld|                          bitbuffer_1333_out|       pointer|
+------------------------------+-----+-----+------------+--------------------------------------------+--------------+

