

================================================================
== Vitis HLS Report for 'loadBitStreamLL'
================================================================
* Date:           Tue Oct  8 21:19:30 2024

* Version:        2022.2 (Build 4023990 on Oct 11 2023)
* Project:        DecompressorProject
* Solution:       solution1 (Vivado IP Flow Target)
* Product family: virtexuplus
* Target device:  xcvu11p-flga2577-1-e


================================================================
== Performance Estimates
================================================================
+ Timing: 
    * Summary: 
    +--------+----------+----------+------------+
    |  Clock |  Target  | Estimated| Uncertainty|
    +--------+----------+----------+------------+
    |ap_clk  |  10.00 ns|  5.479 ns|     2.70 ns|
    +--------+----------+----------+------------+

+ Latency: 
    * Summary: 
    +---------+---------+----------+----------+-----+-----+---------+
    |  Latency (cycles) |  Latency (absolute) |  Interval | Pipeline|
    |   min   |   max   |    min   |    max   | min | max |   Type  |
    +---------+---------+----------+----------+-----+-----+---------+
    |        0|        0|      0 ns|      0 ns|    0|    0|       no|
    +---------+---------+----------+----------+-----+-----+---------+

    + Detail: 
        * Instance: 
        N/A

        * Loop: 
        N/A



================================================================
== Utilization Estimates
================================================================
* Summary: 
+---------------------+---------+------+---------+---------+-----+
|         Name        | BRAM_18K|  DSP |    FF   |   LUT   | URAM|
+---------------------+---------+------+---------+---------+-----+
|DSP                  |        -|     -|        -|        -|    -|
|Expression           |        -|     -|        0|      161|    -|
|FIFO                 |        -|     -|        -|        -|    -|
|Instance             |        -|     -|        -|        -|    -|
|Memory               |        -|     -|        -|        -|    -|
|Multiplexer          |        -|     -|        -|       87|    -|
|Register             |        -|     -|       40|        -|    -|
+---------------------+---------+------+---------+---------+-----+
|Total                |        0|     0|       40|      248|    0|
+---------------------+---------+------+---------+---------+-----+
|Available SLR        |     1344|  3072|   864000|   432000|  320|
+---------------------+---------+------+---------+---------+-----+
|Utilization SLR (%)  |        0|     0|       ~0|       ~0|    0|
+---------------------+---------+------+---------+---------+-----+
|Available            |     4032|  9216|  2592000|  1296000|  960|
+---------------------+---------+------+---------+---------+-----+
|Utilization (%)      |        0|     0|       ~0|       ~0|    0|
+---------------------+---------+------+---------+---------+-----+

+ Detail: 
    * Instance: 
    N/A

    * DSP: 
    N/A

    * Memory: 
    N/A

    * FIFO: 
    N/A

    * Expression: 
    +---------------------+----------+----+---+----+------------+------------+
    |    Variable Name    | Operation| DSP| FF| LUT| Bitwidth P0| Bitwidth P1|
    +---------------------+----------+----+---+----+------------+------------+
    |add_ln60_fu_159_p2   |         +|   0|  0|  39|          32|          32|
    |add_ln62_fu_166_p2   |         +|   0|  0|  13|           6|           5|
    |icmp_ln57_fu_129_p2  |      icmp|   0|  0|   9|           2|           1|
    |ap_block_state1      |        or|   0|  0|   2|           1|           1|
    |or_ln57_fu_135_p2    |        or|   0|  0|   2|           1|           1|
    |shl_ln60_fu_149_p2   |       shl|   0|  0|  96|          31|          31|
    +---------------------+----------+----+---+----+------------+------------+
    |Total                |          |   0|  0| 161|          73|          71|
    +---------------------+----------+----+---+----+------------+------------+

    * Multiplexer: 
    +--------------------------------------+----+-----------+-----+-----------+
    |                 Name                 | LUT| Input Size| Bits| Total Bits|
    +--------------------------------------+----+-----------+-----+-----------+
    |ap_phi_mux_bitbuffer_0_phi_fu_112_p4  |  14|          3|   32|         96|
    |ap_phi_mux_phi_ln64_1_phi_fu_101_p4   |  14|          3|    1|          3|
    |ap_phi_mux_phi_ln64_phi_fu_91_p4      |  14|          3|    6|         18|
    |ap_return_0                           |   9|          2|   32|         64|
    |ap_return_1                           |   9|          2|    6|         12|
    |ap_return_2                           |   9|          2|    1|          2|
    |huffman_eos_stream_blk_n              |   9|          2|    1|          2|
    |huffman_input_stream_blk_n            |   9|          2|    1|          2|
    +--------------------------------------+----+-----------+-----+-----------+
    |Total                                 |  87|         19|   80|        199|
    +--------------------------------------+----+-----------+-----+-----------+

    * Register: 
    +------------------+----+----+-----+-----------+
    |       Name       | FF | LUT| Bits| Const Bits|
    +------------------+----+----+-----+-----------+
    |ap_CS_fsm         |   1|   0|    1|          0|
    |ap_return_0_preg  |  32|   0|   32|          0|
    |ap_return_1_preg  |   6|   0|    6|          0|
    |ap_return_2_preg  |   1|   0|    1|          0|
    +------------------+----+----+-----+-----------+
    |Total             |  40|   0|   40|          0|
    +------------------+----+----+-----+-----------+



================================================================
== Interface
================================================================
* Summary: 
+------------------------------+-----+-----+------------+----------------------+--------------+
|           RTL Ports          | Dir | Bits|  Protocol  |     Source Object    |    C Type    |
+------------------------------+-----+-----+------------+----------------------+--------------+
|ap_clk                        |   in|    1|  ap_ctrl_hs|       loadBitStreamLL|  return value|
|ap_rst                        |   in|    1|  ap_ctrl_hs|       loadBitStreamLL|  return value|
|ap_start                      |   in|    1|  ap_ctrl_hs|       loadBitStreamLL|  return value|
|ap_done                       |  out|    1|  ap_ctrl_hs|       loadBitStreamLL|  return value|
|ap_idle                       |  out|    1|  ap_ctrl_hs|       loadBitStreamLL|  return value|
|ap_ready                      |  out|    1|  ap_ctrl_hs|       loadBitStreamLL|  return value|
|ap_return_0                   |  out|   32|  ap_ctrl_hs|       loadBitStreamLL|  return value|
|ap_return_1                   |  out|    6|  ap_ctrl_hs|       loadBitStreamLL|  return value|
|ap_return_2                   |  out|    1|  ap_ctrl_hs|       loadBitStreamLL|  return value|
|huffman_input_stream_blk_n    |  out|    1|  ap_ctrl_hs|       loadBitStreamLL|  return value|
|huffman_eos_stream_blk_n      |  out|    1|  ap_ctrl_hs|       loadBitStreamLL|  return value|
|bitbuffer_read                |   in|   32|     ap_none|        bitbuffer_read|        scalar|
|bits_cntr_read_2              |   in|    6|     ap_none|      bits_cntr_read_2|        scalar|
|bits_cntr_read                |   in|    6|     ap_none|        bits_cntr_read|        scalar|
|huffman_input_stream_dout     |   in|   16|     ap_fifo|  huffman_input_stream|       pointer|
|huffman_input_stream_empty_n  |   in|    1|     ap_fifo|  huffman_input_stream|       pointer|
|huffman_input_stream_read     |  out|    1|     ap_fifo|  huffman_input_stream|       pointer|
|huffman_eos_stream_dout       |   in|    1|     ap_fifo|    huffman_eos_stream|       pointer|
|huffman_eos_stream_empty_n    |   in|    1|     ap_fifo|    huffman_eos_stream|       pointer|
|huffman_eos_stream_read       |  out|    1|     ap_fifo|    huffman_eos_stream|       pointer|
|done_read_2                   |   in|    1|     ap_none|           done_read_2|        scalar|
|done_read                     |   in|    1|     ap_none|             done_read|        scalar|
+------------------------------+-----+-----+------------+----------------------+--------------+

